#
# There is insufficient memory for the Java Runtime Environment to continue.
# Native memory allocation (malloc) failed to allocate 1048576 bytes. Error detail: AllocateHeap
# Possible reasons:
#   The system is out of physical RAM or swap space
#   This process is running with CompressedOops enabled, and the Java Heap may be blocking the growth of the native heap
# Possible solutions:
#   Reduce memory load on the system
#   Increase physical memory or swap space
#   Check if swap backing store is full
#   Decrease Java heap size (-Xmx/-Xms)
#   Decrease number of Java threads
#   Decrease Java thread stack sizes (-Xss)
#   Set larger code cache with -XX:ReservedCodeCacheSize=
#   JVM is running with Unscaled Compressed Oops mode in which the Java heap is
#     placed in the first 4GB address space. The Java Heap base address is the
#     maximum limit for the native heap growth. Please use -XX:HeapBaseMinAddress
#     to set the Java Heap base and to place the Java Heap above 4GB virtual address.
# This output file may be truncated or incomplete.
#
#  Out of Memory Error (allocation.cpp:44), pid=7908, tid=8732
#
# JRE version: OpenJDK Runtime Environment Temurin-21.0.8+9 (21.0.8+9) (build 21.0.8+9-LTS)
# Java VM: OpenJDK 64-Bit Server VM Temurin-21.0.8+9 (21.0.8+9-LTS, mixed mode, sharing, tiered, compressed oops, compressed class ptrs, parallel gc, windows-amd64)
# No core dump will be written. Minidumps are not enabled by default on client versions of Windows
#

---------------  S U M M A R Y ------------

Command Line: --add-modules=ALL-SYSTEM --add-opens=java.base/java.util=ALL-UNNAMED --add-opens=java.base/java.lang=ALL-UNNAMED --add-opens=java.base/sun.nio.fs=ALL-UNNAMED -Declipse.application=org.eclipse.jdt.ls.core.id1 -Dosgi.bundles.defaultStartLevel=4 -Declipse.product=org.eclipse.jdt.ls.core.product -Djava.import.generatesMetadataFilesAtProjectRoot=false -DDetectVMInstallationsJob.disabled=true -Dfile.encoding=utf8 -XX:+UseParallelGC -XX:GCTimeRatio=4 -XX:AdaptiveSizePolicyWeight=90 -Dsun.zip.disableMemoryMapping=true -Xmx2G -Xms100m -Xlog:disable -javaagent:c:\Users\ABC\.vscode\extensions\redhat.java-1.47.0-win32-x64\lombok\lombok-1.18.39-4050.jar -XX:+HeapDumpOnOutOfMemoryError -XX:HeapDumpPath=c:\Users\ABC\AppData\Roaming\Code\User\workspaceStorage\09900b7bbfc0595375470d97b0339163\redhat.java -Daether.dependencyCollector.impl=bf c:\Users\ABC\.vscode\extensions\redhat.java-1.47.0-win32-x64\server\plugins\org.eclipse.equinox.launcher_1.7.100.v20251014-1222.jar -configuration c:\Users\ABC\AppData\Roaming\Code\User\globalStorage\redhat.java\1.47.0\config_win -data c:\Users\ABC\AppData\Roaming\Code\User\workspaceStorage\09900b7bbfc0595375470d97b0339163\redhat.java\jdt_ws --pipe=\\.\pipe\lsp-729dbc6c3d41650fab67ab8d79628be0-sock

Host: 11th Gen Intel(R) Core(TM) i5-11300H @ 3.10GHz, 8 cores, 7G,  Windows 11 , 64 bit Build 26100 (10.0.26100.7019)
Time: Sat Nov  1 12:58:38 2025 SE Asia Standard Time elapsed time: 4670.454406 seconds (0d 1h 17m 50s)

---------------  T H R E A D  ---------------

Current thread (0x000001858b1c9b20):  JavaThread "Attach Listener" daemon [_thread_in_vm, id=8732, stack(0x0000004119700000,0x0000004119800000) (1024K)]

Stack: [0x0000004119700000,0x0000004119800000]
Native frames: (J=compiled Java code, j=interpreted, Vv=VM code, C=native code)
V  [jvm.dll+0x6d2449]
V  [jvm.dll+0x8ae341]
V  [jvm.dll+0x8b08be]
V  [jvm.dll+0x8b0fa3]
V  [jvm.dll+0x280c96]
V  [jvm.dll+0xc0347]
V  [jvm.dll+0x6d2cf9]
V  [jvm.dll+0x131116]
V  [jvm.dll+0x3f2d16]
V  [jvm.dll+0x857e6b]
V  [jvm.dll+0x6d0b0d]
C  [ucrtbase.dll+0x37b0]
C  [KERNEL32.DLL+0x2e8d7]
C  [ntdll.dll+0x8c53c]


---------------  P R O C E S S  ---------------

Threads class SMR info:
_java_thread_list=0x0000018597ddbcc0, length=41, elements={
0x000001853132a5a0, 0x00000185336499d0, 0x000001853364a7e0, 0x000001858b1c8ed0,
0x000001858b1c9b20, 0x000001858b1cbbb0, 0x000001858b1cf920, 0x000001858b1d8300,
0x000001858b1fa310, 0x000001858ca32520, 0x000001858cc7d220, 0x00000185917ab920,
0x000001859178a7f0, 0x00000185918e5c10, 0x00000185918e6640, 0x0000018591d3c5d0,
0x000001859198eca0, 0x0000018591fbe500, 0x0000018592197c50, 0x0000018592191b60,
0x00000185921942c0, 0x00000185921935a0, 0x00000185921921f0, 0x0000018592192880,
0x0000018593997150, 0x0000018593996ac0, 0x0000018593998500, 0x00000185939977e0,
0x0000018593998b90, 0x0000018593995da0, 0x0000018593999220, 0x00000185939998b0,
0x0000018593996430, 0x00000185945b0030, 0x00000185945b06c0, 0x0000018594a75190,
0x0000018594a75820, 0x0000018594a73750, 0x0000018593a2a2d0, 0x0000018593a2aff0,
0x0000018593a28200
}

Java Threads: ( => current thread )
  0x000001853132a5a0 JavaThread "main"                              [_thread_blocked, id=5368, stack(0x0000004119000000,0x0000004119100000) (1024K)]
  0x00000185336499d0 JavaThread "Reference Handler"          daemon [_thread_blocked, id=12012, stack(0x0000004119400000,0x0000004119500000) (1024K)]
  0x000001853364a7e0 JavaThread "Finalizer"                  daemon [_thread_blocked, id=11560, stack(0x0000004119500000,0x0000004119600000) (1024K)]
  0x000001858b1c8ed0 JavaThread "Signal Dispatcher"          daemon [_thread_blocked, id=5760, stack(0x0000004119600000,0x0000004119700000) (1024K)]
=>0x000001858b1c9b20 JavaThread "Attach Listener"            daemon [_thread_in_vm, id=8732, stack(0x0000004119700000,0x0000004119800000) (1024K)]
  0x000001858b1cbbb0 JavaThread "Service Thread"             daemon [_thread_blocked, id=21364, stack(0x0000004119800000,0x0000004119900000) (1024K)]
  0x000001858b1cf920 JavaThread "Monitor Deflation Thread"   daemon [_thread_blocked, id=11188, stack(0x0000004119900000,0x0000004119a00000) (1024K)]
  0x000001858b1d8300 JavaThread "C2 CompilerThread0"         daemon [_thread_blocked, id=2960, stack(0x0000004119a00000,0x0000004119b00000) (1024K)]
  0x000001858b1fa310 JavaThread "C1 CompilerThread0"         daemon [_thread_blocked, id=18312, stack(0x0000004119b00000,0x0000004119c00000) (1024K)]
  0x000001858ca32520 JavaThread "Common-Cleaner"             daemon [_thread_blocked, id=2392, stack(0x0000004119c00000,0x0000004119d00000) (1024K)]
  0x000001858cc7d220 JavaThread "Notification Thread"        daemon [_thread_blocked, id=11340, stack(0x0000004119d00000,0x0000004119e00000) (1024K)]
  0x00000185917ab920 JavaThread "Active Thread: Equinox Container: 1434d303-0b02-4cb6-a39f-a668b77a2bbe"        [_thread_blocked, id=19880, stack(0x000000411a600000,0x000000411a700000) (1024K)]
  0x000001859178a7f0 JavaThread "Refresh Thread: Equinox Container: 1434d303-0b02-4cb6-a39f-a668b77a2bbe" daemon [_thread_blocked, id=5692, stack(0x000000411a700000,0x000000411a800000) (1024K)]
  0x00000185918e5c10 JavaThread "Framework Event Dispatcher: Equinox Container: 1434d303-0b02-4cb6-a39f-a668b77a2bbe" daemon [_thread_blocked, id=11484, stack(0x000000411a900000,0x000000411aa00000) (1024K)]
  0x00000185918e6640 JavaThread "Start Level: Equinox Container: 1434d303-0b02-4cb6-a39f-a668b77a2bbe" daemon [_thread_blocked, id=15644, stack(0x000000411aa00000,0x000000411ab00000) (1024K)]
  0x0000018591d3c5d0 JavaThread "Bundle File Closer"         daemon [_thread_blocked, id=19228, stack(0x000000411ab00000,0x000000411ac00000) (1024K)]
  0x000001859198eca0 JavaThread "SCR Component Actor"        daemon [_thread_blocked, id=15548, stack(0x000000411ac00000,0x000000411ad00000) (1024K)]
  0x0000018591fbe500 JavaThread "Worker-JM"                         [_thread_blocked, id=21668, stack(0x000000411ad00000,0x000000411ae00000) (1024K)]
  0x0000018592197c50 JavaThread "JNA Cleaner"                daemon [_thread_blocked, id=7380, stack(0x0000004119e00000,0x0000004119f00000) (1024K)]
  0x0000018592191b60 JavaThread "Worker-0"                          [_thread_blocked, id=15480, stack(0x0000004119f00000,0x000000411a000000) (1024K)]
  0x00000185921942c0 JavaThread "Java indexing"              daemon [_thread_blocked, id=11624, stack(0x000000411b000000,0x000000411b100000) (1024K)]
  0x00000185921935a0 JavaThread "Thread-1"                   daemon [_thread_in_native, id=21848, stack(0x000000411b700000,0x000000411b800000) (1024K)]
  0x00000185921921f0 JavaThread "Thread-2"                   daemon [_thread_in_native, id=15012, stack(0x000000411b800000,0x000000411b900000) (1024K)]
  0x0000018592192880 JavaThread "Thread-3"                   daemon [_thread_in_native, id=8844, stack(0x000000411b900000,0x000000411ba00000) (1024K)]
  0x0000018593997150 JavaThread "Thread-4"                   daemon [_thread_in_native, id=15896, stack(0x000000411ba00000,0x000000411bb00000) (1024K)]
  0x0000018593996ac0 JavaThread "Thread-5"                   daemon [_thread_in_native, id=20684, stack(0x000000411bb00000,0x000000411bc00000) (1024K)]
  0x0000018593998500 JavaThread "Thread-6"                   daemon [_thread_in_native, id=17736, stack(0x000000411bc00000,0x000000411bd00000) (1024K)]
  0x00000185939977e0 JavaThread "Thread-7"                   daemon [_thread_in_native, id=9420, stack(0x000000411bd00000,0x000000411be00000) (1024K)]
  0x0000018593998b90 JavaThread "Thread-8"                   daemon [_thread_in_native, id=7416, stack(0x000000411be00000,0x000000411bf00000) (1024K)]
  0x0000018593995da0 JavaThread "Thread-9"                   daemon [_thread_in_native, id=21732, stack(0x000000411bf00000,0x000000411c000000) (1024K)]
  0x0000018593999220 JavaThread "pool-2-thread-1"                   [_thread_blocked, id=3432, stack(0x000000411c000000,0x000000411c100000) (1024K)]
  0x00000185939998b0 JavaThread "WorkspaceEventsHandler"            [_thread_blocked, id=8456, stack(0x000000411c100000,0x000000411c200000) (1024K)]
  0x0000018593996430 JavaThread "pool-1-thread-1"                   [_thread_blocked, id=1128, stack(0x000000411c200000,0x000000411c300000) (1024K)]
  0x00000185945b0030 JavaThread "Cleaner-0"                  daemon [_thread_blocked, id=8604, stack(0x000000411e200000,0x000000411e300000) (1024K)]
  0x00000185945b06c0 JavaThread "Java Debug Server"          daemon [_thread_in_native, id=20416, stack(0x000000411e300000,0x000000411e400000) (1024K)]
  0x0000018594a75190 JavaThread "RxSchedulerPurge-1"         daemon [_thread_blocked, id=4616, stack(0x000000411e500000,0x000000411e600000) (1024K)]
  0x0000018594a75820 JavaThread "RxCachedWorkerPoolEvictor-1" daemon [_thread_blocked, id=6044, stack(0x000000411e600000,0x000000411e700000) (1024K)]
  0x0000018594a73750 JavaThread "Worker-6"                          [_thread_blocked, id=3500, stack(0x0000004118f00000,0x0000004119000000) (1024K)]
  0x0000018593a2a2d0 JavaThread "pool-7-thread-4"                   [_thread_in_native, id=10972, stack(0x000000411cf00000,0x000000411d000000) (1024K)]
  0x0000018593a2aff0 JavaThread "RxNewThreadScheduler-9"     daemon [_thread_blocked, id=19796, stack(0x000000411d000000,0x000000411d100000) (1024K)]
  0x0000018593a28200 JavaThread "process reaper (pid 11456)" daemon [_thread_in_native, id=9572, stack(0x00000041189b0000,0x00000041189d0000) (128K)]
Total: 41

Other Threads:
  0x000001858b1c1de0 VMThread "VM Thread"                           [id=12364, stack(0x0000004119300000,0x0000004119400000) (1024K)]
  0x00000185335fafc0 WatcherThread "VM Periodic Task Thread"        [id=21188, stack(0x0000004119200000,0x0000004119300000) (1024K)]
  0x00000185335ac9b0 WorkerThread "GC Thread#0"                     [id=2004, stack(0x0000004119100000,0x0000004119200000) (1024K)]
  0x0000018591427020 WorkerThread "GC Thread#1"                     [id=416, stack(0x000000411a000000,0x000000411a100000) (1024K)]
  0x000001859150e060 WorkerThread "GC Thread#2"                     [id=17952, stack(0x000000411a100000,0x000000411a200000) (1024K)]
  0x000001859150e400 WorkerThread "GC Thread#3"                     [id=18284, stack(0x000000411a200000,0x000000411a300000) (1024K)]
  0x00000185914273c0 WorkerThread "GC Thread#4"                     [id=17572, stack(0x000000411a300000,0x000000411a400000) (1024K)]
  0x0000018591427760 WorkerThread "GC Thread#5"                     [id=12160, stack(0x000000411a400000,0x000000411a500000) (1024K)]
  0x0000018591427b00 WorkerThread "GC Thread#6"                     [id=11488, stack(0x000000411a500000,0x000000411a600000) (1024K)]
  0x000001859156e1f0 WorkerThread "GC Thread#7"                     [id=13968, stack(0x000000411a800000,0x000000411a900000) (1024K)]
Total: 10

Threads with active compile tasks:
Total: 0

VM state: not at safepoint (normal execution)

VM Mutex/Monitor currently owned by a thread: None

Heap address: 0x0000000080000000, size: 2048 MB, Compressed Oops mode: 32-bit

CDS archive(s) mapped at: [0x000001854a000000-0x000001854aba0000-0x000001854aba0000), size 12189696, SharedBaseAddress: 0x000001854a000000, ArchiveRelocationMode: 1.
Compressed class space mapped at: 0x000001854b000000-0x000001858b000000, reserved size: 1073741824
Narrow klass base: 0x000001854a000000, Narrow klass shift: 0, Narrow klass range: 0x100000000

GC Precious Log:
 CardTable entry size: 512
 CPUs: 8 total, 8 available
 Memory: 7934M
 Large Page Support: Disabled
 NUMA Support: Disabled
 Compressed Oops: Enabled (32-bit)
 Alignments: Space 512K, Generation 512K, Heap 2M
 Heap Min Capacity: 100M
 Heap Initial Capacity: 100M
 Heap Max Capacity: 2G
 Pre-touch: Disabled
 Parallel Workers: 8

Heap:
 PSYoungGen      total 3584K, used 1157K [0x00000000d5580000, 0x00000000d5b80000, 0x0000000100000000)
  eden space 2560K, 37% used [0x00000000d5580000,0x00000000d5671528,0x00000000d5800000)
  from space 1024K, 18% used [0x00000000d5980000,0x00000000d59b0000,0x00000000d5a80000)
  to   space 512K, 0% used [0x00000000d5b00000,0x00000000d5b00000,0x00000000d5b80000)
 ParOldGen       total 386560K, used 266396K [0x0000000080000000, 0x0000000097980000, 0x00000000d5580000)
  object space 386560K, 68% used [0x0000000080000000,0x0000000090427250,0x0000000097980000)
 Metaspace       used 88046K, committed 89856K, reserved 1179648K
  class space    used 9236K, committed 10048K, reserved 1048576K

Card table byte_map: [0x0000018532f30000,0x0000018533340000] _byte_map_base: 0x0000018532b30000

Marking Bits: (ParMarkBitMap*) 0x00007ffe093ea340
 Begin Bits: [0x0000018545a30000, 0x0000018547a30000)
 End Bits:   [0x0000018547a30000, 0x0000018549a30000)

Polling page: 0x0000018531570000

Metaspace:

Usage:
  Non-class:     76.96 MB used.
      Class:      9.02 MB used.
       Both:     85.98 MB used.

Virtual space:
  Non-class space:      128.00 MB reserved,      77.94 MB ( 61%) committed,  2 nodes.
      Class space:        1.00 GB reserved,       9.81 MB ( <1%) committed,  1 nodes.
             Both:        1.12 GB reserved,      87.75 MB (  8%) committed. 

Chunk freelists:
   Non-Class:  1.64 MB
       Class:  6.03 MB
        Both:  7.67 MB

MaxMetaspaceSize: unlimited
CompressedClassSpaceSize: 1.00 GB
Initial GC threshold: 21.00 MB
Current GC threshold: 139.38 MB
CDS: on
 - commit_granule_bytes: 65536.
 - commit_granule_words: 8192.
 - virtual_space_node_default_size: 8388608.
 - enlarge_chunks_in_place: 1.
 - use_allocation_guard: 0.


Internal statistics:

num_allocs_failed_limit: 9.
num_arena_births: 1590.
num_arena_deaths: 18.
num_vsnodes_births: 3.
num_vsnodes_deaths: 0.
num_space_committed: 1408.
num_space_uncommitted: 4.
num_chunks_returned_to_freelist: 46.
num_chunks_taken_from_freelist: 5721.
num_chunk_merges: 20.
num_chunk_splits: 3510.
num_chunks_enlarged: 1999.
num_inconsistent_stats: 0.

CodeHeap 'non-profiled nmethods': size=120000Kb used=16197Kb max_used=16197Kb free=103802Kb
 bounds [0x000001853e250000, 0x000001853f230000, 0x0000018545780000]
CodeHeap 'profiled nmethods': size=120000Kb used=40777Kb max_used=40777Kb free=79222Kb
 bounds [0x0000018536780000, 0x0000018538f60000, 0x000001853dcb0000]
CodeHeap 'non-nmethods': size=5760Kb used=1537Kb max_used=1599Kb free=4222Kb
 bounds [0x000001853dcb0000, 0x000001853df20000, 0x000001853e250000]
CodeCache: size=245760Kb, used=58511Kb, max_used=58573Kb, free=187246Kb
 total_blobs=18084, nmethods=17232, adapters=755, full_count=0
Compilation: enabled, stopped_count=0, restarted_count=0

Compilation events (20 events):
Event: 3524.060 Thread 0x000001858b1d8300 18560       4       java.util.concurrent.ThreadPoolExecutor$Worker::tryAcquire (20 bytes)
Event: 3524.066 Thread 0x000001858b1d8300 nmethod 18560 0x000001853f219c90 code [0x000001853f219e20, 0x000001853f219f00]
Event: 3562.057 Thread 0x000001858b1d8300 18561       4       java.util.concurrent.ThreadPoolExecutor$Worker::unlock (7 bytes)
Event: 3562.100 Thread 0x000001858b1d8300 nmethod 18561 0x000001853f219f90 code [0x000001853f21a120, 0x000001853f21a238]
Event: 3788.056 Thread 0x000001858b1d8300 18562   !   4       java.util.concurrent.ThreadPoolExecutor::getTask (177 bytes)
Event: 3788.413 Thread 0x000001858b1d8300 nmethod 18562 0x000001853f21a390 code [0x000001853f21a860, 0x000001853f21c950]
Event: 3848.925 Thread 0x000001858b1fa310 18563       1       com.sun.jna.internal.Cleaner::access$200 (5 bytes)
Event: 3848.934 Thread 0x000001858b1fa310 nmethod 18563 0x000001853f21e690 code [0x000001853f21e820, 0x000001853f21e8d0]
Event: 3851.151 Thread 0x000001858b1fa310 18564       3       org.eclipse.jdt.ls.core.internal.ParentProcessWatcher::parentProcessStillRunning (62 bytes)
Event: 3851.174 Thread 0x000001858b1fa310 nmethod 18564 0x0000018538f52210 code [0x0000018538f52440, 0x0000018538f52b28]
Event: 4514.097 Thread 0x000001858b1d8300 18565       4       java.util.concurrent.Executors$RunnableAdapter::call (14 bytes)
Event: 4514.105 Thread 0x000001858b1d8300 nmethod 18565 0x000001853f21e990 code [0x000001853f21eb20, 0x000001853f21ebe0]
Event: 4591.060 Thread 0x000001858b1d8300 18566       4       java.util.concurrent.ScheduledThreadPoolExecutor$DelayedWorkQueue::add (9 bytes)
Event: 4591.165 Thread 0x000001858b1d8300 nmethod 18566 0x000001853f21ec90 code [0x000001853f21eec0, 0x000001853f21f448]
Event: 4594.048 Thread 0x000001858b1d8300 18567       4       java.util.concurrent.ScheduledThreadPoolExecutor$ScheduledFutureTask::run (57 bytes)
Event: 4594.198 Thread 0x000001858b1d8300 nmethod 18567 0x000001853f21fa10 code [0x000001853f21fce0, 0x000001853f2208a8]
Event: 4599.137 Thread 0x000001858b1fa310 18568   !   3       java.util.logging.LogManager::getUserContext (118 bytes)
Event: 4599.144 Thread 0x000001858b1fa310 nmethod 18568 0x0000018538f52d90 code [0x0000018538f52f40, 0x0000018538f531b0]
Event: 4599.144 Thread 0x000001858b1fa310 18569       3       jdk.internal.access.SharedSecrets::getJavaAWTAccess (4 bytes)
Event: 4599.144 Thread 0x000001858b1fa310 nmethod 18569 0x000001853717c490 code [0x000001853717c620, 0x000001853717c718]

GC Heap History (20 events):
Event: 523.213 GC heap before
{Heap before GC invocations=802 (full 4):
 PSYoungGen      total 3072K, used 2633K [0x00000000d5580000, 0x00000000d5a80000, 0x0000000100000000)
  eden space 2560K, 94% used [0x00000000d5580000,0x00000000d57da430,0x00000000d5800000)
  from space 512K, 43% used [0x00000000d5800000,0x00000000d5838000,0x00000000d5880000)
  to   space 512K, 0% used [0x00000000d5a00000,0x00000000d5a00000,0x00000000d5a80000)
 ParOldGen       total 386560K, used 232030K [0x0000000080000000, 0x0000000097980000, 0x00000000d5580000)
  object space 386560K, 60% used [0x0000000080000000,0x000000008e297978,0x0000000097980000)
 Metaspace       used 87774K, committed 89664K, reserved 1179648K
  class space    used 9233K, committed 10048K, reserved 1048576K
}
Event: 523.214 GC heap after
{Heap after GC invocations=802 (full 4):
 PSYoungGen      total 3072K, used 456K [0x00000000d5580000, 0x00000000d5a80000, 0x0000000100000000)
  eden space 2560K, 0% used [0x00000000d5580000,0x00000000d5580000,0x00000000d5800000)
  from space 512K, 89% used [0x00000000d5a00000,0x00000000d5a72020,0x00000000d5a80000)
  to   space 512K, 0% used [0x00000000d5800000,0x00000000d5800000,0x00000000d5880000)
 ParOldGen       total 386560K, used 232086K [0x0000000080000000, 0x0000000097980000, 0x00000000d5580000)
  object space 386560K, 60% used [0x0000000080000000,0x000000008e2a5978,0x0000000097980000)
 Metaspace       used 87774K, committed 89664K, reserved 1179648K
  class space    used 9233K, committed 10048K, reserved 1048576K
}
Event: 523.220 GC heap before
{Heap before GC invocations=803 (full 4):
 PSYoungGen      total 3072K, used 3016K [0x00000000d5580000, 0x00000000d5a80000, 0x0000000100000000)
  eden space 2560K, 100% used [0x00000000d5580000,0x00000000d5800000,0x00000000d5800000)
  from space 512K, 89% used [0x00000000d5a00000,0x00000000d5a72020,0x00000000d5a80000)
  to   space 512K, 0% used [0x00000000d5800000,0x00000000d5800000,0x00000000d5880000)
 ParOldGen       total 386560K, used 232086K [0x0000000080000000, 0x0000000097980000, 0x00000000d5580000)
  object space 386560K, 60% used [0x0000000080000000,0x000000008e2a5978,0x0000000097980000)
 Metaspace       used 87779K, committed 89664K, reserved 1179648K
  class space    used 9233K, committed 10048K, reserved 1048576K
}
Event: 523.225 GC heap after
{Heap after GC invocations=803 (full 4):
 PSYoungGen      total 3072K, used 510K [0x00000000d5580000, 0x00000000d5e00000, 0x0000000100000000)
  eden space 2560K, 0% used [0x00000000d5580000,0x00000000d5580000,0x00000000d5800000)
  from space 512K, 99% used [0x00000000d5800000,0x00000000d587fa60,0x00000000d5880000)
  to   space 3072K, 0% used [0x00000000d5b00000,0x00000000d5b00000,0x00000000d5e00000)
 ParOldGen       total 386560K, used 234052K [0x0000000080000000, 0x0000000097980000, 0x00000000d5580000)
  object space 386560K, 60% used [0x0000000080000000,0x000000008e4913c8,0x0000000097980000)
 Metaspace       used 87779K, committed 89664K, reserved 1179648K
  class space    used 9233K, committed 10048K, reserved 1048576K
}
Event: 523.240 GC heap before
{Heap before GC invocations=804 (full 4):
 PSYoungGen      total 3072K, used 3070K [0x00000000d5580000, 0x00000000d5e00000, 0x0000000100000000)
  eden space 2560K, 100% used [0x00000000d5580000,0x00000000d5800000,0x00000000d5800000)
  from space 512K, 99% used [0x00000000d5800000,0x00000000d587fa60,0x00000000d5880000)
  to   space 3072K, 0% used [0x00000000d5b00000,0x00000000d5b00000,0x00000000d5e00000)
 ParOldGen       total 386560K, used 234052K [0x0000000080000000, 0x0000000097980000, 0x00000000d5580000)
  object space 386560K, 60% used [0x0000000080000000,0x000000008e4913c8,0x0000000097980000)
 Metaspace       used 87782K, committed 89664K, reserved 1179648K
  class space    used 9233K, committed 10048K, reserved 1048576K
}
Event: 523.242 GC heap after
{Heap after GC invocations=804 (full 4):
 PSYoungGen      total 3072K, used 448K [0x00000000d5580000, 0x00000000d5b80000, 0x0000000100000000)
  eden space 2560K, 0% used [0x00000000d5580000,0x00000000d5580000,0x00000000d5800000)
  from space 512K, 87% used [0x00000000d5b00000,0x00000000d5b70000,0x00000000d5b80000)
  to   space 1536K, 0% used [0x00000000d5880000,0x00000000d5880000,0x00000000d5a00000)
 ParOldGen       total 386560K, used 234115K [0x0000000080000000, 0x0000000097980000, 0x00000000d5580000)
  object space 386560K, 60% used [0x0000000080000000,0x000000008e4a0d08,0x0000000097980000)
 Metaspace       used 87782K, committed 89664K, reserved 1179648K
  class space    used 9233K, committed 10048K, reserved 1048576K
}
Event: 524.172 GC heap before
{Heap before GC invocations=805 (full 4):
 PSYoungGen      total 3072K, used 3008K [0x00000000d5580000, 0x00000000d5b80000, 0x0000000100000000)
  eden space 2560K, 100% used [0x00000000d5580000,0x00000000d5800000,0x00000000d5800000)
  from space 512K, 87% used [0x00000000d5b00000,0x00000000d5b70000,0x00000000d5b80000)
  to   space 1536K, 0% used [0x00000000d5880000,0x00000000d5880000,0x00000000d5a00000)
 ParOldGen       total 386560K, used 264835K [0x0000000080000000, 0x0000000097980000, 0x00000000d5580000)
  object space 386560K, 68% used [0x0000000080000000,0x00000000902a0d38,0x0000000097980000)
 Metaspace       used 87789K, committed 89664K, reserved 1179648K
  class space    used 9233K, committed 10048K, reserved 1048576K
}
Event: 524.174 GC heap after
{Heap after GC invocations=805 (full 4):
 PSYoungGen      total 4096K, used 192K [0x00000000d5580000, 0x00000000d5b80000, 0x0000000100000000)
  eden space 2560K, 0% used [0x00000000d5580000,0x00000000d5580000,0x00000000d5800000)
  from space 1536K, 12% used [0x00000000d5880000,0x00000000d58b0000,0x00000000d5a00000)
  to   space 512K, 0% used [0x00000000d5b00000,0x00000000d5b00000,0x00000000d5b80000)
 ParOldGen       total 386560K, used 265187K [0x0000000080000000, 0x0000000097980000, 0x00000000d5580000)
  object space 386560K, 68% used [0x0000000080000000,0x00000000902f8d38,0x0000000097980000)
 Metaspace       used 87789K, committed 89664K, reserved 1179648K
  class space    used 9233K, committed 10048K, reserved 1048576K
}
Event: 524.203 GC heap before
{Heap before GC invocations=806 (full 4):
 PSYoungGen      total 4096K, used 2746K [0x00000000d5580000, 0x00000000d5b80000, 0x0000000100000000)
  eden space 2560K, 99% used [0x00000000d5580000,0x00000000d57fea10,0x00000000d5800000)
  from space 1536K, 12% used [0x00000000d5880000,0x00000000d58b0000,0x00000000d5a00000)
  to   space 512K, 0% used [0x00000000d5b00000,0x00000000d5b00000,0x00000000d5b80000)
 ParOldGen       total 386560K, used 265187K [0x0000000080000000, 0x0000000097980000, 0x00000000d5580000)
  object space 386560K, 68% used [0x0000000080000000,0x00000000902f8d38,0x0000000097980000)
 Metaspace       used 87796K, committed 89664K, reserved 1179648K
  class space    used 9233K, committed 10048K, reserved 1048576K
}
Event: 524.204 GC heap after
{Heap after GC invocations=806 (full 4):
 PSYoungGen      total 3072K, used 408K [0x00000000d5580000, 0x00000000d5b80000, 0x0000000100000000)
  eden space 2560K, 0% used [0x00000000d5580000,0x00000000d5580000,0x00000000d5800000)
  from space 512K, 79% used [0x00000000d5b00000,0x00000000d5b660d8,0x00000000d5b80000)
  to   space 512K, 0% used [0x00000000d5a80000,0x00000000d5a80000,0x00000000d5b00000)
 ParOldGen       total 386560K, used 265251K [0x0000000080000000, 0x0000000097980000, 0x00000000d5580000)
  object space 386560K, 68% used [0x0000000080000000,0x0000000090308d38,0x0000000097980000)
 Metaspace       used 87796K, committed 89664K, reserved 1179648K
  class space    used 9233K, committed 10048K, reserved 1048576K
}
Event: 524.212 GC heap before
{Heap before GC invocations=807 (full 4):
 PSYoungGen      total 3072K, used 2968K [0x00000000d5580000, 0x00000000d5b80000, 0x0000000100000000)
  eden space 2560K, 100% used [0x00000000d5580000,0x00000000d5800000,0x00000000d5800000)
  from space 512K, 79% used [0x00000000d5b00000,0x00000000d5b660d8,0x00000000d5b80000)
  to   space 512K, 0% used [0x00000000d5a80000,0x00000000d5a80000,0x00000000d5b00000)
 ParOldGen       total 386560K, used 265251K [0x0000000080000000, 0x0000000097980000, 0x00000000d5580000)
  object space 386560K, 68% used [0x0000000080000000,0x0000000090308d38,0x0000000097980000)
 Metaspace       used 87796K, committed 89664K, reserved 1179648K
  class space    used 9233K, committed 10048K, reserved 1048576K
}
Event: 524.214 GC heap after
{Heap after GC invocations=807 (full 4):
 PSYoungGen      total 3072K, used 160K [0x00000000d5580000, 0x00000000d5b80000, 0x0000000100000000)
  eden space 2560K, 0% used [0x00000000d5580000,0x00000000d5580000,0x00000000d5800000)
  from space 512K, 31% used [0x00000000d5a80000,0x00000000d5aa8000,0x00000000d5b00000)
  to   space 512K, 0% used [0x00000000d5b00000,0x00000000d5b00000,0x00000000d5b80000)
 ParOldGen       total 386560K, used 265395K [0x0000000080000000, 0x0000000097980000, 0x00000000d5580000)
  object space 386560K, 68% used [0x0000000080000000,0x000000009032cd38,0x0000000097980000)
 Metaspace       used 87796K, committed 89664K, reserved 1179648K
  class space    used 9233K, committed 10048K, reserved 1048576K
}
Event: 544.180 GC heap before
{Heap before GC invocations=808 (full 4):
 PSYoungGen      total 3072K, used 2720K [0x00000000d5580000, 0x00000000d5b80000, 0x0000000100000000)
  eden space 2560K, 100% used [0x00000000d5580000,0x00000000d5800000,0x00000000d5800000)
  from space 512K, 31% used [0x00000000d5a80000,0x00000000d5aa8000,0x00000000d5b00000)
  to   space 512K, 0% used [0x00000000d5b00000,0x00000000d5b00000,0x00000000d5b80000)
 ParOldGen       total 386560K, used 265395K [0x0000000080000000, 0x0000000097980000, 0x00000000d5580000)
  object space 386560K, 68% used [0x0000000080000000,0x000000009032cd38,0x0000000097980000)
 Metaspace       used 87825K, committed 89664K, reserved 1179648K
  class space    used 9234K, committed 10048K, reserved 1048576K
}
Event: 544.181 GC heap after
{Heap after GC invocations=808 (full 4):
 PSYoungGen      total 3072K, used 368K [0x00000000d5580000, 0x00000000d5b80000, 0x0000000100000000)
  eden space 2560K, 0% used [0x00000000d5580000,0x00000000d5580000,0x00000000d5800000)
  from space 512K, 71% used [0x00000000d5b00000,0x00000000d5b5c030,0x00000000d5b80000)
  to   space 512K, 0% used [0x00000000d5a80000,0x00000000d5a80000,0x00000000d5b00000)
 ParOldGen       total 386560K, used 265411K [0x0000000080000000, 0x0000000097980000, 0x00000000d5580000)
  object space 386560K, 68% used [0x0000000080000000,0x0000000090330d38,0x0000000097980000)
 Metaspace       used 87825K, committed 89664K, reserved 1179648K
  class space    used 9234K, committed 10048K, reserved 1048576K
}
Event: 544.190 GC heap before
{Heap before GC invocations=809 (full 4):
 PSYoungGen      total 3072K, used 2928K [0x00000000d5580000, 0x00000000d5b80000, 0x0000000100000000)
  eden space 2560K, 100% used [0x00000000d5580000,0x00000000d5800000,0x00000000d5800000)
  from space 512K, 71% used [0x00000000d5b00000,0x00000000d5b5c030,0x00000000d5b80000)
  to   space 512K, 0% used [0x00000000d5a80000,0x00000000d5a80000,0x00000000d5b00000)
 ParOldGen       total 386560K, used 265411K [0x0000000080000000, 0x0000000097980000, 0x00000000d5580000)
  object space 386560K, 68% used [0x0000000080000000,0x0000000090330d38,0x0000000097980000)
 Metaspace       used 87831K, committed 89664K, reserved 1179648K
  class space    used 9236K, committed 10048K, reserved 1048576K
}
Event: 544.192 GC heap after
{Heap after GC invocations=809 (full 4):
 PSYoungGen      total 3072K, used 484K [0x00000000d5580000, 0x00000000d5b80000, 0x0000000100000000)
  eden space 2560K, 0% used [0x00000000d5580000,0x00000000d5580000,0x00000000d5800000)
  from space 512K, 94% used [0x00000000d5a80000,0x00000000d5af9210,0x00000000d5b00000)
  to   space 512K, 0% used [0x00000000d5b00000,0x00000000d5b00000,0x00000000d5b80000)
 ParOldGen       total 386560K, used 265651K [0x0000000080000000, 0x0000000097980000, 0x00000000d5580000)
  object space 386560K, 68% used [0x0000000080000000,0x000000009036cdb8,0x0000000097980000)
 Metaspace       used 87831K, committed 89664K, reserved 1179648K
  class space    used 9236K, committed 10048K, reserved 1048576K
}
Event: 544.203 GC heap before
{Heap before GC invocations=810 (full 4):
 PSYoungGen      total 3072K, used 3044K [0x00000000d5580000, 0x00000000d5b80000, 0x0000000100000000)
  eden space 2560K, 100% used [0x00000000d5580000,0x00000000d5800000,0x00000000d5800000)
  from space 512K, 94% used [0x00000000d5a80000,0x00000000d5af9210,0x00000000d5b00000)
  to   space 512K, 0% used [0x00000000d5b00000,0x00000000d5b00000,0x00000000d5b80000)
 ParOldGen       total 386560K, used 265651K [0x0000000080000000, 0x0000000097980000, 0x00000000d5580000)
  object space 386560K, 68% used [0x0000000080000000,0x000000009036cdb8,0x0000000097980000)
 Metaspace       used 87840K, committed 89664K, reserved 1179648K
  class space    used 9236K, committed 10048K, reserved 1048576K
}
Event: 544.205 GC heap after
{Heap after GC invocations=810 (full 4):
 PSYoungGen      total 3072K, used 448K [0x00000000d5580000, 0x00000000d5b80000, 0x0000000100000000)
  eden space 2560K, 0% used [0x00000000d5580000,0x00000000d5580000,0x00000000d5800000)
  from space 512K, 87% used [0x00000000d5b00000,0x00000000d5b70000,0x00000000d5b80000)
  to   space 1024K, 0% used [0x00000000d5980000,0x00000000d5980000,0x00000000d5a80000)
 ParOldGen       total 386560K, used 266135K [0x0000000080000000, 0x0000000097980000, 0x00000000d5580000)
  object space 386560K, 68% used [0x0000000080000000,0x00000000903e5fc8,0x0000000097980000)
 Metaspace       used 87840K, committed 89664K, reserved 1179648K
  class space    used 9236K, committed 10048K, reserved 1048576K
}
Event: 2415.066 GC heap before
{Heap before GC invocations=811 (full 4):
 PSYoungGen      total 3072K, used 3007K [0x00000000d5580000, 0x00000000d5b80000, 0x0000000100000000)
  eden space 2560K, 99% used [0x00000000d5580000,0x00000000d57ffff8,0x00000000d5800000)
  from space 512K, 87% used [0x00000000d5b00000,0x00000000d5b70000,0x00000000d5b80000)
  to   space 1024K, 0% used [0x00000000d5980000,0x00000000d5980000,0x00000000d5a80000)
 ParOldGen       total 386560K, used 266135K [0x0000000080000000, 0x0000000097980000, 0x00000000d5580000)
  object space 386560K, 68% used [0x0000000080000000,0x00000000903e5fc8,0x0000000097980000)
 Metaspace       used 88039K, committed 89856K, reserved 1179648K
  class space    used 9236K, committed 10048K, reserved 1048576K
}
Event: 2415.167 GC heap after
{Heap after GC invocations=811 (full 4):
 PSYoungGen      total 3584K, used 192K [0x00000000d5580000, 0x00000000d5b80000, 0x0000000100000000)
  eden space 2560K, 0% used [0x00000000d5580000,0x00000000d5580000,0x00000000d5800000)
  from space 1024K, 18% used [0x00000000d5980000,0x00000000d59b0000,0x00000000d5a80000)
  to   space 512K, 0% used [0x00000000d5b00000,0x00000000d5b00000,0x00000000d5b80000)
 ParOldGen       total 386560K, used 266396K [0x0000000080000000, 0x0000000097980000, 0x00000000d5580000)
  object space 386560K, 68% used [0x0000000080000000,0x0000000090427250,0x0000000097980000)
 Metaspace       used 88039K, committed 89856K, reserved 1179648K
  class space    used 9236K, committed 10048K, reserved 1048576K
}

Dll operation events (12 events):
Event: 0.011 Loaded shared library c:\Users\ABC\.vscode\extensions\redhat.java-1.47.0-win32-x64\jre\21.0.8-win32-x86_64\bin\java.dll
Event: 0.091 Loaded shared library c:\Users\ABC\.vscode\extensions\redhat.java-1.47.0-win32-x64\jre\21.0.8-win32-x86_64\bin\zip.dll
Event: 0.119 Loaded shared library C:\Users\ABC\.vscode\extensions\redhat.java-1.47.0-win32-x64\jre\21.0.8-win32-x86_64\bin\instrument.dll
Event: 0.123 Loaded shared library C:\Users\ABC\.vscode\extensions\redhat.java-1.47.0-win32-x64\jre\21.0.8-win32-x86_64\bin\net.dll
Event: 0.125 Loaded shared library C:\Users\ABC\.vscode\extensions\redhat.java-1.47.0-win32-x64\jre\21.0.8-win32-x86_64\bin\nio.dll
Event: 0.128 Loaded shared library C:\Users\ABC\.vscode\extensions\redhat.java-1.47.0-win32-x64\jre\21.0.8-win32-x86_64\bin\zip.dll
Event: 0.159 Loaded shared library C:\Users\ABC\.vscode\extensions\redhat.java-1.47.0-win32-x64\jre\21.0.8-win32-x86_64\bin\jimage.dll
Event: 0.278 Loaded shared library c:\Users\ABC\.vscode\extensions\redhat.java-1.47.0-win32-x64\jre\21.0.8-win32-x86_64\bin\verify.dll
Event: 1.769 Loaded shared library C:\Users\ABC\AppData\Roaming\Code\User\globalStorage\redhat.java\1.47.0\config_win\org.eclipse.equinox.launcher\org.eclipse.equinox.launcher.win32.win32.x86_64_1.2.1400.v20250801-0854\eclipse_11916.dll
Event: 3.592 Loaded shared library C:\Users\ABC\AppData\Local\Temp\jna-64578\jna10657685197958649153.dll
Event: 7.786 Loaded shared library C:\Users\ABC\.vscode\extensions\redhat.java-1.47.0-win32-x64\jre\21.0.8-win32-x86_64\bin\sunmscapi.dll
Event: 8.544 Loaded shared library C:\Users\ABC\.vscode\extensions\redhat.java-1.47.0-win32-x64\jre\21.0.8-win32-x86_64\bin\extnet.dll

Deoptimization events (20 events):
Event: 658.796 Thread 0x0000018594a73750 Uncommon trap: trap_request=0xffffff45 fr.pc=0x000001853ecf0bf8 relative=0x0000000000003eb8
Event: 658.796 Thread 0x0000018594a73750 Uncommon trap: reason=unstable_if action=reinterpret pc=0x000001853ecf0bf8 method=java.io.ObjectStreamClass.hasWriteReplaceMethod()Z @ 8 c2
Event: 658.796 Thread 0x0000018594a73750 DEOPT PACKING pc=0x000001853ecf0bf8 sp=0x0000004118ffe3f0
Event: 658.796 Thread 0x0000018594a73750 DEOPT UNPACKING pc=0x000001853dd06da2 sp=0x0000004118ffe3f0 mode 2
Event: 4591.792 Thread 0x0000018593999220 Uncommon trap: trap_request=0xffffffd6 fr.pc=0x000001853f21f1c8 relative=0x0000000000000308
Event: 4591.792 Thread 0x0000018593999220 Uncommon trap: reason=array_check action=maybe_recompile pc=0x000001853f21f1c8 method=java.util.concurrent.ScheduledThreadPoolExecutor$DelayedWorkQueue.offer(Ljava/lang/Runnable;)Z @ 65 c2
Event: 4591.792 Thread 0x0000018593999220 DEOPT PACKING pc=0x000001853f21f1c8 sp=0x000000411c0ff0b0
Event: 4591.832 Thread 0x0000018593999220 DEOPT UNPACKING pc=0x000001853dd06da2 sp=0x000000411c0fef50 mode 2
Event: 4592.057 Thread 0x0000018594a75190 Uncommon trap: trap_request=0xffffffd6 fr.pc=0x000001853f21f1c8 relative=0x0000000000000308
Event: 4592.057 Thread 0x0000018594a75190 Uncommon trap: reason=array_check action=maybe_recompile pc=0x000001853f21f1c8 method=java.util.concurrent.ScheduledThreadPoolExecutor$DelayedWorkQueue.offer(Ljava/lang/Runnable;)Z @ 65 c2
Event: 4592.057 Thread 0x0000018594a75190 DEOPT PACKING pc=0x000001853f21f1c8 sp=0x000000411e5ff2a0
Event: 4592.058 Thread 0x0000018594a75190 DEOPT UNPACKING pc=0x000001853dd06da2 sp=0x000000411e5ff140 mode 2
Event: 4592.662 Thread 0x0000018594a75820 Uncommon trap: trap_request=0xffffffd6 fr.pc=0x000001853f21f1c8 relative=0x0000000000000308
Event: 4592.662 Thread 0x0000018594a75820 Uncommon trap: reason=array_check action=maybe_recompile pc=0x000001853f21f1c8 method=java.util.concurrent.ScheduledThreadPoolExecutor$DelayedWorkQueue.offer(Ljava/lang/Runnable;)Z @ 65 c2
Event: 4592.662 Thread 0x0000018594a75820 DEOPT PACKING pc=0x000001853f21f1c8 sp=0x000000411e6fedb0
Event: 4592.662 Thread 0x0000018594a75820 DEOPT UNPACKING pc=0x000001853dd06da2 sp=0x000000411e6fec50 mode 2
Event: 4592.992 Thread 0x00000185917ab920 Uncommon trap: trap_request=0xffffffd6 fr.pc=0x000001853f21f1c8 relative=0x0000000000000308
Event: 4592.992 Thread 0x00000185917ab920 Uncommon trap: reason=array_check action=maybe_recompile pc=0x000001853f21f1c8 method=java.util.concurrent.ScheduledThreadPoolExecutor$DelayedWorkQueue.offer(Ljava/lang/Runnable;)Z @ 65 c2
Event: 4592.992 Thread 0x00000185917ab920 DEOPT PACKING pc=0x000001853f21f1c8 sp=0x000000411a6ff280
Event: 4592.992 Thread 0x00000185917ab920 DEOPT UNPACKING pc=0x000001853dd06da2 sp=0x000000411a6ff120 mode 2

Classes loaded (20 events):
Event: 324.815 Loading class java/util/stream/Nodes$CollectorTask$OfRef
Event: 324.817 Loading class java/util/stream/Nodes$CollectorTask
Event: 324.820 Loading class java/util/stream/Nodes$CollectorTask done
Event: 324.820 Loading class java/util/stream/Nodes$CollectorTask$OfRef done
Event: 324.821 Loading class java/util/function/LongFunction
Event: 324.823 Loading class java/util/function/LongFunction done
Event: 324.828 Loading class java/util/stream/Nodes$ConcNode
Event: 324.829 Loading class java/util/stream/Nodes$AbstractConcNode
Event: 324.830 Loading class java/util/stream/Nodes$AbstractConcNode done
Event: 324.830 Loading class java/util/stream/Nodes$ConcNode done
Event: 492.348 Loading class jdk/internal/module/IllegalAccessLogger
Event: 492.348 Loading class jdk/internal/module/IllegalAccessLogger done
Event: 492.629 Loading class jdk/internal/module/IllegalAccessLogger
Event: 492.629 Loading class jdk/internal/module/IllegalAccessLogger done
Event: 522.075 Loading class jdk/internal/module/IllegalAccessLogger
Event: 522.075 Loading class jdk/internal/module/IllegalAccessLogger done
Event: 522.182 Loading class java/nio/BufferMismatch
Event: 522.183 Loading class java/nio/BufferMismatch done
Event: 523.229 Loading class jdk/internal/module/IllegalAccessLogger
Event: 523.229 Loading class jdk/internal/module/IllegalAccessLogger done

Classes unloaded (20 events):
Event: 373.127 Thread 0x000001858b1c1de0 Unloading class 0x000001854b818000 'org/apache/maven/shared/filtering/BaseFilter'
Event: 373.127 Thread 0x000001858b1c1de0 Unloading class 0x000001854b813cb0 'org/sonatype/plexus/components/sec/dispatcher/model/SettingsSecurity'
Event: 373.127 Thread 0x000001858b1c1de0 Unloading class 0x000001854b813a50 'org/sonatype/plexus/components/cipher/PlexusCipherException'
Event: 373.127 Thread 0x000001858b1c1de0 Unloading class 0x000001854b8137f0 'org/sonatype/plexus/components/sec/dispatcher/SecDispatcherException'
Event: 373.127 Thread 0x000001858b1c1de0 Unloading class 0x000001854b813588 'org/sonatype/plexus/components/sec/dispatcher/DefaultSecDispatcher'
Event: 373.127 Thread 0x000001858b1c1de0 Unloading class 0x000001854b8132f0 'org/apache/maven/shared/filtering/DefaultMavenResourcesFiltering'
Event: 373.127 Thread 0x000001858b1c1de0 Unloading class 0x000001854b812f38 'org/apache/maven/shared/filtering/MavenResourcesExecution'
Event: 373.127 Thread 0x000001858b1c1de0 Unloading class 0x000001854b812c60 'org/apache/maven/shared/filtering/AbstractMavenFilteringRequest'
Event: 373.127 Thread 0x000001858b1c1de0 Unloading class 0x000001854b812a00 'org/apache/maven/shared/filtering/MavenFilteringException'
Event: 373.127 Thread 0x000001858b1c1de0 Unloading class 0x000001854b812800 'org/apache/maven/shared/filtering/MavenResourcesFiltering'
Event: 373.127 Thread 0x000001858b1c1de0 Unloading class 0x000001854b812600 'org/apache/maven/shared/filtering/MavenReaderFilter'
Event: 373.127 Thread 0x000001858b1c1de0 Unloading class 0x000001854b812400 'org/apache/maven/shared/filtering/MavenFileFilter'
Event: 373.127 Thread 0x000001858b1c1de0 Unloading class 0x000001854b812200 'org/apache/maven/shared/filtering/DefaultFilterInfo'
Event: 373.127 Thread 0x000001858b1c1de0 Unloading class 0x000001854b812000 'org/sonatype/plexus/components/cipher/PlexusCipher'
Event: 373.127 Thread 0x000001858b1c1de0 Unloading class 0x000001854b811c18 'org/sonatype/plexus/components/sec/dispatcher/SecDispatcher'
Event: 373.127 Thread 0x000001858b1c1de0 Unloading class 0x000001854b8118e8 'org/apache/maven/plugins/resources/TestResourcesMojo'
Event: 373.127 Thread 0x000001858b1c1de0 Unloading class 0x000001854b811660 'org/apache/maven/plugins/resources/HelpMojo'
Event: 373.127 Thread 0x000001858b1c1de0 Unloading class 0x000001854b811330 'org/apache/maven/plugins/resources/CopyResourcesMojo'
Event: 373.127 Thread 0x000001858b1c1de0 Unloading class 0x000001854b811000 'org/apache/maven/plugins/resources/ResourcesMojo'
Event: 373.127 Thread 0x000001858b1c1de0 Unloading class 0x000001854b748800 'java/lang/invoke/LambdaForm$DMH+0x000001854b748800'

Classes redefined (0 events):
No events

Internal exceptions (20 events):
Event: 492.053 Thread 0x000001859399a5d0 Exception <a 'sun/nio/fs/WindowsException'{0x00000000d55dd0a0}> (0x00000000d55dd0a0) 
thrown [s\src\hotspot\share\prims\jni.cpp, line 520]
Event: 492.053 Thread 0x000001859399a5d0 Exception <a 'sun/nio/fs/WindowsException'{0x00000000d55dd980}> (0x00000000d55dd980) 
thrown [s\src\hotspot\share\prims\jni.cpp, line 520]
Event: 492.645 Thread 0x0000018594a799c0 Exception <a 'sun/nio/fs/WindowsException'{0x00000000d56c5238}> (0x00000000d56c5238) 
thrown [s\src\hotspot\share\prims\jni.cpp, line 520]
Event: 492.645 Thread 0x0000018594a799c0 Exception <a 'sun/nio/fs/WindowsException'{0x00000000d56c5868}> (0x00000000d56c5868) 
thrown [s\src\hotspot\share\prims\jni.cpp, line 520]
Event: 521.902 Thread 0x0000018593996430 Exception <a 'java/lang/IncompatibleClassChangeError'{0x00000000d55e37a0}: Found class java.lang.Object, but interface was expected> (0x00000000d55e37a0) 
thrown [s\src\hotspot\share\interpreter\linkResolver.cpp, line 840]
Event: 521.902 Thread 0x0000018593996430 Exception <a 'java/lang/IncompatibleClassChangeError'{0x00000000d55e76b8}: Found class java.lang.Object, but interface was expected> (0x00000000d55e76b8) 
thrown [s\src\hotspot\share\interpreter\linkResolver.cpp, line 840]
Event: 521.994 Thread 0x00000185921942c0 Exception <a 'sun/nio/fs/WindowsException'{0x00000000d5755cd0}> (0x00000000d5755cd0) 
thrown [s\src\hotspot\share\prims\jni.cpp, line 520]
Event: 523.468 Thread 0x000001859399a5d0 Exception <a 'java/lang/ArrayIndexOutOfBoundsException'{0x00000000d57ad098}> (0x00000000d57ad098) 
thrown [s\src\hotspot\share\runtime\sharedRuntime.cpp, line 625]
Event: 524.196 Thread 0x000001859399a5d0 Exception <a 'sun/nio/fs/WindowsException'{0x00000000d56ced78}> (0x00000000d56ced78) 
thrown [s\src\hotspot\share\prims\jni.cpp, line 520]
Event: 524.196 Thread 0x000001859399a5d0 Exception <a 'sun/nio/fs/WindowsException'{0x00000000d56cf658}> (0x00000000d56cf658) 
thrown [s\src\hotspot\share\prims\jni.cpp, line 520]
Event: 524.197 Thread 0x000001859399a5d0 Exception <a 'sun/nio/fs/WindowsException'{0x00000000d56d03a0}> (0x00000000d56d03a0) 
thrown [s\src\hotspot\share\prims\jni.cpp, line 520]
Event: 524.197 Thread 0x000001859399a5d0 Exception <a 'sun/nio/fs/WindowsException'{0x00000000d56d0ed8}> (0x00000000d56d0ed8) 
thrown [s\src\hotspot\share\prims\jni.cpp, line 520]
Event: 524.197 Thread 0x000001859399a5d0 Exception <a 'sun/nio/fs/WindowsException'{0x00000000d56d2630}> (0x00000000d56d2630) 
thrown [s\src\hotspot\share\prims\jni.cpp, line 520]
Event: 524.197 Thread 0x000001859399a5d0 Exception <a 'sun/nio/fs/WindowsException'{0x00000000d56d2eb0}> (0x00000000d56d2eb0) 
thrown [s\src\hotspot\share\prims\jni.cpp, line 520]
Event: 524.200 Thread 0x000001859399a5d0 Exception <a 'sun/nio/fs/WindowsException'{0x00000000d56ef870}> (0x00000000d56ef870) 
thrown [s\src\hotspot\share\prims\jni.cpp, line 520]
Event: 524.200 Thread 0x000001859399a5d0 Exception <a 'sun/nio/fs/WindowsException'{0x00000000d56f03f0}> (0x00000000d56f03f0) 
thrown [s\src\hotspot\share\prims\jni.cpp, line 520]
Event: 524.261 Thread 0x0000018593a2aff0 Exception <a 'sun/nio/fs/WindowsException'{0x00000000d56f07b0}> (0x00000000d56f07b0) 
thrown [s\src\hotspot\share\prims\jni.cpp, line 520]
Event: 524.261 Thread 0x0000018593a2aff0 Exception <a 'sun/nio/fs/WindowsException'{0x00000000d56f0e18}> (0x00000000d56f0e18) 
thrown [s\src\hotspot\share\prims\jni.cpp, line 520]
Event: 658.792 Thread 0x0000018594a73750 Exception <a 'sun/nio/fs/WindowsException'{0x00000000d568e3d0}> (0x00000000d568e3d0) 
thrown [s\src\hotspot\share\prims\jni.cpp, line 520]
Event: 658.792 Thread 0x0000018594a73750 Exception <a 'sun/nio/fs/WindowsException'{0x00000000d568ef08}> (0x00000000d568ef08) 
thrown [s\src\hotspot\share\prims\jni.cpp, line 520]

ZGC Phase Switch (0 events):
No events

VM Operations (20 events):
Event: 4515.746 Executing VM operation: Cleanup
Event: 4515.746 Executing VM operation: Cleanup done
Event: 4521.827 Executing VM operation: Cleanup
Event: 4521.827 Executing VM operation: Cleanup done
Event: 4570.314 Executing VM operation: HandshakeAllThreads (HandshakeForDeflation)
Event: 4570.314 Executing VM operation: HandshakeAllThreads (HandshakeForDeflation) done
Event: 4570.314 Executing VM operation: RendezvousGCThreads
Event: 4570.314 Executing VM operation: RendezvousGCThreads done
Event: 4592.522 Executing VM operation: Cleanup
Event: 4592.522 Executing VM operation: Cleanup done
Event: 4593.533 Executing VM operation: Cleanup
Event: 4593.533 Executing VM operation: Cleanup done
Event: 4594.535 Executing VM operation: Cleanup
Event: 4594.535 Executing VM operation: Cleanup done
Event: 4602.599 Executing VM operation: Cleanup
Event: 4602.599 Executing VM operation: Cleanup done
Event: 4630.522 Executing VM operation: HandshakeAllThreads (HandshakeForDeflation)
Event: 4630.522 Executing VM operation: HandshakeAllThreads (HandshakeForDeflation) done
Event: 4630.522 Executing VM operation: RendezvousGCThreads
Event: 4630.522 Executing VM operation: RendezvousGCThreads done

Memory protections (0 events):
No events

Nmethod flushes (20 events):
Event: 373.235 Thread 0x000001858b1c1de0 flushing  nmethod 0x0000018537301410
Event: 373.235 Thread 0x000001858b1c1de0 flushing  nmethod 0x0000018537301b10
Event: 373.235 Thread 0x000001858b1c1de0 flushing  nmethod 0x0000018537301e10
Event: 373.235 Thread 0x000001858b1c1de0 flushing  nmethod 0x000001853730f110
Event: 373.235 Thread 0x000001858b1c1de0 flushing  nmethod 0x000001853730ff90
Event: 373.235 Thread 0x000001858b1c1de0 flushing  nmethod 0x0000018537341390
Event: 373.235 Thread 0x000001858b1c1de0 flushing  nmethod 0x0000018537346990
Event: 373.235 Thread 0x000001858b1c1de0 flushing  nmethod 0x0000018537348010
Event: 373.235 Thread 0x000001858b1c1de0 flushing  nmethod 0x0000018537373790
Event: 373.235 Thread 0x000001858b1c1de0 flushing  nmethod 0x000001853737b810
Event: 373.235 Thread 0x000001858b1c1de0 flushing  nmethod 0x0000018537386990
Event: 373.235 Thread 0x000001858b1c1de0 flushing  nmethod 0x000001853739b390
Event: 373.235 Thread 0x000001858b1c1de0 flushing  nmethod 0x000001853739de10
Event: 373.235 Thread 0x000001858b1c1de0 flushing  nmethod 0x00000185373a9f90
Event: 373.235 Thread 0x000001858b1c1de0 flushing  nmethod 0x00000185373e8590
Event: 373.235 Thread 0x000001858b1c1de0 flushing  nmethod 0x0000018537407010
Event: 373.235 Thread 0x000001858b1c1de0 flushing  nmethod 0x0000018537431590
Event: 373.235 Thread 0x000001858b1c1de0 flushing  nmethod 0x0000018537476d90
Event: 373.235 Thread 0x000001858b1c1de0 flushing  nmethod 0x000001853823f010
Event: 373.235 Thread 0x000001858b1c1de0 flushing  nmethod 0x000001853823f410

Events (20 events):
Event: 672.060 Thread 0x0000018594a77f80 Thread exited: 0x0000018594a77f80
Event: 724.234 Thread 0x0000018594a76540 Thread exited: 0x0000018594a76540
Event: 732.065 Thread 0x0000018594a74470 Thread exited: 0x0000018594a74470
Event: 784.249 Thread 0x000001859399b980 Thread exited: 0x000001859399b980
Event: 792.068 Thread 0x0000018594a75eb0 Thread exited: 0x0000018594a75eb0
Event: 792.214 Thread 0x0000018594a7a6e0 Thread exited: 0x0000018594a7a6e0
Event: 792.214 Thread 0x00000185945abe90 Thread exited: 0x00000185945abe90
Event: 792.223 Thread 0x00000185945ad240 Thread exited: 0x00000185945ad240
Event: 792.553 Thread 0x00000185945b2e20 Thread exited: 0x00000185945b2e20
Event: 792.567 Thread 0x00000185945adf60 Thread exited: 0x00000185945adf60
Event: 792.582 Thread 0x00000185945b0d50 Thread exited: 0x00000185945b0d50
Event: 792.583 Thread 0x00000185945b13e0 Thread exited: 0x00000185945b13e0
Event: 792.583 Thread 0x00000185945ac520 Thread exited: 0x00000185945ac520
Event: 792.597 Thread 0x00000185945ad8d0 Thread exited: 0x00000185945ad8d0
Event: 792.644 Thread 0x00000185945b1a70 Thread exited: 0x00000185945b1a70
Event: 822.075 Thread 0x00000185945af9a0 Thread exited: 0x00000185945af9a0
Event: 823.225 Thread 0x00000185945af310 Thread exited: 0x00000185945af310
Event: 852.070 Thread 0x0000018594a76bd0 Thread exited: 0x0000018594a76bd0
Event: 912.082 Thread 0x0000018594a79330 Thread exited: 0x0000018594a79330
Event: 972.091 Thread 0x0000018594a78ca0 Thread exited: 0x0000018594a78ca0


Dynamic libraries:
0x00007ff6dbd60000 - 0x00007ff6dbd6e000 	c:\Users\ABC\.vscode\extensions\redhat.java-1.47.0-win32-x64\jre\21.0.8-win32-x86_64\bin\java.exe
0x00007ffeb6000000 - 0x00007ffeb6268000 	C:\WINDOWS\SYSTEM32\ntdll.dll
0x00007ffeb49d0000 - 0x00007ffeb4a99000 	C:\WINDOWS\System32\KERNEL32.DLL
0x00007ffeb3790000 - 0x00007ffeb3b88000 	C:\WINDOWS\System32\KERNELBASE.dll
0x00007ffeb3640000 - 0x00007ffeb378b000 	C:\WINDOWS\System32\ucrtbase.dll
0x00007ffe8b580000 - 0x00007ffe8b598000 	c:\Users\ABC\.vscode\extensions\redhat.java-1.47.0-win32-x64\jre\21.0.8-win32-x86_64\bin\jli.dll
0x00007ffe92a60000 - 0x00007ffe92a7e000 	c:\Users\ABC\.vscode\extensions\redhat.java-1.47.0-win32-x64\jre\21.0.8-win32-x86_64\bin\VCRUNTIME140.dll
0x00007ffeb4650000 - 0x00007ffeb4817000 	C:\WINDOWS\System32\USER32.dll
0x00007ffeb3610000 - 0x00007ffeb3637000 	C:\WINDOWS\System32\win32u.dll
0x00007ffe9c060000 - 0x00007ffe9c2f4000 	C:\WINDOWS\WinSxS\amd64_microsoft.windows.common-controls_6595b64144ccf1df_6.0.26100.7019_none_3e06ffa0e335b8a8\COMCTL32.dll
0x00007ffeb4bd0000 - 0x00007ffeb4bfb000 	C:\WINDOWS\System32\GDI32.dll
0x00007ffeb4480000 - 0x00007ffeb4529000 	C:\WINDOWS\System32\msvcrt.dll
0x00007ffeb32c0000 - 0x00007ffeb33ec000 	C:\WINDOWS\System32\gdi32full.dll
0x00007ffeb3210000 - 0x00007ffeb32b3000 	C:\WINDOWS\System32\msvcp_win.dll
0x00007ffeb5780000 - 0x00007ffeb57b1000 	C:\WINDOWS\System32\IMM32.DLL
0x00007ffea9350000 - 0x00007ffea935c000 	c:\Users\ABC\.vscode\extensions\redhat.java-1.47.0-win32-x64\jre\21.0.8-win32-x86_64\bin\vcruntime140_1.dll
0x00007ffe56670000 - 0x00007ffe566fd000 	c:\Users\ABC\.vscode\extensions\redhat.java-1.47.0-win32-x64\jre\21.0.8-win32-x86_64\bin\msvcp140.dll
0x00007ffe08730000 - 0x00007ffe094c7000 	c:\Users\ABC\.vscode\extensions\redhat.java-1.47.0-win32-x64\jre\21.0.8-win32-x86_64\bin\server\jvm.dll
0x00007ffeb4c00000 - 0x00007ffeb4cb4000 	C:\WINDOWS\System32\ADVAPI32.dll
0x00007ffeb4b20000 - 0x00007ffeb4bc6000 	C:\WINDOWS\System32\sechost.dll
0x00007ffeb3da0000 - 0x00007ffeb3eb8000 	C:\WINDOWS\System32\RPCRT4.dll
0x00007ffeb4390000 - 0x00007ffeb4404000 	C:\WINDOWS\System32\WS2_32.dll
0x00007ffeb2fd0000 - 0x00007ffeb302e000 	C:\WINDOWS\SYSTEM32\POWRPROF.dll
0x00007ffea9e20000 - 0x00007ffea9e55000 	C:\WINDOWS\SYSTEM32\WINMM.dll
0x00007ffea9b70000 - 0x00007ffea9b7b000 	C:\WINDOWS\SYSTEM32\VERSION.dll
0x00007ffeb2fb0000 - 0x00007ffeb2fc4000 	C:\WINDOWS\SYSTEM32\UMPDC.dll
0x00007ffeb1f10000 - 0x00007ffeb1f2b000 	C:\WINDOWS\SYSTEM32\kernel.appcore.dll
0x00007ffea9130000 - 0x00007ffea913a000 	c:\Users\ABC\.vscode\extensions\redhat.java-1.47.0-win32-x64\jre\21.0.8-win32-x86_64\bin\jimage.dll
0x00007ffeb08c0000 - 0x00007ffeb0b02000 	C:\WINDOWS\SYSTEM32\DBGHELP.DLL
0x00007ffeb53f0000 - 0x00007ffeb577b000 	C:\WINDOWS\System32\combase.dll
0x00007ffeb41a0000 - 0x00007ffeb4277000 	C:\WINDOWS\System32\OLEAUT32.dll
0x00007ffea9de0000 - 0x00007ffea9e1c000 	C:\WINDOWS\SYSTEM32\dbgcore.DLL
0x00007ffeb3560000 - 0x00007ffeb3605000 	C:\WINDOWS\System32\bcryptPrimitives.dll
0x00007ffea90f0000 - 0x00007ffea90ff000 	c:\Users\ABC\.vscode\extensions\redhat.java-1.47.0-win32-x64\jre\21.0.8-win32-x86_64\bin\instrument.dll
0x00007ffe88d00000 - 0x00007ffe88d1f000 	c:\Users\ABC\.vscode\extensions\redhat.java-1.47.0-win32-x64\jre\21.0.8-win32-x86_64\bin\java.dll
0x00007ffeb5860000 - 0x00007ffeb5fb1000 	C:\WINDOWS\System32\SHELL32.dll
0x00007ffeb33f0000 - 0x00007ffeb355b000 	C:\WINDOWS\System32\wintypes.dll
0x00007ffeb0d90000 - 0x00007ffeb15ed000 	C:\WINDOWS\SYSTEM32\windows.storage.dll
0x00007ffeb40a0000 - 0x00007ffeb4192000 	C:\WINDOWS\System32\SHCORE.dll
0x00007ffeb4410000 - 0x00007ffeb4477000 	C:\WINDOWS\System32\shlwapi.dll
0x00007ffeb3070000 - 0x00007ffeb3099000 	C:\WINDOWS\SYSTEM32\profapi.dll
0x00007ffe88ba0000 - 0x00007ffe88bb8000 	c:\Users\ABC\.vscode\extensions\redhat.java-1.47.0-win32-x64\jre\21.0.8-win32-x86_64\bin\zip.dll
0x00007ffea90a0000 - 0x00007ffea90b0000 	C:\Users\ABC\.vscode\extensions\redhat.java-1.47.0-win32-x64\jre\21.0.8-win32-x86_64\bin\net.dll
0x00007ffea9a00000 - 0x00007ffea9b28000 	C:\WINDOWS\SYSTEM32\WINHTTP.dll
0x00007ffeb2480000 - 0x00007ffeb24eb000 	C:\WINDOWS\system32\mswsock.dll
0x00007ffe88b80000 - 0x00007ffe88b96000 	C:\Users\ABC\.vscode\extensions\redhat.java-1.47.0-win32-x64\jre\21.0.8-win32-x86_64\bin\nio.dll
0x00007ffea6250000 - 0x00007ffea6260000 	c:\Users\ABC\.vscode\extensions\redhat.java-1.47.0-win32-x64\jre\21.0.8-win32-x86_64\bin\verify.dll
0x00007ffe7deb0000 - 0x00007ffe7def4000 	C:\Users\ABC\AppData\Roaming\Code\User\globalStorage\redhat.java\1.47.0\config_win\org.eclipse.equinox.launcher\org.eclipse.equinox.launcher.win32.win32.x86_64_1.2.1400.v20250801-0854\eclipse_11916.dll
0x00007ffeb4830000 - 0x00007ffeb49c7000 	C:\WINDOWS\System32\ole32.dll
0x00007ffeb2740000 - 0x00007ffeb275b000 	C:\WINDOWS\SYSTEM32\CRYPTSP.dll
0x00007ffeb1e70000 - 0x00007ffeb1eaa000 	C:\WINDOWS\system32\rsaenh.dll
0x00007ffeb2530000 - 0x00007ffeb255b000 	C:\WINDOWS\SYSTEM32\USERENV.dll
0x00007ffeb3040000 - 0x00007ffeb306a000 	C:\WINDOWS\SYSTEM32\bcrypt.dll
0x00007ffeb2760000 - 0x00007ffeb276c000 	C:\WINDOWS\SYSTEM32\CRYPTBASE.dll
0x00007ffeb1920000 - 0x00007ffeb1954000 	C:\WINDOWS\SYSTEM32\IPHLPAPI.DLL
0x00007ffeb4820000 - 0x00007ffeb482a000 	C:\WINDOWS\System32\NSI.dll
0x00007ffe6dc80000 - 0x00007ffe6dcc9000 	C:\Users\ABC\AppData\Local\Temp\jna-64578\jna10657685197958649153.dll
0x00007ffeb57c0000 - 0x00007ffeb57c8000 	C:\WINDOWS\System32\PSAPI.DLL
0x00007ffeaaf70000 - 0x00007ffeaaf8e000 	C:\WINDOWS\SYSTEM32\dhcpcsvc6.DLL
0x00007ffeaaf40000 - 0x00007ffeaaf63000 	C:\WINDOWS\SYSTEM32\dhcpcsvc.DLL
0x00007ffea6230000 - 0x00007ffea623e000 	C:\Users\ABC\.vscode\extensions\redhat.java-1.47.0-win32-x64\jre\21.0.8-win32-x86_64\bin\sunmscapi.dll
0x00007ffeb3c20000 - 0x00007ffeb3d97000 	C:\WINDOWS\System32\CRYPT32.dll
0x00007ffeb2960000 - 0x00007ffeb2990000 	C:\WINDOWS\SYSTEM32\ncrypt.dll
0x00007ffeb2910000 - 0x00007ffeb294f000 	C:\WINDOWS\SYSTEM32\NTASN1.dll
0x00007ffeb1a10000 - 0x00007ffeb1b3c000 	C:\WINDOWS\SYSTEM32\DNSAPI.dll
0x00007ffea9820000 - 0x00007ffea982b000 	C:\Windows\System32\rasadhlp.dll
0x00007ffeab260000 - 0x00007ffeab2e6000 	C:\WINDOWS\System32\fwpuclnt.dll
0x00007ffe9e940000 - 0x00007ffe9e949000 	C:\Users\ABC\.vscode\extensions\redhat.java-1.47.0-win32-x64\jre\21.0.8-win32-x86_64\bin\extnet.dll

JVMTI agents:
c:\Users\ABC\.vscode\extensions\redhat.java-1.47.0-win32-x64\lombok\lombok-1.18.39-4050.jar path:c:\Users\ABC\.vscode\extensions\redhat.java-1.47.0-win32-x64\jre\21.0.8-win32-x86_64\bin\instrument.dll, loaded, initialized, instrumentlib options:none

dbghelp: loaded successfully - version: 4.0.5 - missing functions: none
symbol engine: initialized successfully - sym options: 0x614 - pdb path: .;c:\Users\ABC\.vscode\extensions\redhat.java-1.47.0-win32-x64\jre\21.0.8-win32-x86_64\bin;C:\WINDOWS\SYSTEM32;C:\WINDOWS\WinSxS\amd64_microsoft.windows.common-controls_6595b64144ccf1df_6.0.26100.7019_none_3e06ffa0e335b8a8;c:\Users\ABC\.vscode\extensions\redhat.java-1.47.0-win32-x64\jre\21.0.8-win32-x86_64\bin\server;C:\Users\ABC\AppData\Roaming\Code\User\globalStorage\redhat.java\1.47.0\config_win\org.eclipse.equinox.launcher\org.eclipse.equinox.launcher.win32.win32.x86_64_1.2.1400.v20250801-0854;C:\Users\ABC\AppData\Local\Temp\jna-64578

VM Arguments:
jvm_args: --add-modules=ALL-SYSTEM --add-opens=java.base/java.util=ALL-UNNAMED --add-opens=java.base/java.lang=ALL-UNNAMED --add-opens=java.base/sun.nio.fs=ALL-UNNAMED -Declipse.application=org.eclipse.jdt.ls.core.id1 -Dosgi.bundles.defaultStartLevel=4 -Declipse.product=org.eclipse.jdt.ls.core.product -Djava.import.generatesMetadataFilesAtProjectRoot=false -DDetectVMInstallationsJob.disabled=true -Dfile.encoding=utf8 -XX:+UseParallelGC -XX:GCTimeRatio=4 -XX:AdaptiveSizePolicyWeight=90 -Dsun.zip.disableMemoryMapping=true -Xmx2G -Xms100m -Xlog:disable -javaagent:c:\Users\ABC\.vscode\extensions\redhat.java-1.47.0-win32-x64\lombok\lombok-1.18.39-4050.jar -XX:+HeapDumpOnOutOfMemoryError -XX:HeapDumpPath=c:\Users\ABC\AppData\Roaming\Code\User\workspaceStorage\09900b7bbfc0595375470d97b0339163\redhat.java -Daether.dependencyCollector.impl=bf 
java_command: c:\Users\ABC\.vscode\extensions\redhat.java-1.47.0-win32-x64\server\plugins\org.eclipse.equinox.launcher_1.7.100.v20251014-1222.jar -configuration c:\Users\ABC\AppData\Roaming\Code\User\globalStorage\redhat.java\1.47.0\config_win -data c:\Users\ABC\AppData\Roaming\Code\User\workspaceStorage\09900b7bbfc0595375470d97b0339163\redhat.java\jdt_ws --pipe=\\.\pipe\lsp-729dbc6c3d41650fab67ab8d79628be0-sock
java_class_path (initial): c:\Users\ABC\.vscode\extensions\redhat.java-1.47.0-win32-x64\server\plugins\org.eclipse.equinox.launcher_1.7.100.v20251014-1222.jar
Launcher Type: SUN_STANDARD

[Global flags]
    uintx AdaptiveSizePolicyWeight                 = 90                                        {product} {command line}
     intx CICompilerCount                          = 4                                         {product} {ergonomic}
    uintx GCTimeRatio                              = 4                                         {product} {command line}
     bool HeapDumpOnOutOfMemoryError               = true                                   {manageable} {command line}
    ccstr HeapDumpPath                             = c:\Users\ABC\AppData\Roaming\Code\User\workspaceStorage\09900b7bbfc0595375470d97b0339163\redhat.java         {manageable} {command line}
   size_t InitialHeapSize                          = 104857600                                 {product} {command line}
   size_t MaxHeapSize                              = 2147483648                                {product} {command line}
   size_t MaxNewSize                               = 715653120                                 {product} {ergonomic}
   size_t MinHeapDeltaBytes                        = 524288                                    {product} {ergonomic}
   size_t MinHeapSize                              = 104857600                                 {product} {command line}
   size_t NewSize                                  = 34603008                                  {product} {ergonomic}
    uintx NonNMethodCodeHeapSize                   = 5839372                                {pd product} {ergonomic}
    uintx NonProfiledCodeHeapSize                  = 122909434                              {pd product} {ergonomic}
   size_t OldSize                                  = 70254592                                  {product} {ergonomic}
    uintx ProfiledCodeHeapSize                     = 122909434                              {pd product} {ergonomic}
    uintx ReservedCodeCacheSize                    = 251658240                              {pd product} {ergonomic}
     bool SegmentedCodeCache                       = true                                      {product} {ergonomic}
   size_t SoftMaxHeapSize                          = 2147483648                             {manageable} {ergonomic}
     bool UseCompressedOops                        = true                           {product lp64_product} {ergonomic}
     bool UseLargePagesIndividualAllocation        = false                                  {pd product} {ergonomic}
     bool UseParallelGC                            = true                                      {product} {command line}

Logging:
Log output configuration:
 #0: stdout all=off uptime,level,tags foldmultilines=false
 #1: stderr all=off uptime,level,tags foldmultilines=false

Environment Variables:
PATH=C:\Program Files\Common Files\Oracle\Java\javapath;C:\Program Files (x86)\Common Files\Oracle\Java\java8path;C:\Program Files (x86)\Common Files\Oracle\Java\javapath;C:\WINDOWS\system32;C:\WINDOWS;C:\WINDOWS\System32\Wbem;C:\WINDOWS\System32\WindowsPowerShell\v1.0\;C:\WINDOWS\System32\OpenSSH\;C:\Users\ABC\Downloads\apache-maven-3.9.9-bin\apache-maven-3.9.9\bin;D:\node;D:\github\Git\cmd;C:\Users\ABC\AppData\Local\Programs\Python\Python313\Scripts\;C:\Users\ABC\AppData\Local\Programs\Python\Python313\;C:\Users\ABC\scoop\shims;C:\Users\ABC\AppData\Local\Microsoft\WindowsApps;C:\msys64\ucrt64\bin;C:\msys64\mingw64\bin;D:\intelij\IntelliJ IDEA 2024.2.1\bin;;C:\Program Files\JetBrains\IntelliJ IDEA Community Edition 2024.2.1\bin;;D:\Microsoft VS Code\bin;D:\vscode\chromedriver-win64;C:\Users\ABC\Downloads\apache-maven-3.9.9-bin\apache-maven-3.9.9\bin;D:\node;
USERNAME=ABC
OS=Windows_NT
PROCESSOR_IDENTIFIER=Intel64 Family 6 Model 140 Stepping 1, GenuineIntel
TMP=C:\Users\ABC\AppData\Local\Temp
TEMP=C:\Users\ABC\AppData\Local\Temp




Periodic native trim disabled

---------------  S Y S T E M  ---------------

OS:
 Windows 11 , 64 bit Build 26100 (10.0.26100.7019)
OS uptime: 1 days 0:49 hours

CPU: total 8 (initial active 8) (4 cores per cpu, 2 threads per core) family 6 model 140 stepping 1 microcode 0xa4, cx8, cmov, fxsr, ht, mmx, 3dnowpref, sse, sse2, sse3, ssse3, sse4.1, sse4.2, popcnt, lzcnt, tsc, tscinvbit, avx, avx2, aes, erms, clmul, bmi1, bmi2, adx, avx512f, avx512dq, avx512cd, avx512bw, avx512vl, sha, fma, vzeroupper, avx512_vpopcntdq, avx512_vpclmulqdq, avx512_vaes, avx512_vnni, clflush, clflushopt, clwb, avx512_vbmi2, avx512_vbmi, rdtscp, rdpid, fsrm, gfni, avx512_bitalg, f16c, pku, cet_ibt, cet_ss, avx512_ifma
Processor Information for processor 0
  Max Mhz: 2611, Current Mhz: 2611, Mhz Limit: 2611
Processor Information for processor 1
  Max Mhz: 2611, Current Mhz: 2611, Mhz Limit: 2611
Processor Information for processor 2
  Max Mhz: 2611, Current Mhz: 2611, Mhz Limit: 2611
Processor Information for processor 3
  Max Mhz: 2611, Current Mhz: 2611, Mhz Limit: 2611
Processor Information for processor 4
  Max Mhz: 2611, Current Mhz: 1004, Mhz Limit: 2611
Processor Information for processor 5
  Max Mhz: 2611, Current Mhz: 2611, Mhz Limit: 2611
Processor Information for processor 6
  Max Mhz: 2611, Current Mhz: 1004, Mhz Limit: 2611
Processor Information for processor 7
  Max Mhz: 2611, Current Mhz: 2611, Mhz Limit: 2611

Memory: 4k page, system-wide physical 7934M (542M free)
TotalPageFile size 19460M (AvailPageFile size 3M)
current process WorkingSet (physical memory assigned to process): 21M, peak: 648M
current process commit charge ("private bytes"): 758M, peak: 766M

vm_info: OpenJDK 64-Bit Server VM (21.0.8+9-LTS) for windows-amd64 JRE (21.0.8+9-LTS), built on 2025-07-15T00:00:00Z by "admin" with MS VC++ 17.7 (VS2022)

END.
