#
# There is insufficient memory for the Java Runtime Environment to continue.
# Native memory allocation (malloc) failed to allocate 1084336 bytes. Error detail: Chunk::new
# Possible reasons:
#   The system is out of physical RAM or swap space
#   This process is running with CompressedOops enabled, and the Java Heap may be blocking the growth of the native heap
# Possible solutions:
#   Reduce memory load on the system
#   Increase physical memory or swap space
#   Check if swap backing store is full
#   Decrease Java heap size (-Xmx/-Xms)
#   Decrease number of Java threads
#   Decrease Java thread stack sizes (-Xss)
#   Set larger code cache with -XX:ReservedCodeCacheSize=
#   JVM is running with Unscaled Compressed Oops mode in which the Java heap is
#     placed in the first 4GB address space. The Java Heap base address is the
#     maximum limit for the native heap growth. Please use -XX:HeapBaseMinAddress
#     to set the Java Heap base and to place the Java Heap above 4GB virtual address.
# This output file may be truncated or incomplete.
#
#  Out of Memory Error (arena.cpp:168), pid=4064, tid=9456
#
# JRE version: OpenJDK Runtime Environment Temurin-21.0.8+9 (21.0.8+9) (build 21.0.8+9-LTS)
# Java VM: OpenJDK 64-Bit Server VM Temurin-21.0.8+9 (21.0.8+9-LTS, mixed mode, sharing, tiered, compressed oops, compressed class ptrs, parallel gc, windows-amd64)
# No core dump will be written. Minidumps are not enabled by default on client versions of Windows
#

---------------  S U M M A R Y ------------

Command Line: --add-modules=ALL-SYSTEM --add-opens=java.base/java.util=ALL-UNNAMED --add-opens=java.base/java.lang=ALL-UNNAMED --add-opens=java.base/sun.nio.fs=ALL-UNNAMED -Declipse.application=org.eclipse.jdt.ls.core.id1 -Dosgi.bundles.defaultStartLevel=4 -Declipse.product=org.eclipse.jdt.ls.core.product -Djava.import.generatesMetadataFilesAtProjectRoot=false -DDetectVMInstallationsJob.disabled=true -Dfile.encoding=utf8 -XX:+UseParallelGC -XX:GCTimeRatio=4 -XX:AdaptiveSizePolicyWeight=90 -Dsun.zip.disableMemoryMapping=true -Xmx2G -Xms100m -Xlog:disable -javaagent:c:\Users\ABC\.vscode\extensions\redhat.java-1.47.0-win32-x64\lombok\lombok-1.18.39-4050.jar -XX:+HeapDumpOnOutOfMemoryError -XX:HeapDumpPath=c:\Users\ABC\AppData\Roaming\Code\User\workspaceStorage\09900b7bbfc0595375470d97b0339163\redhat.java -Daether.dependencyCollector.impl=bf c:\Users\ABC\.vscode\extensions\redhat.java-1.47.0-win32-x64\server\plugins\org.eclipse.equinox.launcher_1.7.100.v20251014-1222.jar -configuration c:\Users\ABC\AppData\Roaming\Code\User\globalStorage\redhat.java\1.47.0\config_win -data c:\Users\ABC\AppData\Roaming\Code\User\workspaceStorage\09900b7bbfc0595375470d97b0339163\redhat.java\jdt_ws --pipe=\\.\pipe\lsp-f16119b70fb090569d326e275c379976-sock

Host: 11th Gen Intel(R) Core(TM) i5-11300H @ 3.10GHz, 8 cores, 7G,  Windows 11 , 64 bit Build 26100 (10.0.26100.7019)
Time: Sat Nov  1 13:00:11 2025 SE Asia Standard Time elapsed time: 92.206101 seconds (0d 0h 1m 32s)

---------------  T H R E A D  ---------------

Current thread (0x000001a4f7784010):  JavaThread "C2 CompilerThread1" daemon [_thread_in_native, id=9456, stack(0x00000042eb200000,0x00000042eb300000) (1024K)]


Current CompileTask:
C2:92206 13971   !   4       lombok.core.FieldAugment$ReflectionFieldAugment::getAndSet (80 bytes)

Stack: [0x00000042eb200000,0x00000042eb300000]
Native frames: (J=compiled Java code, j=interpreted, Vv=VM code, C=native code)
V  [jvm.dll+0x6d2449]
V  [jvm.dll+0x8ae341]
V  [jvm.dll+0x8b08be]
V  [jvm.dll+0x8b0fa3]
V  [jvm.dll+0x280c96]
V  [jvm.dll+0xc581d]
V  [jvm.dll+0xc5d53]
V  [jvm.dll+0x2f539d]
V  [jvm.dll+0x5fa00a]
V  [jvm.dll+0x252092]
V  [jvm.dll+0x24aa06]
V  [jvm.dll+0x2483a4]
V  [jvm.dll+0x1c89ee]
V  [jvm.dll+0x257d4d]
V  [jvm.dll+0x2562ea]
V  [jvm.dll+0x3f2d16]
V  [jvm.dll+0x857e6b]
V  [jvm.dll+0x6d0b0d]
C  [ucrtbase.dll+0x37b0]
C  [KERNEL32.DLL+0x2e8d7]
C  [ntdll.dll+0x8c53c]


---------------  P R O C E S S  ---------------

Threads class SMR info:
_java_thread_list=0x000001a4f6e7b030, length=68, elements={
0x000001a49456d050, 0x000001a4944df570, 0x000001a4944e2950, 0x000001a4944e5ab0,
0x000001a4944e6700, 0x000001a4944e88b0, 0x000001a4944fbc00, 0x000001a4945049b0,
0x000001a494505050, 0x000001a4ed946f70, 0x000001a4edb6c9e0, 0x000001a4f2429fb0,
0x000001a4f282b4b0, 0x000001a4edc0bc40, 0x000001a4f2448430, 0x000001a4f2b8deb0,
0x000001a4f205f950, 0x000001a4f263c990, 0x000001a4f2d6c8d0, 0x000001a4f2d17050,
0x000001a4f2d14f80, 0x000001a4f2d176e0, 0x000001a4f2d14260, 0x000001a4f2d15610,
0x000001a4f2d169c0, 0x000001a4f2d148f0, 0x000001a4f2d15ca0, 0x000001a4f2d16330,
0x000001a4f2a27570, 0x000001a4f2a28fb0, 0x000001a4f2a2a360, 0x000001a4f2a27c00,
0x000001a4f2a29640, 0x000001a4f2a28290, 0x000001a4f2a26ee0, 0x000001a4f2a28920,
0x000001a4f2a29cd0, 0x000001a4f622d780, 0x000001a4f622f850, 0x000001a4f622de10,
0x000001a4f622eb30, 0x000001a4f622d0f0, 0x000001a4f622c3d0, 0x000001a4f622e4a0,
0x000001a4f622f1c0, 0x000001a4f622fee0, 0x000001a4f622ca60, 0x000001a4f6232cd0,
0x000001a4f6231290, 0x000001a4f6230c00, 0x000001a4f6230570, 0x000001a4f6232640,
0x000001a4f62339f0, 0x000001a4f6233360, 0x000001a4f56a5b80, 0x000001a4f56a68a0,
0x000001a4f56a6f30, 0x000001a4f56a4e60, 0x000001a4f56a47d0, 0x000001a4f56a82e0,
0x000001a4f56a8970, 0x000001a4f56a54f0, 0x000001a4f56a9000, 0x000001a4f56a9690,
0x000001a4f56a6210, 0x000001a4f56a9d20, 0x000001a4f56ab760, 0x000001a4f7784010
}

Java Threads: ( => current thread )
  0x000001a49456d050 JavaThread "main"                              [_thread_blocked, id=1872, stack(0x00000042eb500000,0x00000042eb600000) (1024K)]
  0x000001a4944df570 JavaThread "Reference Handler"          daemon [_thread_blocked, id=21816, stack(0x00000042eb900000,0x00000042eba00000) (1024K)]
  0x000001a4944e2950 JavaThread "Finalizer"                  daemon [_thread_blocked, id=4208, stack(0x00000042eba00000,0x00000042ebb00000) (1024K)]
  0x000001a4944e5ab0 JavaThread "Signal Dispatcher"          daemon [_thread_blocked, id=10268, stack(0x00000042ebb00000,0x00000042ebc00000) (1024K)]
  0x000001a4944e6700 JavaThread "Attach Listener"            daemon [_thread_blocked, id=5640, stack(0x00000042ebc00000,0x00000042ebd00000) (1024K)]
  0x000001a4944e88b0 JavaThread "Service Thread"             daemon [_thread_blocked, id=9896, stack(0x00000042ebd00000,0x00000042ebe00000) (1024K)]
  0x000001a4944fbc00 JavaThread "Monitor Deflation Thread"   daemon [_thread_blocked, id=3008, stack(0x00000042ebe00000,0x00000042ebf00000) (1024K)]
  0x000001a4945049b0 JavaThread "C2 CompilerThread0"         daemon [_thread_in_native, id=15872, stack(0x00000042ebf00000,0x00000042ec000000) (1024K)]
  0x000001a494505050 JavaThread "C1 CompilerThread0"         daemon [_thread_blocked, id=16148, stack(0x00000042ec000000,0x00000042ec100000) (1024K)]
  0x000001a4ed946f70 JavaThread "Common-Cleaner"             daemon [_thread_blocked, id=2884, stack(0x00000042ec100000,0x00000042ec200000) (1024K)]
  0x000001a4edb6c9e0 JavaThread "Notification Thread"        daemon [_thread_blocked, id=19992, stack(0x00000042ec200000,0x00000042ec300000) (1024K)]
  0x000001a4f2429fb0 JavaThread "Active Thread: Equinox Container: a971bf84-89b3-4c5b-b360-a3ac7c94ba90"        [_thread_blocked, id=11792, stack(0x00000042eca00000,0x00000042ecb00000) (1024K)]
  0x000001a4f282b4b0 JavaThread "Refresh Thread: Equinox Container: a971bf84-89b3-4c5b-b360-a3ac7c94ba90" daemon [_thread_blocked, id=20060, stack(0x00000042ec900000,0x00000042eca00000) (1024K)]
  0x000001a4edc0bc40 JavaThread "Framework Event Dispatcher: Equinox Container: a971bf84-89b3-4c5b-b360-a3ac7c94ba90" daemon [_thread_blocked, id=9836, stack(0x00000042ecc00000,0x00000042ecd00000) (1024K)]
  0x000001a4f2448430 JavaThread "Start Level: Equinox Container: a971bf84-89b3-4c5b-b360-a3ac7c94ba90" daemon [_thread_blocked, id=13568, stack(0x00000042ecd00000,0x00000042ece00000) (1024K)]
  0x000001a4f2b8deb0 JavaThread "Bundle File Closer"         daemon [_thread_blocked, id=19880, stack(0x00000042ece00000,0x00000042ecf00000) (1024K)]
  0x000001a4f205f950 JavaThread "SCR Component Actor"        daemon [_thread_blocked, id=3048, stack(0x00000042ecf00000,0x00000042ed000000) (1024K)]
  0x000001a4f263c990 JavaThread "Worker-JM"                         [_thread_blocked, id=9136, stack(0x00000042ed100000,0x00000042ed200000) (1024K)]
  0x000001a4f2d6c8d0 JavaThread "JNA Cleaner"                daemon [_thread_blocked, id=15336, stack(0x00000042ed000000,0x00000042ed100000) (1024K)]
  0x000001a4f2d17050 JavaThread "Worker-0"                          [_thread_blocked, id=3552, stack(0x00000042ed200000,0x00000042ed300000) (1024K)]
  0x000001a4f2d14f80 JavaThread "Worker-1"                          [_thread_blocked, id=19396, stack(0x00000042ed300000,0x00000042ed400000) (1024K)]
  0x000001a4f2d176e0 JavaThread "Worker-2: Building"                [_thread_blocked, id=19508, stack(0x00000042ed500000,0x00000042ed600000) (1024K)]
  0x000001a4f2d14260 JavaThread "Worker-3"                          [_thread_blocked, id=6636, stack(0x00000042ed600000,0x00000042ed700000) (1024K)]
  0x000001a4f2d15610 JavaThread "Java indexing"              daemon [_thread_blocked, id=14992, stack(0x00000042ed800000,0x00000042ed900000) (1024K)]
  0x000001a4f2d169c0 JavaThread "Worker-4: Register Watchers"        [_thread_blocked, id=9308, stack(0x00000042ed900000,0x00000042eda00000) (1024K)]
  0x000001a4f2d148f0 JavaThread "Thread-1"                   daemon [_thread_in_native, id=19748, stack(0x00000042edd00000,0x00000042ede00000) (1024K)]
  0x000001a4f2d15ca0 JavaThread "Thread-2"                   daemon [_thread_in_native, id=16108, stack(0x00000042ede00000,0x00000042edf00000) (1024K)]
  0x000001a4f2d16330 JavaThread "Thread-3"                   daemon [_thread_in_native, id=17516, stack(0x00000042edf00000,0x00000042ee000000) (1024K)]
  0x000001a4f2a27570 JavaThread "Thread-4"                   daemon [_thread_in_native, id=1376, stack(0x00000042ee000000,0x00000042ee100000) (1024K)]
  0x000001a4f2a28fb0 JavaThread "Thread-5"                   daemon [_thread_in_native, id=2112, stack(0x00000042ee100000,0x00000042ee200000) (1024K)]
  0x000001a4f2a2a360 JavaThread "Thread-6"                   daemon [_thread_in_native, id=9436, stack(0x00000042ee200000,0x00000042ee300000) (1024K)]
  0x000001a4f2a27c00 JavaThread "Thread-7"                   daemon [_thread_in_native, id=10800, stack(0x00000042ee300000,0x00000042ee400000) (1024K)]
  0x000001a4f2a29640 JavaThread "Thread-8"                   daemon [_thread_in_native, id=18032, stack(0x00000042ee400000,0x00000042ee500000) (1024K)]
  0x000001a4f2a28290 JavaThread "Thread-9"                   daemon [_thread_in_native, id=6960, stack(0x00000042ee500000,0x00000042ee600000) (1024K)]
  0x000001a4f2a26ee0 JavaThread "pool-2-thread-1"                   [_thread_blocked, id=4608, stack(0x00000042ee600000,0x00000042ee700000) (1024K)]
  0x000001a4f2a28920 JavaThread "WorkspaceEventsHandler"            [_thread_blocked, id=2308, stack(0x00000042ee700000,0x00000042ee800000) (1024K)]
  0x000001a4f2a29cd0 JavaThread "pool-1-thread-1"                   [_thread_blocked, id=18892, stack(0x00000042ee800000,0x00000042ee900000) (1024K)]
  0x000001a4f622d780 JavaThread "LocalFile Deleter"          daemon [_thread_blocked, id=3452, stack(0x00000042ee900000,0x00000042eea00000) (1024K)]
  0x000001a4f622f850 JavaThread "LocalFile Deleter"          daemon [_thread_blocked, id=688, stack(0x00000042eea00000,0x00000042eeb00000) (1024K)]
  0x000001a4f622de10 JavaThread "LocalFile Deleter"          daemon [_thread_blocked, id=22016, stack(0x00000042eeb00000,0x00000042eec00000) (1024K)]
  0x000001a4f622eb30 JavaThread "LocalFile Deleter"          daemon [_thread_blocked, id=9752, stack(0x00000042eec00000,0x00000042eed00000) (1024K)]
  0x000001a4f622d0f0 JavaThread "LocalFile Deleter"          daemon [_thread_blocked, id=11884, stack(0x00000042eed00000,0x00000042eee00000) (1024K)]
  0x000001a4f622c3d0 JavaThread "LocalFile Deleter"          daemon [_thread_blocked, id=17332, stack(0x00000042eee00000,0x00000042eef00000) (1024K)]
  0x000001a4f622e4a0 JavaThread "LocalFile Deleter"          daemon [_thread_blocked, id=8836, stack(0x00000042eef00000,0x00000042ef000000) (1024K)]
  0x000001a4f622f1c0 JavaThread "LocalFile Deleter"          daemon [_thread_blocked, id=20984, stack(0x00000042ef000000,0x00000042ef100000) (1024K)]
  0x000001a4f622fee0 JavaThread "Compiler Source File Reader" daemon [_thread_blocked, id=16924, stack(0x00000042ef100000,0x00000042ef200000) (1024K)]
  0x000001a4f622ca60 JavaThread "Compiler Source File Reader" daemon [_thread_blocked, id=19536, stack(0x00000042ef200000,0x00000042ef300000) (1024K)]
  0x000001a4f6232cd0 JavaThread "Compiler Source File Reader" daemon [_thread_blocked, id=6660, stack(0x00000042ef300000,0x00000042ef400000) (1024K)]
  0x000001a4f6231290 JavaThread "Compiler Source File Reader" daemon [_thread_blocked, id=11164, stack(0x00000042ef400000,0x00000042ef500000) (1024K)]
  0x000001a4f6230c00 JavaThread "Compiler Source File Reader" daemon [_thread_blocked, id=17932, stack(0x00000042ef500000,0x00000042ef600000) (1024K)]
  0x000001a4f6230570 JavaThread "Compiler Source File Reader" daemon [_thread_blocked, id=10716, stack(0x00000042ef600000,0x00000042ef700000) (1024K)]
  0x000001a4f6232640 JavaThread "Compiler Processing Task"   daemon [_thread_blocked, id=13400, stack(0x00000042ef700000,0x00000042ef800000) (1024K)]
  0x000001a4f62339f0 JavaThread "Compiler Class File Writer" daemon [_thread_blocked, id=4048, stack(0x00000042ef800000,0x00000042ef900000) (1024K)]
  0x000001a4f6233360 JavaThread "Compiler Class File Writer" daemon [_thread_blocked, id=2496, stack(0x00000042ef900000,0x00000042efa00000) (1024K)]
  0x000001a4f56a5b80 JavaThread "Compiler Class File Writer" daemon [_thread_blocked, id=18028, stack(0x00000042efa00000,0x00000042efb00000) (1024K)]
  0x000001a4f56a68a0 JavaThread "Compiler Class File Writer" daemon [_thread_blocked, id=19080, stack(0x00000042efb00000,0x00000042efc00000) (1024K)]
  0x000001a4f56a6f30 JavaThread "Compiler Class File Writer" daemon [_thread_blocked, id=4092, stack(0x00000042efc00000,0x00000042efd00000) (1024K)]
  0x000001a4f56a4e60 JavaThread "Compiler Class File Writer" daemon [_thread_blocked, id=12220, stack(0x00000042efd00000,0x00000042efe00000) (1024K)]
  0x000001a4f56a47d0 JavaThread "ForkJoinPool.commonPool-worker-1" daemon [_thread_blocked, id=20216, stack(0x00000042ed400000,0x00000042ed500000) (1024K)]
  0x000001a4f56a82e0 JavaThread "ForkJoinPool.commonPool-worker-2" daemon [_thread_blocked, id=4032, stack(0x00000042ed700000,0x00000042ed800000) (1024K)]
  0x000001a4f56a8970 JavaThread "ForkJoinPool.commonPool-worker-3" daemon [_thread_blocked, id=16040, stack(0x00000042efe00000,0x00000042eff00000) (1024K)]
  0x000001a4f56a54f0 JavaThread "ForkJoinPool.commonPool-worker-4" daemon [_thread_blocked, id=20020, stack(0x00000042eff00000,0x00000042f0000000) (1024K)]
  0x000001a4f56a9000 JavaThread "ForkJoinPool.commonPool-worker-5" daemon [_thread_blocked, id=7380, stack(0x00000042f0000000,0x00000042f0100000) (1024K)]
  0x000001a4f56a9690 JavaThread "ForkJoinPool.commonPool-worker-6" daemon [_thread_blocked, id=19228, stack(0x00000042f0100000,0x00000042f0200000) (1024K)]
  0x000001a4f56a6210 JavaThread "ForkJoinPool.commonPool-worker-7" daemon [_thread_blocked, id=17744, stack(0x00000042f0200000,0x00000042f0300000) (1024K)]
  0x000001a4f56a9d20 JavaThread "Cleaner-0"                  daemon [_thread_blocked, id=15852, stack(0x00000042f0300000,0x00000042f0400000) (1024K)]
  0x000001a4f56ab760 JavaThread "Worker-5"                          [_thread_blocked, id=11748, stack(0x00000042eb300000,0x00000042eb400000) (1024K)]
=>0x000001a4f7784010 JavaThread "C2 CompilerThread1"         daemon [_thread_in_native, id=9456, stack(0x00000042eb200000,0x00000042eb300000) (1024K)]
Total: 68

Other Threads:
  0x000001a49462ebf0 VMThread "VM Thread"                           [id=2748, stack(0x00000042eb800000,0x00000042eb900000) (1024K)]
  0x000001a4945d9e10 WatcherThread "VM Periodic Task Thread"        [id=19276, stack(0x00000042eb700000,0x00000042eb800000) (1024K)]
  0x000001a49458b4c0 WorkerThread "GC Thread#0"                     [id=21608, stack(0x00000042eb600000,0x00000042eb700000) (1024K)]
  0x000001a4f2343aa0 WorkerThread "GC Thread#1"                     [id=18436, stack(0x00000042ec300000,0x00000042ec400000) (1024K)]
  0x000001a4f2343e40 WorkerThread "GC Thread#2"                     [id=19332, stack(0x00000042ec400000,0x00000042ec500000) (1024K)]
  0x000001a4f23441e0 WorkerThread "GC Thread#3"                     [id=1092, stack(0x00000042ec500000,0x00000042ec600000) (1024K)]
  0x000001a4f2246fb0 WorkerThread "GC Thread#4"                     [id=2920, stack(0x00000042ec600000,0x00000042ec700000) (1024K)]
  0x000001a4f2247350 WorkerThread "GC Thread#5"                     [id=10580, stack(0x00000042ec700000,0x00000042ec800000) (1024K)]
  0x000001a4f22476f0 WorkerThread "GC Thread#6"                     [id=20572, stack(0x00000042ec800000,0x00000042ec900000) (1024K)]
  0x000001a4f28250a0 WorkerThread "GC Thread#7"                     [id=10172, stack(0x00000042ecb00000,0x00000042ecc00000) (1024K)]
Total: 10

Threads with active compile tasks:
C2 CompilerThread0  94295 13953       4       org.eclipse.jdt.internal.core.builder.NameEnvironment::findClass (486 bytes)
C1 CompilerThread0  94295 14092       3       org.eclipse.jdt.internal.compiler.ast.Annotation::checkAnnotationTarget (99 bytes)
C2 CompilerThread1  94296 13971   !   4       lombok.core.FieldAugment$ReflectionFieldAugment::getAndSet (80 bytes)
Total: 3

VM state: not at safepoint (normal execution)

VM Mutex/Monitor currently owned by a thread: None

Heap address: 0x0000000080000000, size: 2048 MB, Compressed Oops mode: 32-bit

CDS archive(s) mapped at: [0x000001a4ab000000-0x000001a4abba0000-0x000001a4abba0000), size 12189696, SharedBaseAddress: 0x000001a4ab000000, ArchiveRelocationMode: 1.
Compressed class space mapped at: 0x000001a4ac000000-0x000001a4ec000000, reserved size: 1073741824
Narrow klass base: 0x000001a4ab000000, Narrow klass shift: 0, Narrow klass range: 0x100000000

GC Precious Log:
 CardTable entry size: 512
 CPUs: 8 total, 8 available
 Memory: 7934M
 Large Page Support: Disabled
 NUMA Support: Disabled
 Compressed Oops: Enabled (32-bit)
 Alignments: Space 512K, Generation 512K, Heap 2M
 Heap Min Capacity: 100M
 Heap Initial Capacity: 100M
 Heap Max Capacity: 2G
 Pre-touch: Disabled
 Parallel Workers: 8

Heap:
 PSYoungGen      total 6144K, used 3884K [0x00000000d5580000, 0x00000000d5e00000, 0x0000000100000000)
  eden space 5120K, 58% used [0x00000000d5580000,0x00000000d5873240,0x00000000d5a80000)
  from space 1024K, 84% used [0x00000000d5d00000,0x00000000d5dd8000,0x00000000d5e00000)
  to   space 1024K, 0% used [0x00000000d5c00000,0x00000000d5c00000,0x00000000d5d00000)
 ParOldGen       total 401408K, used 401385K [0x0000000080000000, 0x0000000098800000, 0x00000000d5580000)
  object space 401408K, 99% used [0x0000000080000000,0x00000000987fa658,0x0000000098800000)
 Metaspace       used 72741K, committed 74368K, reserved 1179648K
  class space    used 7644K, committed 8384K, reserved 1048576K

Card table byte_map: [0x000001a493f10000,0x000001a494320000] _byte_map_base: 0x000001a493b10000

Marking Bits: (ParMarkBitMap*) 0x00007ffe093ea340
 Begin Bits: [0x000001a4a6a10000, 0x000001a4a8a10000)
 End Bits:   [0x000001a4a8a10000, 0x000001a4aaa10000)

Polling page: 0x000001a492580000

Metaspace:

Usage:
  Non-class:     63.57 MB used.
      Class:      7.47 MB used.
       Both:     71.04 MB used.

Virtual space:
  Non-class space:      128.00 MB reserved,      64.44 MB ( 50%) committed,  2 nodes.
      Class space:        1.00 GB reserved,       8.19 MB ( <1%) committed,  1 nodes.
             Both:        1.12 GB reserved,      72.62 MB (  6%) committed. 

Chunk freelists:
   Non-Class:  15.20 MB
       Class:  7.79 MB
        Both:  22.99 MB

MaxMetaspaceSize: unlimited
CompressedClassSpaceSize: 1.00 GB
Initial GC threshold: 21.00 MB
Current GC threshold: 97.31 MB
CDS: on
 - commit_granule_bytes: 65536.
 - commit_granule_words: 8192.
 - virtual_space_node_default_size: 8388608.
 - enlarge_chunks_in_place: 1.
 - use_allocation_guard: 0.


Internal statistics:

num_allocs_failed_limit: 9.
num_arena_births: 1408.
num_arena_deaths: 14.
num_vsnodes_births: 3.
num_vsnodes_deaths: 0.
num_space_committed: 1162.
num_space_uncommitted: 0.
num_chunks_returned_to_freelist: 23.
num_chunks_taken_from_freelist: 5091.
num_chunk_merges: 12.
num_chunk_splits: 3016.
num_chunks_enlarged: 1553.
num_inconsistent_stats: 0.

CodeHeap 'non-profiled nmethods': size=120000Kb used=9743Kb max_used=9743Kb free=110256Kb
 bounds [0x000001a49f230000, 0x000001a49fbc0000, 0x000001a4a6760000]
CodeHeap 'profiled nmethods': size=120000Kb used=30390Kb max_used=30390Kb free=89609Kb
 bounds [0x000001a497760000, 0x000001a499510000, 0x000001a49ec90000]
CodeHeap 'non-nmethods': size=5760Kb used=1482Kb max_used=1565Kb free=4277Kb
 bounds [0x000001a49ec90000, 0x000001a49ef00000, 0x000001a49f230000]
CodeCache: size=245760Kb, used=41615Kb, max_used=41698Kb, free=204142Kb
 total_blobs=14077, nmethods=13290, adapters=692, full_count=0
Compilation: enabled, stopped_count=0, restarted_count=0

Compilation events (20 events):
Event: 91.158 Thread 0x000001a494505050 14054       1       org.eclipse.jdt.internal.compiler.ast.AbstractMethodDeclaration::isCompactConstructor (2 bytes)
Event: 91.158 Thread 0x000001a494505050 nmethod 14054 0x000001a49fbb2e10 code [0x000001a49fbb2fa0, 0x000001a49fbb3068]
Event: 91.158 Thread 0x000001a494505050 14052       3       org.eclipse.jdt.internal.compiler.lookup.LookupEnvironment$CompleteTypeBindingsSteps::perform (119 bytes)
Event: 91.160 Thread 0x000001a494505050 nmethod 14052 0x000001a4994f6290 code [0x000001a4994f6540, 0x000001a4994f6dc0]
Event: 91.160 Thread 0x000001a494505050 14053   !   3       org.eclipse.jdt.internal.compiler.lookup.LookupEnvironment$CompleteTypeBindingsSteps::$SWITCH_TABLE$org$eclipse$jdt$internal$compiler$lookup$LookupEnvironment$CompleteTypeBindingsSteps (129 bytes)
Event: 91.161 Thread 0x000001a494505050 nmethod 14053 0x000001a4994f7110 code [0x000001a4994f7300, 0x000001a4994f78d0]
Event: 91.161 Thread 0x000001a494505050 14056       1       org.eclipse.jdt.internal.compiler.classfmt.AnnotationMethodInfo::getDefaultValue (5 bytes)
Event: 91.161 Thread 0x000001a494505050 nmethod 14056 0x000001a49fbb3110 code [0x000001a49fbb32a0, 0x000001a49fbb3368]
Event: 91.162 Thread 0x000001a494505050 14057       3       org.eclipse.jdt.internal.compiler.lookup.Scope::getCurrentPackage (8 bytes)
Event: 91.163 Thread 0x000001a494505050 nmethod 14057 0x000001a4994f7b10 code [0x000001a4994f7ca0, 0x000001a4994f7db8]
Event: 91.163 Thread 0x000001a494505050 14058       3       org.eclipse.jdt.internal.compiler.lookup.SourceTypeBinding::storeAnnotations (28 bytes)
Event: 91.163 Thread 0x000001a494505050 nmethod 14058 0x000001a4994f7e90 code [0x000001a4994f8060, 0x000001a4994f8310]
Event: 91.165 Thread 0x000001a494505050 14059       3       org.eclipse.jdt.internal.compiler.ast.TypeReference::resolveType (7 bytes)
Event: 91.165 Thread 0x000001a494505050 nmethod 14059 0x000001a4994f8490 code [0x000001a4994f8640, 0x000001a4994f88f8]
Event: 91.165 Thread 0x000001a494505050 14061       3       org.eclipse.jdt.internal.compiler.ast.ASTNode::resolveAnnotations (23 bytes)
Event: 91.166 Thread 0x000001a494505050 nmethod 14061 0x000001a4994f8a10 code [0x000001a4994f8be0, 0x000001a4994f8ff0]
Event: 91.166 Thread 0x000001a494505050 14060       1       org.eclipse.jdt.internal.compiler.lookup.ClassScope::referenceType (5 bytes)
Event: 91.166 Thread 0x000001a494505050 nmethod 14060 0x000001a49fbb3410 code [0x000001a49fbb35a0, 0x000001a49fbb3668]
Event: 91.170 Thread 0x000001a494505050 14062       3       com.sun.org.apache.xerces.internal.impl.XMLDocumentFragmentScannerImpl$ElementStack::<init> (57 bytes)
Event: 91.171 Thread 0x000001a494505050 nmethod 14062 0x000001a4994f9110 code [0x000001a4994f9300, 0x000001a4994f9950]

GC Heap History (20 events):
Event: 88.240 GC heap before
{Heap before GC invocations=450 (full 3):
 PSYoungGen      total 5632K, used 5632K [0x00000000d5580000, 0x00000000d5c80000, 0x0000000100000000)
  eden space 5120K, 100% used [0x00000000d5580000,0x00000000d5a80000,0x00000000d5a80000)
  from space 512K, 100% used [0x00000000d5b80000,0x00000000d5c00000,0x00000000d5c00000)
  to   space 1024K, 0% used [0x00000000d5a80000,0x00000000d5a80000,0x00000000d5b80000)
 ParOldGen       total 396800K, used 396641K [0x0000000080000000, 0x0000000098380000, 0x00000000d5580000)
  object space 396800K, 99% used [0x0000000080000000,0x0000000098358730,0x0000000098380000)
 Metaspace       used 71946K, committed 73600K, reserved 1179648K
  class space    used 7569K, committed 8320K, reserved 1048576K
}
Event: 88.244 GC heap after
{Heap after GC invocations=450 (full 3):
 PSYoungGen      total 6144K, used 384K [0x00000000d5580000, 0x00000000d5c80000, 0x0000000100000000)
  eden space 5120K, 0% used [0x00000000d5580000,0x00000000d5580000,0x00000000d5a80000)
  from space 1024K, 37% used [0x00000000d5a80000,0x00000000d5ae0000,0x00000000d5b80000)
  to   space 1024K, 0% used [0x00000000d5b80000,0x00000000d5b80000,0x00000000d5c80000)
 ParOldGen       total 397312K, used 396913K [0x0000000080000000, 0x0000000098400000, 0x00000000d5580000)
  object space 397312K, 99% used [0x0000000080000000,0x000000009839c730,0x0000000098400000)
 Metaspace       used 71946K, committed 73600K, reserved 1179648K
  class space    used 7569K, committed 8320K, reserved 1048576K
}
Event: 88.398 GC heap before
{Heap before GC invocations=451 (full 3):
 PSYoungGen      total 6144K, used 5504K [0x00000000d5580000, 0x00000000d5c80000, 0x0000000100000000)
  eden space 5120K, 100% used [0x00000000d5580000,0x00000000d5a80000,0x00000000d5a80000)
  from space 1024K, 37% used [0x00000000d5a80000,0x00000000d5ae0000,0x00000000d5b80000)
  to   space 1024K, 0% used [0x00000000d5b80000,0x00000000d5b80000,0x00000000d5c80000)
 ParOldGen       total 397312K, used 396913K [0x0000000080000000, 0x0000000098400000, 0x00000000d5580000)
  object space 397312K, 99% used [0x0000000080000000,0x000000009839c730,0x0000000098400000)
 Metaspace       used 72051K, committed 73728K, reserved 1179648K
  class space    used 7582K, committed 8320K, reserved 1048576K
}
Event: 88.400 GC heap after
{Heap after GC invocations=451 (full 3):
 PSYoungGen      total 6144K, used 516K [0x00000000d5580000, 0x00000000d5c80000, 0x0000000100000000)
  eden space 5120K, 0% used [0x00000000d5580000,0x00000000d5580000,0x00000000d5a80000)
  from space 1024K, 50% used [0x00000000d5b80000,0x00000000d5c01088,0x00000000d5c80000)
  to   space 1024K, 0% used [0x00000000d5a80000,0x00000000d5a80000,0x00000000d5b80000)
 ParOldGen       total 397312K, used 397129K [0x0000000080000000, 0x0000000098400000, 0x00000000d5580000)
  object space 397312K, 99% used [0x0000000080000000,0x00000000983d2740,0x0000000098400000)
 Metaspace       used 72051K, committed 73728K, reserved 1179648K
  class space    used 7582K, committed 8320K, reserved 1048576K
}
Event: 88.638 GC heap before
{Heap before GC invocations=452 (full 3):
 PSYoungGen      total 6144K, used 5547K [0x00000000d5580000, 0x00000000d5c80000, 0x0000000100000000)
  eden space 5120K, 98% used [0x00000000d5580000,0x00000000d5a69b88,0x00000000d5a80000)
  from space 1024K, 50% used [0x00000000d5b80000,0x00000000d5c01088,0x00000000d5c80000)
  to   space 1024K, 0% used [0x00000000d5a80000,0x00000000d5a80000,0x00000000d5b80000)
 ParOldGen       total 397312K, used 397129K [0x0000000080000000, 0x0000000098400000, 0x00000000d5580000)
  object space 397312K, 99% used [0x0000000080000000,0x00000000983d2740,0x0000000098400000)
 Metaspace       used 72266K, committed 73920K, reserved 1179648K
  class space    used 7616K, committed 8320K, reserved 1048576K
}
Event: 88.641 GC heap after
{Heap after GC invocations=452 (full 3):
 PSYoungGen      total 6144K, used 400K [0x00000000d5580000, 0x00000000d5c00000, 0x0000000100000000)
  eden space 5120K, 0% used [0x00000000d5580000,0x00000000d5580000,0x00000000d5a80000)
  from space 1024K, 39% used [0x00000000d5a80000,0x00000000d5ae4010,0x00000000d5b80000)
  to   space 512K, 0% used [0x00000000d5b80000,0x00000000d5b80000,0x00000000d5c00000)
 ParOldGen       total 397824K, used 397541K [0x0000000080000000, 0x0000000098480000, 0x00000000d5580000)
  object space 397824K, 99% used [0x0000000080000000,0x0000000098439548,0x0000000098480000)
 Metaspace       used 72266K, committed 73920K, reserved 1179648K
  class space    used 7616K, committed 8320K, reserved 1048576K
}
Event: 88.733 GC heap before
{Heap before GC invocations=453 (full 3):
 PSYoungGen      total 6144K, used 5515K [0x00000000d5580000, 0x00000000d5c00000, 0x0000000100000000)
  eden space 5120K, 99% used [0x00000000d5580000,0x00000000d5a7ece0,0x00000000d5a80000)
  from space 1024K, 39% used [0x00000000d5a80000,0x00000000d5ae4010,0x00000000d5b80000)
  to   space 512K, 0% used [0x00000000d5b80000,0x00000000d5b80000,0x00000000d5c00000)
 ParOldGen       total 397824K, used 397541K [0x0000000080000000, 0x0000000098480000, 0x00000000d5580000)
  object space 397824K, 99% used [0x0000000080000000,0x0000000098439548,0x0000000098480000)
 Metaspace       used 72266K, committed 73920K, reserved 1179648K
  class space    used 7616K, committed 8320K, reserved 1048576K
}
Event: 88.735 GC heap after
{Heap after GC invocations=453 (full 3):
 PSYoungGen      total 5632K, used 420K [0x00000000d5580000, 0x00000000d5c00000, 0x0000000100000000)
  eden space 5120K, 0% used [0x00000000d5580000,0x00000000d5580000,0x00000000d5a80000)
  from space 512K, 82% used [0x00000000d5b80000,0x00000000d5be91e0,0x00000000d5c00000)
  to   space 512K, 0% used [0x00000000d5b00000,0x00000000d5b00000,0x00000000d5b80000)
 ParOldGen       total 397824K, used 397805K [0x0000000080000000, 0x0000000098480000, 0x00000000d5580000)
  object space 397824K, 99% used [0x0000000080000000,0x000000009847b558,0x0000000098480000)
 Metaspace       used 72266K, committed 73920K, reserved 1179648K
  class space    used 7616K, committed 8320K, reserved 1048576K
}
Event: 89.072 GC heap before
{Heap before GC invocations=454 (full 3):
 PSYoungGen      total 5632K, used 5486K [0x00000000d5580000, 0x00000000d5c00000, 0x0000000100000000)
  eden space 5120K, 98% used [0x00000000d5580000,0x00000000d5a72798,0x00000000d5a80000)
  from space 512K, 82% used [0x00000000d5b80000,0x00000000d5be91e0,0x00000000d5c00000)
  to   space 512K, 0% used [0x00000000d5b00000,0x00000000d5b00000,0x00000000d5b80000)
 ParOldGen       total 397824K, used 397805K [0x0000000080000000, 0x0000000098480000, 0x00000000d5580000)
  object space 397824K, 99% used [0x0000000080000000,0x000000009847b558,0x0000000098480000)
 Metaspace       used 72359K, committed 74048K, reserved 1179648K
  class space    used 7622K, committed 8384K, reserved 1048576K
}
Event: 89.075 GC heap after
{Heap after GC invocations=454 (full 3):
 PSYoungGen      total 5632K, used 224K [0x00000000d5580000, 0x00000000d5c00000, 0x0000000100000000)
  eden space 5120K, 0% used [0x00000000d5580000,0x00000000d5580000,0x00000000d5a80000)
  from space 512K, 43% used [0x00000000d5b00000,0x00000000d5b38000,0x00000000d5b80000)
  to   space 512K, 0% used [0x00000000d5b80000,0x00000000d5b80000,0x00000000d5c00000)
 ParOldGen       total 398336K, used 397885K [0x0000000080000000, 0x0000000098500000, 0x00000000d5580000)
  object space 398336K, 99% used [0x0000000080000000,0x000000009848f558,0x0000000098500000)
 Metaspace       used 72359K, committed 74048K, reserved 1179648K
  class space    used 7622K, committed 8384K, reserved 1048576K
}
Event: 90.556 GC heap before
{Heap before GC invocations=455 (full 3):
 PSYoungGen      total 5632K, used 5344K [0x00000000d5580000, 0x00000000d5c00000, 0x0000000100000000)
  eden space 5120K, 100% used [0x00000000d5580000,0x00000000d5a80000,0x00000000d5a80000)
  from space 512K, 43% used [0x00000000d5b00000,0x00000000d5b38000,0x00000000d5b80000)
  to   space 512K, 0% used [0x00000000d5b80000,0x00000000d5b80000,0x00000000d5c00000)
 ParOldGen       total 398336K, used 397885K [0x0000000080000000, 0x0000000098500000, 0x00000000d5580000)
  object space 398336K, 99% used [0x0000000080000000,0x000000009848f558,0x0000000098500000)
 Metaspace       used 72555K, committed 74240K, reserved 1179648K
  class space    used 7640K, committed 8384K, reserved 1048576K
}
Event: 90.560 GC heap after
{Heap after GC invocations=455 (full 3):
 PSYoungGen      total 5632K, used 384K [0x00000000d5580000, 0x00000000d5c00000, 0x0000000100000000)
  eden space 5120K, 0% used [0x00000000d5580000,0x00000000d5580000,0x00000000d5a80000)
  from space 512K, 75% used [0x00000000d5b80000,0x00000000d5be0000,0x00000000d5c00000)
  to   space 512K, 0% used [0x00000000d5b00000,0x00000000d5b00000,0x00000000d5b80000)
 ParOldGen       total 398336K, used 397965K [0x0000000080000000, 0x0000000098500000, 0x00000000d5580000)
  object space 398336K, 99% used [0x0000000080000000,0x00000000984a3558,0x0000000098500000)
 Metaspace       used 72555K, committed 74240K, reserved 1179648K
  class space    used 7640K, committed 8384K, reserved 1048576K
}
Event: 90.743 GC heap before
{Heap before GC invocations=456 (full 3):
 PSYoungGen      total 5632K, used 5504K [0x00000000d5580000, 0x00000000d5c00000, 0x0000000100000000)
  eden space 5120K, 100% used [0x00000000d5580000,0x00000000d5a80000,0x00000000d5a80000)
  from space 512K, 75% used [0x00000000d5b80000,0x00000000d5be0000,0x00000000d5c00000)
  to   space 512K, 0% used [0x00000000d5b00000,0x00000000d5b00000,0x00000000d5b80000)
 ParOldGen       total 398336K, used 397965K [0x0000000080000000, 0x0000000098500000, 0x00000000d5580000)
  object space 398336K, 99% used [0x0000000080000000,0x00000000984a3558,0x0000000098500000)
 Metaspace       used 72633K, committed 74304K, reserved 1179648K
  class space    used 7643K, committed 8384K, reserved 1048576K
}
Event: 90.749 GC heap after
{Heap after GC invocations=456 (full 3):
 PSYoungGen      total 5632K, used 494K [0x00000000d5580000, 0x00000000d6080000, 0x0000000100000000)
  eden space 5120K, 0% used [0x00000000d5580000,0x00000000d5580000,0x00000000d5a80000)
  from space 512K, 96% used [0x00000000d5b00000,0x00000000d5b7ba10,0x00000000d5b80000)
  to   space 3072K, 0% used [0x00000000d5d80000,0x00000000d5d80000,0x00000000d6080000)
 ParOldGen       total 400384K, used 400140K [0x0000000080000000, 0x0000000098700000, 0x00000000d5580000)
  object space 400384K, 99% used [0x0000000080000000,0x00000000986c33d0,0x0000000098700000)
 Metaspace       used 72633K, committed 74304K, reserved 1179648K
  class space    used 7643K, committed 8384K, reserved 1048576K
}
Event: 90.906 GC heap before
{Heap before GC invocations=457 (full 3):
 PSYoungGen      total 5632K, used 5614K [0x00000000d5580000, 0x00000000d6080000, 0x0000000100000000)
  eden space 5120K, 100% used [0x00000000d5580000,0x00000000d5a80000,0x00000000d5a80000)
  from space 512K, 96% used [0x00000000d5b00000,0x00000000d5b7ba10,0x00000000d5b80000)
  to   space 3072K, 0% used [0x00000000d5d80000,0x00000000d5d80000,0x00000000d6080000)
 ParOldGen       total 400384K, used 400140K [0x0000000080000000, 0x0000000098700000, 0x00000000d5580000)
  object space 400384K, 99% used [0x0000000080000000,0x00000000986c33d0,0x0000000098700000)
 Metaspace       used 72670K, committed 74304K, reserved 1179648K
  class space    used 7643K, committed 8384K, reserved 1048576K
}
Event: 90.910 GC heap after
{Heap after GC invocations=457 (full 3):
 PSYoungGen      total 5632K, used 512K [0x00000000d5580000, 0x00000000d5e00000, 0x0000000100000000)
  eden space 5120K, 0% used [0x00000000d5580000,0x00000000d5580000,0x00000000d5a80000)
  from space 512K, 100% used [0x00000000d5d80000,0x00000000d5e00000,0x00000000d5e00000)
  to   space 1536K, 0% used [0x00000000d5b00000,0x00000000d5b00000,0x00000000d5c80000)
 ParOldGen       total 400896K, used 400633K [0x0000000080000000, 0x0000000098780000, 0x00000000d5580000)
  object space 400896K, 99% used [0x0000000080000000,0x000000009873e598,0x0000000098780000)
 Metaspace       used 72670K, committed 74304K, reserved 1179648K
  class space    used 7643K, committed 8384K, reserved 1048576K
}
Event: 91.034 GC heap before
{Heap before GC invocations=458 (full 3):
 PSYoungGen      total 5632K, used 5632K [0x00000000d5580000, 0x00000000d5e00000, 0x0000000100000000)
  eden space 5120K, 100% used [0x00000000d5580000,0x00000000d5a80000,0x00000000d5a80000)
  from space 512K, 100% used [0x00000000d5d80000,0x00000000d5e00000,0x00000000d5e00000)
  to   space 1536K, 0% used [0x00000000d5b00000,0x00000000d5b00000,0x00000000d5c80000)
 ParOldGen       total 400896K, used 400633K [0x0000000080000000, 0x0000000098780000, 0x00000000d5580000)
  object space 400896K, 99% used [0x0000000080000000,0x000000009873e598,0x0000000098780000)
 Metaspace       used 72689K, committed 74304K, reserved 1179648K
  class space    used 7644K, committed 8384K, reserved 1048576K
}
Event: 91.037 GC heap after
{Heap after GC invocations=458 (full 3):
 PSYoungGen      total 6656K, used 416K [0x00000000d5580000, 0x00000000d5e00000, 0x0000000100000000)
  eden space 5120K, 0% used [0x00000000d5580000,0x00000000d5580000,0x00000000d5a80000)
  from space 1536K, 27% used [0x00000000d5b00000,0x00000000d5b68000,0x00000000d5c80000)
  to   space 1024K, 0% used [0x00000000d5d00000,0x00000000d5d00000,0x00000000d5e00000)
 ParOldGen       total 401408K, used 401029K [0x0000000080000000, 0x0000000098800000, 0x00000000d5580000)
  object space 401408K, 99% used [0x0000000080000000,0x00000000987a1608,0x0000000098800000)
 Metaspace       used 72689K, committed 74304K, reserved 1179648K
  class space    used 7644K, committed 8384K, reserved 1048576K
}
Event: 91.174 GC heap before
{Heap before GC invocations=459 (full 3):
 PSYoungGen      total 6656K, used 5535K [0x00000000d5580000, 0x00000000d5e00000, 0x0000000100000000)
  eden space 5120K, 99% used [0x00000000d5580000,0x00000000d5a7fff8,0x00000000d5a80000)
  from space 1536K, 27% used [0x00000000d5b00000,0x00000000d5b68000,0x00000000d5c80000)
  to   space 1024K, 0% used [0x00000000d5d00000,0x00000000d5d00000,0x00000000d5e00000)
 ParOldGen       total 401408K, used 401029K [0x0000000080000000, 0x0000000098800000, 0x00000000d5580000)
  object space 401408K, 99% used [0x0000000080000000,0x00000000987a1608,0x0000000098800000)
 Metaspace       used 72708K, committed 74368K, reserved 1179648K
  class space    used 7644K, committed 8384K, reserved 1048576K
}
Event: 91.179 GC heap after
{Heap after GC invocations=459 (full 3):
 PSYoungGen      total 6144K, used 864K [0x00000000d5580000, 0x00000000d5e00000, 0x0000000100000000)
  eden space 5120K, 0% used [0x00000000d5580000,0x00000000d5580000,0x00000000d5a80000)
  from space 1024K, 84% used [0x00000000d5d00000,0x00000000d5dd8000,0x00000000d5e00000)
  to   space 1024K, 0% used [0x00000000d5c00000,0x00000000d5c00000,0x00000000d5d00000)
 ParOldGen       total 401408K, used 401385K [0x0000000080000000, 0x0000000098800000, 0x00000000d5580000)
  object space 401408K, 99% used [0x0000000080000000,0x00000000987fa658,0x0000000098800000)
 Metaspace       used 72708K, committed 74368K, reserved 1179648K
  class space    used 7644K, committed 8384K, reserved 1048576K
}

Dll operation events (10 events):
Event: 0.059 Loaded shared library c:\Users\ABC\.vscode\extensions\redhat.java-1.47.0-win32-x64\jre\21.0.8-win32-x86_64\bin\java.dll
Event: 0.226 Loaded shared library c:\Users\ABC\.vscode\extensions\redhat.java-1.47.0-win32-x64\jre\21.0.8-win32-x86_64\bin\zip.dll
Event: 0.290 Loaded shared library C:\Users\ABC\.vscode\extensions\redhat.java-1.47.0-win32-x64\jre\21.0.8-win32-x86_64\bin\instrument.dll
Event: 0.302 Loaded shared library C:\Users\ABC\.vscode\extensions\redhat.java-1.47.0-win32-x64\jre\21.0.8-win32-x86_64\bin\net.dll
Event: 0.308 Loaded shared library C:\Users\ABC\.vscode\extensions\redhat.java-1.47.0-win32-x64\jre\21.0.8-win32-x86_64\bin\nio.dll
Event: 0.318 Loaded shared library C:\Users\ABC\.vscode\extensions\redhat.java-1.47.0-win32-x64\jre\21.0.8-win32-x86_64\bin\zip.dll
Event: 0.358 Loaded shared library C:\Users\ABC\.vscode\extensions\redhat.java-1.47.0-win32-x64\jre\21.0.8-win32-x86_64\bin\jimage.dll
Event: 0.640 Loaded shared library c:\Users\ABC\.vscode\extensions\redhat.java-1.47.0-win32-x64\jre\21.0.8-win32-x86_64\bin\verify.dll
Event: 23.328 Loaded shared library C:\Users\ABC\AppData\Roaming\Code\User\globalStorage\redhat.java\1.47.0\config_win\org.eclipse.equinox.launcher\org.eclipse.equinox.launcher.win32.win32.x86_64_1.2.1400.v20250801-0854\eclipse_11916.dll
Event: 44.293 Loaded shared library C:\Users\ABC\AppData\Local\Temp\jna-64578\jna17722531329915889709.dll

Deoptimization events (20 events):
Event: 88.325 Thread 0x000001a4f2d17050 Uncommon trap: trap_request=0xffffff6e fr.pc=0x000001a49f2680d8 relative=0x0000000000000138
Event: 88.325 Thread 0x000001a4f2d17050 Uncommon trap: reason=loop_limit_check action=maybe_recompile pc=0x000001a49f2680d8 method=java.lang.StringLatin1.lastIndexOf([BII)I @ 19 c2
Event: 88.325 Thread 0x000001a4f2d17050 DEOPT PACKING pc=0x000001a49f2680d8 sp=0x00000042ed2fd140
Event: 88.325 Thread 0x000001a4f2d17050 DEOPT UNPACKING pc=0x000001a49ece6da2 sp=0x00000042ed2fd0c0 mode 2
Event: 88.379 Thread 0x000001a4f2d17050 DEOPT PACKING pc=0x000001a4978a17b9 sp=0x00000042ed2fbf10
Event: 88.379 Thread 0x000001a4f2d17050 DEOPT UNPACKING pc=0x000001a49ece78e2 sp=0x00000042ed2fb410 mode 0
Event: 88.537 Thread 0x000001a4f2d17050 Uncommon trap: trap_request=0xffffff45 fr.pc=0x000001a49fa5556c relative=0x00000000000014ac
Event: 88.537 Thread 0x000001a4f2d17050 Uncommon trap: reason=unstable_if action=reinterpret pc=0x000001a49fa5556c method=java.util.regex.Pattern.compile()V @ 338 c2
Event: 88.537 Thread 0x000001a4f2d17050 DEOPT PACKING pc=0x000001a49fa5556c sp=0x00000042ed2fd010
Event: 88.537 Thread 0x000001a4f2d17050 DEOPT UNPACKING pc=0x000001a49ece6da2 sp=0x00000042ed2fcfd0 mode 2
Event: 89.310 Thread 0x000001a4f2d17050 Uncommon trap: trap_request=0xffffffc6 fr.pc=0x000001a49f373008 relative=0x00000000000001e8
Event: 89.310 Thread 0x000001a4f2d17050 Uncommon trap: reason=bimorphic_or_optimized_type_check action=maybe_recompile pc=0x000001a49f373008 method=java.util.Collections.eq(Ljava/lang/Object;Ljava/lang/Object;)Z @ 18 c2
Event: 89.310 Thread 0x000001a4f2d17050 DEOPT PACKING pc=0x000001a49f373008 sp=0x00000042ed2fd870
Event: 89.310 Thread 0x000001a4f2d17050 DEOPT UNPACKING pc=0x000001a49ece6da2 sp=0x00000042ed2fd7b0 mode 2
Event: 89.310 Thread 0x000001a4f2d17050 Uncommon trap: trap_request=0xffffffc6 fr.pc=0x000001a49f373008 relative=0x00000000000001e8
Event: 89.310 Thread 0x000001a4f2d17050 Uncommon trap: reason=bimorphic_or_optimized_type_check action=maybe_recompile pc=0x000001a49f373008 method=java.util.Collections.eq(Ljava/lang/Object;Ljava/lang/Object;)Z @ 18 c2
Event: 89.310 Thread 0x000001a4f2d17050 DEOPT PACKING pc=0x000001a49f373008 sp=0x00000042ed2fd9d0
Event: 89.310 Thread 0x000001a4f2d17050 DEOPT UNPACKING pc=0x000001a49ece6da2 sp=0x00000042ed2fd910 mode 2
Event: 91.157 Thread 0x000001a4f2d176e0 DEOPT PACKING pc=0x000001a4990bdfa2 sp=0x00000042ed5fd120
Event: 91.157 Thread 0x000001a4f2d176e0 DEOPT UNPACKING pc=0x000001a49ece78e2 sp=0x00000042ed5fc698 mode 0

Classes loaded (20 events):
Event: 81.755 Loading class jdk/internal/ref/CleanerImpl$InnocuousThreadFactory
Event: 81.756 Loading class jdk/internal/ref/CleanerImpl$InnocuousThreadFactory done
Event: 87.650 Loading class java/io/ObjectOutputStream$BlockDataOutputStream
Event: 87.652 Loading class java/io/ObjectOutputStream$BlockDataOutputStream done
Event: 87.652 Loading class java/io/ObjectOutputStream$HandleTable
Event: 87.652 Loading class java/io/ObjectOutputStream$HandleTable done
Event: 87.652 Loading class java/io/ObjectOutputStream$ReplaceTable
Event: 87.652 Loading class java/io/ObjectOutputStream$ReplaceTable done
Event: 88.193 Loading class org/xml/sax/SAXNotRecognizedException
Event: 88.194 Loading class org/xml/sax/SAXNotRecognizedException done
Event: 88.194 Loading class org/xml/sax/SAXNotSupportedException
Event: 88.196 Loading class org/xml/sax/SAXNotSupportedException done
Event: 88.204 Loading class com/sun/org/apache/xerces/internal/util/URI
Event: 88.208 Loading class com/sun/org/apache/xerces/internal/util/URI done
Event: 88.211 Loading class com/sun/org/apache/xerces/internal/xni/XNIException
Event: 88.211 Loading class com/sun/org/apache/xerces/internal/xni/XNIException done
Event: 88.235 Loading class com/sun/org/apache/xerces/internal/xni/parser/XMLParseException
Event: 88.237 Loading class com/sun/org/apache/xerces/internal/xni/parser/XMLParseException done
Event: 89.079 Loading class java/io/BufferedReader$1
Event: 89.080 Loading class java/io/BufferedReader$1 done

Classes unloaded (7 events):
Event: 45.637 Thread 0x000001a49462ebf0 Unloading class 0x000001a4ac1ad400 'java/lang/invoke/LambdaForm$MH+0x000001a4ac1ad400'
Event: 45.637 Thread 0x000001a49462ebf0 Unloading class 0x000001a4ac1ad000 'java/lang/invoke/LambdaForm$MH+0x000001a4ac1ad000'
Event: 45.637 Thread 0x000001a49462ebf0 Unloading class 0x000001a4ac1acc00 'java/lang/invoke/LambdaForm$MH+0x000001a4ac1acc00'
Event: 45.637 Thread 0x000001a49462ebf0 Unloading class 0x000001a4ac1ac800 'java/lang/invoke/LambdaForm$MH+0x000001a4ac1ac800'
Event: 45.637 Thread 0x000001a49462ebf0 Unloading class 0x000001a4ac1ac400 'java/lang/invoke/LambdaForm$BMH+0x000001a4ac1ac400'
Event: 45.637 Thread 0x000001a49462ebf0 Unloading class 0x000001a4ac1ac000 'java/lang/invoke/LambdaForm$DMH+0x000001a4ac1ac000'
Event: 45.637 Thread 0x000001a49462ebf0 Unloading class 0x000001a4ac1aac00 'java/lang/invoke/LambdaForm$DMH+0x000001a4ac1aac00'

Classes redefined (0 events):
No events

Internal exceptions (20 events):
Event: 90.464 Thread 0x000001a4f622d780 Exception <a 'sun/nio/fs/WindowsException'{0x00000000d5997bd8}> (0x00000000d5997bd8) 
thrown [s\src\hotspot\share\prims\jni.cpp, line 520]
Event: 90.465 Thread 0x000001a4f622de10 Exception <a 'sun/nio/fs/WindowsException'{0x00000000d599b8a8}> (0x00000000d599b8a8) 
thrown [s\src\hotspot\share\prims\jni.cpp, line 520]
Event: 90.465 Thread 0x000001a4f622f1c0 Exception <a 'sun/nio/fs/WindowsException'{0x00000000d599e308}> (0x00000000d599e308) 
thrown [s\src\hotspot\share\prims\jni.cpp, line 520]
Event: 90.465 Thread 0x000001a4f622c3d0 Exception <a 'sun/nio/fs/WindowsException'{0x00000000d599c968}> (0x00000000d599c968) 
thrown [s\src\hotspot\share\prims\jni.cpp, line 520]
Event: 90.473 Thread 0x000001a4f2d17050 Exception <a 'sun/nio/fs/WindowsException'{0x00000000d598a488}> (0x00000000d598a488) 
thrown [s\src\hotspot\share\prims\jni.cpp, line 520]
Event: 90.474 Thread 0x000001a4f622f850 Exception <a 'sun/nio/fs/WindowsException'{0x00000000d59972b8}> (0x00000000d59972b8) 
thrown [s\src\hotspot\share\prims\jni.cpp, line 520]
Event: 90.474 Thread 0x000001a4f622d780 Exception <a 'sun/nio/fs/WindowsException'{0x00000000d59a7e70}> (0x00000000d59a7e70) 
thrown [s\src\hotspot\share\prims\jni.cpp, line 520]
Event: 90.704 Thread 0x000001a4f2d176e0 Exception <a 'java/lang/NullPointerException'{0x00000000d5a1d490}> (0x00000000d5a1d490) 
thrown [s\src\hotspot\share\interpreter\linkResolver.cpp, line 1372]
Event: 90.709 Thread 0x000001a4f2d176e0 Exception <a 'java/lang/NullPointerException'{0x00000000d5a2efa0}> (0x00000000d5a2efa0) 
thrown [s\src\hotspot\share\interpreter\linkResolver.cpp, line 1372]
Event: 90.720 Thread 0x000001a4f2d176e0 Exception <a 'java/lang/NullPointerException'{0x00000000d5a40fb8}> (0x00000000d5a40fb8) 
thrown [s\src\hotspot\share\interpreter\linkResolver.cpp, line 1372]
Event: 90.726 Thread 0x000001a4f2d176e0 Exception <a 'java/lang/NullPointerException'{0x00000000d5a4f070}> (0x00000000d5a4f070) 
thrown [s\src\hotspot\share\interpreter\linkResolver.cpp, line 1372]
Event: 90.727 Thread 0x000001a4f2d176e0 Exception <a 'java/lang/NullPointerException'{0x00000000d5a50bc8}> (0x00000000d5a50bc8) 
thrown [s\src\hotspot\share\interpreter\linkResolver.cpp, line 1372]
Event: 90.731 Thread 0x000001a4f2d176e0 Exception <a 'java/lang/NullPointerException'{0x00000000d5a611b0}> (0x00000000d5a611b0) 
thrown [s\src\hotspot\share\interpreter\linkResolver.cpp, line 1372]
Event: 90.732 Thread 0x000001a4f2d176e0 Exception <a 'java/lang/NullPointerException'{0x00000000d5a61a00}> (0x00000000d5a61a00) 
thrown [s\src\hotspot\share\interpreter\linkResolver.cpp, line 1372]
Event: 90.738 Thread 0x000001a4f2d176e0 Exception <a 'java/lang/NullPointerException'{0x00000000d5a70630}> (0x00000000d5a70630) 
thrown [s\src\hotspot\share\interpreter\linkResolver.cpp, line 1372]
Event: 90.749 Thread 0x000001a4f2d176e0 Exception <a 'java/lang/NullPointerException'{0x00000000d5b10280}> (0x00000000d5b10280) 
thrown [s\src\hotspot\share\interpreter\linkResolver.cpp, line 1372]
Event: 90.752 Thread 0x000001a4f2d176e0 Exception <a 'java/lang/NullPointerException'{0x00000000d558a6e0}> (0x00000000d558a6e0) 
thrown [s\src\hotspot\share\interpreter\linkResolver.cpp, line 1372]
Event: 90.755 Thread 0x000001a4f2d176e0 Exception <a 'java/lang/NullPointerException'{0x00000000d5595160}> (0x00000000d5595160) 
thrown [s\src\hotspot\share\interpreter\linkResolver.cpp, line 1372]
Event: 90.756 Thread 0x000001a4f2d176e0 Exception <a 'java/lang/NullPointerException'{0x00000000d5595bf0}> (0x00000000d5595bf0) 
thrown [s\src\hotspot\share\interpreter\linkResolver.cpp, line 1372]
Event: 90.760 Thread 0x000001a4f2d176e0 Exception <a 'java/lang/NullPointerException'{0x00000000d55a2098}> (0x00000000d55a2098) 
thrown [s\src\hotspot\share\interpreter\linkResolver.cpp, line 1372]

ZGC Phase Switch (0 events):
No events

VM Operations (20 events):
Event: 88.398 Executing VM operation: ParallelGCFailedAllocation (Allocation Failure)
Event: 88.400 Executing VM operation: ParallelGCFailedAllocation (Allocation Failure) done
Event: 88.638 Executing VM operation: ParallelGCFailedAllocation (Allocation Failure)
Event: 88.641 Executing VM operation: ParallelGCFailedAllocation (Allocation Failure) done
Event: 88.733 Executing VM operation: ParallelGCFailedAllocation (Allocation Failure)
Event: 88.735 Executing VM operation: ParallelGCFailedAllocation (Allocation Failure) done
Event: 89.072 Executing VM operation: ParallelGCFailedAllocation (Allocation Failure)
Event: 89.075 Executing VM operation: ParallelGCFailedAllocation (Allocation Failure) done
Event: 90.089 Executing VM operation: Cleanup
Event: 90.089 Executing VM operation: Cleanup done
Event: 90.556 Executing VM operation: ParallelGCFailedAllocation (Allocation Failure)
Event: 90.560 Executing VM operation: ParallelGCFailedAllocation (Allocation Failure) done
Event: 90.743 Executing VM operation: ParallelGCFailedAllocation (Allocation Failure)
Event: 90.749 Executing VM operation: ParallelGCFailedAllocation (Allocation Failure) done
Event: 90.906 Executing VM operation: ParallelGCFailedAllocation (Allocation Failure)
Event: 90.910 Executing VM operation: ParallelGCFailedAllocation (Allocation Failure) done
Event: 91.034 Executing VM operation: ParallelGCFailedAllocation (Allocation Failure)
Event: 91.038 Executing VM operation: ParallelGCFailedAllocation (Allocation Failure) done
Event: 91.174 Executing VM operation: ParallelGCFailedAllocation (Allocation Failure)
Event: 91.179 Executing VM operation: ParallelGCFailedAllocation (Allocation Failure) done

Memory protections (0 events):
No events

Nmethod flushes (20 events):
Event: 63.108 Thread 0x000001a49462ebf0 flushing  nmethod 0x000001a49800d190
Event: 63.108 Thread 0x000001a49462ebf0 flushing  nmethod 0x000001a49800d790
Event: 63.108 Thread 0x000001a49462ebf0 flushing  nmethod 0x000001a49800e690
Event: 63.108 Thread 0x000001a49462ebf0 flushing  nmethod 0x000001a49800ea90
Event: 63.108 Thread 0x000001a49462ebf0 flushing  nmethod 0x000001a49800ef10
Event: 63.108 Thread 0x000001a49462ebf0 flushing  nmethod 0x000001a49801a010
Event: 63.108 Thread 0x000001a49462ebf0 flushing  nmethod 0x000001a49805a290
Event: 63.108 Thread 0x000001a49462ebf0 flushing  nmethod 0x000001a498066590
Event: 63.108 Thread 0x000001a49462ebf0 flushing  nmethod 0x000001a498066a10
Event: 63.108 Thread 0x000001a49462ebf0 flushing  nmethod 0x000001a498067690
Event: 63.108 Thread 0x000001a49462ebf0 flushing  nmethod 0x000001a498068890
Event: 63.108 Thread 0x000001a49462ebf0 flushing  nmethod 0x000001a498068e90
Event: 63.108 Thread 0x000001a49462ebf0 flushing  nmethod 0x000001a498069d90
Event: 63.108 Thread 0x000001a49462ebf0 flushing  nmethod 0x000001a49806a690
Event: 63.108 Thread 0x000001a49462ebf0 flushing  nmethod 0x000001a49806aa10
Event: 63.108 Thread 0x000001a49462ebf0 flushing  nmethod 0x000001a49806af10
Event: 63.108 Thread 0x000001a49462ebf0 flushing  nmethod 0x000001a49806c210
Event: 63.108 Thread 0x000001a49462ebf0 flushing  nmethod 0x000001a49806c710
Event: 63.108 Thread 0x000001a49462ebf0 flushing  nmethod 0x000001a49806cf10
Event: 63.108 Thread 0x000001a49462ebf0 flushing  nmethod 0x000001a49809a310

Events (20 events):
Event: 87.381 Thread 0x000001a4f7784010 Thread exited: 0x000001a4f7784010
Event: 87.385 Thread 0x000001a4f7781060 Thread exited: 0x000001a4f7781060
Event: 88.095 Thread 0x000001a4f2d17050 Thread added: 0x000001a4f56ab760
Event: 88.095 Thread 0x000001a4f2d17050 Thread added: 0x000001a4f56aa3b0
Event: 88.095 Thread 0x000001a4f2d17050 Thread added: 0x000001a4f56aaa40
Event: 88.096 Thread 0x000001a4f2d17050 Thread added: 0x000001a4ed9aa270
Event: 88.096 Thread 0x000001a4f2d17050 Thread added: 0x000001a4ed9abcb0
Event: 88.096 Thread 0x000001a494505050 Thread added: 0x000001a4f77846e0
Event: 88.097 Thread 0x000001a494505050 Thread added: 0x000001a4f7781060
Event: 88.255 Thread 0x000001a4f56ab760 Thread exited: 0x000001a4f56ab760
Event: 88.255 Thread 0x000001a4f56aa3b0 Thread exited: 0x000001a4f56aa3b0
Event: 88.255 Thread 0x000001a4ed9aa270 Thread exited: 0x000001a4ed9aa270
Event: 88.255 Thread 0x000001a4ed9abcb0 Thread exited: 0x000001a4ed9abcb0
Event: 88.255 Thread 0x000001a4f56aaa40 Thread exited: 0x000001a4f56aaa40
Event: 88.850 Thread 0x000001a4f7781060 Thread exited: 0x000001a4f7781060
Event: 88.896 Thread 0x000001a4f77846e0 Thread exited: 0x000001a4f77846e0
Event: 89.312 Thread 0x000001a494505050 Thread added: 0x000001a4f7784010
Event: 89.963 Thread 0x000001a4f2d176e0 Thread added: 0x000001a4f56ab760
Event: 90.405 Thread 0x000001a4f7784010 Thread exited: 0x000001a4f7784010
Event: 90.478 Thread 0x000001a4945049b0 Thread added: 0x000001a4f7784010


Dynamic libraries:
0x00007ff6dbd60000 - 0x00007ff6dbd6e000 	c:\Users\ABC\.vscode\extensions\redhat.java-1.47.0-win32-x64\jre\21.0.8-win32-x86_64\bin\java.exe
0x00007ffeb6000000 - 0x00007ffeb6268000 	C:\WINDOWS\SYSTEM32\ntdll.dll
0x00007ffeb49d0000 - 0x00007ffeb4a99000 	C:\WINDOWS\System32\KERNEL32.DLL
0x00007ffeb3790000 - 0x00007ffeb3b88000 	C:\WINDOWS\System32\KERNELBASE.dll
0x00007ffeb3640000 - 0x00007ffeb378b000 	C:\WINDOWS\System32\ucrtbase.dll
0x00007ffe92a60000 - 0x00007ffe92a7e000 	c:\Users\ABC\.vscode\extensions\redhat.java-1.47.0-win32-x64\jre\21.0.8-win32-x86_64\bin\VCRUNTIME140.dll
0x00007ffe8b580000 - 0x00007ffe8b598000 	c:\Users\ABC\.vscode\extensions\redhat.java-1.47.0-win32-x64\jre\21.0.8-win32-x86_64\bin\jli.dll
0x00007ffe9c060000 - 0x00007ffe9c2f4000 	C:\WINDOWS\WinSxS\amd64_microsoft.windows.common-controls_6595b64144ccf1df_6.0.26100.7019_none_3e06ffa0e335b8a8\COMCTL32.dll
0x00007ffeb4650000 - 0x00007ffeb4817000 	C:\WINDOWS\System32\USER32.dll
0x00007ffeb4480000 - 0x00007ffeb4529000 	C:\WINDOWS\System32\msvcrt.dll
0x00007ffeb3610000 - 0x00007ffeb3637000 	C:\WINDOWS\System32\win32u.dll
0x00007ffeb4bd0000 - 0x00007ffeb4bfb000 	C:\WINDOWS\System32\GDI32.dll
0x00007ffeb32c0000 - 0x00007ffeb33ec000 	C:\WINDOWS\System32\gdi32full.dll
0x00007ffeb3210000 - 0x00007ffeb32b3000 	C:\WINDOWS\System32\msvcp_win.dll
0x00007ffeb5780000 - 0x00007ffeb57b1000 	C:\WINDOWS\System32\IMM32.DLL
0x00007ffea9350000 - 0x00007ffea935c000 	c:\Users\ABC\.vscode\extensions\redhat.java-1.47.0-win32-x64\jre\21.0.8-win32-x86_64\bin\vcruntime140_1.dll
0x00007ffe56670000 - 0x00007ffe566fd000 	c:\Users\ABC\.vscode\extensions\redhat.java-1.47.0-win32-x64\jre\21.0.8-win32-x86_64\bin\msvcp140.dll
0x00007ffe08730000 - 0x00007ffe094c7000 	c:\Users\ABC\.vscode\extensions\redhat.java-1.47.0-win32-x64\jre\21.0.8-win32-x86_64\bin\server\jvm.dll
0x00007ffeb4c00000 - 0x00007ffeb4cb4000 	C:\WINDOWS\System32\ADVAPI32.dll
0x00007ffeb4b20000 - 0x00007ffeb4bc6000 	C:\WINDOWS\System32\sechost.dll
0x00007ffeb3da0000 - 0x00007ffeb3eb8000 	C:\WINDOWS\System32\RPCRT4.dll
0x00007ffeb4390000 - 0x00007ffeb4404000 	C:\WINDOWS\System32\WS2_32.dll
0x00007ffea9e20000 - 0x00007ffea9e55000 	C:\WINDOWS\SYSTEM32\WINMM.dll
0x00007ffeb2fd0000 - 0x00007ffeb302e000 	C:\WINDOWS\SYSTEM32\POWRPROF.dll
0x00007ffea9b70000 - 0x00007ffea9b7b000 	C:\WINDOWS\SYSTEM32\VERSION.dll
0x00007ffeb2fb0000 - 0x00007ffeb2fc4000 	C:\WINDOWS\SYSTEM32\UMPDC.dll
0x00007ffeb1f10000 - 0x00007ffeb1f2b000 	C:\WINDOWS\SYSTEM32\kernel.appcore.dll
0x00007ffea9130000 - 0x00007ffea913a000 	c:\Users\ABC\.vscode\extensions\redhat.java-1.47.0-win32-x64\jre\21.0.8-win32-x86_64\bin\jimage.dll
0x00007ffeb08c0000 - 0x00007ffeb0b02000 	C:\WINDOWS\SYSTEM32\DBGHELP.DLL
0x00007ffeb53f0000 - 0x00007ffeb577b000 	C:\WINDOWS\System32\combase.dll
0x00007ffeb41a0000 - 0x00007ffeb4277000 	C:\WINDOWS\System32\OLEAUT32.dll
0x00007ffea9de0000 - 0x00007ffea9e1c000 	C:\WINDOWS\SYSTEM32\dbgcore.DLL
0x00007ffeb3560000 - 0x00007ffeb3605000 	C:\WINDOWS\System32\bcryptPrimitives.dll
0x00007ffea90f0000 - 0x00007ffea90ff000 	c:\Users\ABC\.vscode\extensions\redhat.java-1.47.0-win32-x64\jre\21.0.8-win32-x86_64\bin\instrument.dll
0x00007ffe88d00000 - 0x00007ffe88d1f000 	c:\Users\ABC\.vscode\extensions\redhat.java-1.47.0-win32-x64\jre\21.0.8-win32-x86_64\bin\java.dll
0x00007ffeb5860000 - 0x00007ffeb5fb1000 	C:\WINDOWS\System32\SHELL32.dll
0x00007ffeb33f0000 - 0x00007ffeb355b000 	C:\WINDOWS\System32\wintypes.dll
0x00007ffeb0d90000 - 0x00007ffeb15ed000 	C:\WINDOWS\SYSTEM32\windows.storage.dll
0x00007ffeb40a0000 - 0x00007ffeb4192000 	C:\WINDOWS\System32\SHCORE.dll
0x00007ffeb4410000 - 0x00007ffeb4477000 	C:\WINDOWS\System32\shlwapi.dll
0x00007ffeb3070000 - 0x00007ffeb3099000 	C:\WINDOWS\SYSTEM32\profapi.dll
0x00007ffe88ba0000 - 0x00007ffe88bb8000 	c:\Users\ABC\.vscode\extensions\redhat.java-1.47.0-win32-x64\jre\21.0.8-win32-x86_64\bin\zip.dll
0x00007ffea90a0000 - 0x00007ffea90b0000 	C:\Users\ABC\.vscode\extensions\redhat.java-1.47.0-win32-x64\jre\21.0.8-win32-x86_64\bin\net.dll
0x00007ffea9a00000 - 0x00007ffea9b28000 	C:\WINDOWS\SYSTEM32\WINHTTP.dll
0x00007ffeb2480000 - 0x00007ffeb24eb000 	C:\WINDOWS\system32\mswsock.dll
0x00007ffe88b80000 - 0x00007ffe88b96000 	C:\Users\ABC\.vscode\extensions\redhat.java-1.47.0-win32-x64\jre\21.0.8-win32-x86_64\bin\nio.dll
0x00007ffea6250000 - 0x00007ffea6260000 	c:\Users\ABC\.vscode\extensions\redhat.java-1.47.0-win32-x64\jre\21.0.8-win32-x86_64\bin\verify.dll
0x00007ffe7deb0000 - 0x00007ffe7def4000 	C:\Users\ABC\AppData\Roaming\Code\User\globalStorage\redhat.java\1.47.0\config_win\org.eclipse.equinox.launcher\org.eclipse.equinox.launcher.win32.win32.x86_64_1.2.1400.v20250801-0854\eclipse_11916.dll
0x00007ffeb4830000 - 0x00007ffeb49c7000 	C:\WINDOWS\System32\ole32.dll
0x00007ffeb2740000 - 0x00007ffeb275b000 	C:\WINDOWS\SYSTEM32\CRYPTSP.dll
0x00007ffeb1e70000 - 0x00007ffeb1eaa000 	C:\WINDOWS\system32\rsaenh.dll
0x00007ffeb2530000 - 0x00007ffeb255b000 	C:\WINDOWS\SYSTEM32\USERENV.dll
0x00007ffeb3040000 - 0x00007ffeb306a000 	C:\WINDOWS\SYSTEM32\bcrypt.dll
0x00007ffeb2760000 - 0x00007ffeb276c000 	C:\WINDOWS\SYSTEM32\CRYPTBASE.dll
0x00007ffeb1920000 - 0x00007ffeb1954000 	C:\WINDOWS\SYSTEM32\IPHLPAPI.DLL
0x00007ffeb4820000 - 0x00007ffeb482a000 	C:\WINDOWS\System32\NSI.dll
0x00007ffe8a5c0000 - 0x00007ffe8a609000 	C:\Users\ABC\AppData\Local\Temp\jna-64578\jna17722531329915889709.dll
0x00007ffeb57c0000 - 0x00007ffeb57c8000 	C:\WINDOWS\System32\PSAPI.DLL
0x00007ffeaaf70000 - 0x00007ffeaaf8e000 	C:\WINDOWS\SYSTEM32\dhcpcsvc6.DLL
0x00007ffeaaf40000 - 0x00007ffeaaf63000 	C:\WINDOWS\SYSTEM32\dhcpcsvc.DLL

JVMTI agents:
c:\Users\ABC\.vscode\extensions\redhat.java-1.47.0-win32-x64\lombok\lombok-1.18.39-4050.jar path:c:\Users\ABC\.vscode\extensions\redhat.java-1.47.0-win32-x64\jre\21.0.8-win32-x86_64\bin\instrument.dll, loaded, initialized, instrumentlib options:none

dbghelp: loaded successfully - version: 4.0.5 - missing functions: none
symbol engine: initialized successfully - sym options: 0x614 - pdb path: .;c:\Users\ABC\.vscode\extensions\redhat.java-1.47.0-win32-x64\jre\21.0.8-win32-x86_64\bin;C:\WINDOWS\SYSTEM32;C:\WINDOWS\WinSxS\amd64_microsoft.windows.common-controls_6595b64144ccf1df_6.0.26100.7019_none_3e06ffa0e335b8a8;c:\Users\ABC\.vscode\extensions\redhat.java-1.47.0-win32-x64\jre\21.0.8-win32-x86_64\bin\server;C:\Users\ABC\AppData\Roaming\Code\User\globalStorage\redhat.java\1.47.0\config_win\org.eclipse.equinox.launcher\org.eclipse.equinox.launcher.win32.win32.x86_64_1.2.1400.v20250801-0854;C:\Users\ABC\AppData\Local\Temp\jna-64578

VM Arguments:
jvm_args: --add-modules=ALL-SYSTEM --add-opens=java.base/java.util=ALL-UNNAMED --add-opens=java.base/java.lang=ALL-UNNAMED --add-opens=java.base/sun.nio.fs=ALL-UNNAMED -Declipse.application=org.eclipse.jdt.ls.core.id1 -Dosgi.bundles.defaultStartLevel=4 -Declipse.product=org.eclipse.jdt.ls.core.product -Djava.import.generatesMetadataFilesAtProjectRoot=false -DDetectVMInstallationsJob.disabled=true -Dfile.encoding=utf8 -XX:+UseParallelGC -XX:GCTimeRatio=4 -XX:AdaptiveSizePolicyWeight=90 -Dsun.zip.disableMemoryMapping=true -Xmx2G -Xms100m -Xlog:disable -javaagent:c:\Users\ABC\.vscode\extensions\redhat.java-1.47.0-win32-x64\lombok\lombok-1.18.39-4050.jar -XX:+HeapDumpOnOutOfMemoryError -XX:HeapDumpPath=c:\Users\ABC\AppData\Roaming\Code\User\workspaceStorage\09900b7bbfc0595375470d97b0339163\redhat.java -Daether.dependencyCollector.impl=bf 
java_command: c:\Users\ABC\.vscode\extensions\redhat.java-1.47.0-win32-x64\server\plugins\org.eclipse.equinox.launcher_1.7.100.v20251014-1222.jar -configuration c:\Users\ABC\AppData\Roaming\Code\User\globalStorage\redhat.java\1.47.0\config_win -data c:\Users\ABC\AppData\Roaming\Code\User\workspaceStorage\09900b7bbfc0595375470d97b0339163\redhat.java\jdt_ws --pipe=\\.\pipe\lsp-f16119b70fb090569d326e275c379976-sock
java_class_path (initial): c:\Users\ABC\.vscode\extensions\redhat.java-1.47.0-win32-x64\server\plugins\org.eclipse.equinox.launcher_1.7.100.v20251014-1222.jar
Launcher Type: SUN_STANDARD

[Global flags]
    uintx AdaptiveSizePolicyWeight                 = 90                                        {product} {command line}
     intx CICompilerCount                          = 4                                         {product} {ergonomic}
    uintx GCTimeRatio                              = 4                                         {product} {command line}
     bool HeapDumpOnOutOfMemoryError               = true                                   {manageable} {command line}
    ccstr HeapDumpPath                             = c:\Users\ABC\AppData\Roaming\Code\User\workspaceStorage\09900b7bbfc0595375470d97b0339163\redhat.java         {manageable} {command line}
   size_t InitialHeapSize                          = 104857600                                 {product} {command line}
   size_t MaxHeapSize                              = 2147483648                                {product} {command line}
   size_t MaxNewSize                               = 715653120                                 {product} {ergonomic}
   size_t MinHeapDeltaBytes                        = 524288                                    {product} {ergonomic}
   size_t MinHeapSize                              = 104857600                                 {product} {command line}
   size_t NewSize                                  = 34603008                                  {product} {ergonomic}
    uintx NonNMethodCodeHeapSize                   = 5839372                                {pd product} {ergonomic}
    uintx NonProfiledCodeHeapSize                  = 122909434                              {pd product} {ergonomic}
   size_t OldSize                                  = 70254592                                  {product} {ergonomic}
    uintx ProfiledCodeHeapSize                     = 122909434                              {pd product} {ergonomic}
    uintx ReservedCodeCacheSize                    = 251658240                              {pd product} {ergonomic}
     bool SegmentedCodeCache                       = true                                      {product} {ergonomic}
   size_t SoftMaxHeapSize                          = 2147483648                             {manageable} {ergonomic}
     bool UseCompressedOops                        = true                           {product lp64_product} {ergonomic}
     bool UseLargePagesIndividualAllocation        = false                                  {pd product} {ergonomic}
     bool UseParallelGC                            = true                                      {product} {command line}

Logging:
Log output configuration:
 #0: stdout all=off uptime,level,tags foldmultilines=false
 #1: stderr all=off uptime,level,tags foldmultilines=false

Environment Variables:
PATH=C:\Program Files\Common Files\Oracle\Java\javapath;C:\Program Files (x86)\Common Files\Oracle\Java\java8path;C:\Program Files (x86)\Common Files\Oracle\Java\javapath;C:\WINDOWS\system32;C:\WINDOWS;C:\WINDOWS\System32\Wbem;C:\WINDOWS\System32\WindowsPowerShell\v1.0\;C:\WINDOWS\System32\OpenSSH\;C:\Users\ABC\Downloads\apache-maven-3.9.9-bin\apache-maven-3.9.9\bin;D:\node;D:\github\Git\cmd;C:\Users\ABC\AppData\Local\Programs\Python\Python313\Scripts\;C:\Users\ABC\AppData\Local\Programs\Python\Python313\;C:\Users\ABC\scoop\shims;C:\Users\ABC\AppData\Local\Microsoft\WindowsApps;C:\msys64\ucrt64\bin;C:\msys64\mingw64\bin;D:\intelij\IntelliJ IDEA 2024.2.1\bin;;C:\Program Files\JetBrains\IntelliJ IDEA Community Edition 2024.2.1\bin;;D:\Microsoft VS Code\bin;D:\vscode\chromedriver-win64;C:\Users\ABC\Downloads\apache-maven-3.9.9-bin\apache-maven-3.9.9\bin;D:\node;
USERNAME=ABC
OS=Windows_NT
PROCESSOR_IDENTIFIER=Intel64 Family 6 Model 140 Stepping 1, GenuineIntel
TMP=C:\Users\ABC\AppData\Local\Temp
TEMP=C:\Users\ABC\AppData\Local\Temp




Periodic native trim disabled

---------------  S Y S T E M  ---------------

OS:
 Windows 11 , 64 bit Build 26100 (10.0.26100.7019)
OS uptime: 1 days 0:51 hours

CPU: total 8 (initial active 8) (4 cores per cpu, 2 threads per core) family 6 model 140 stepping 1 microcode 0xa4, cx8, cmov, fxsr, ht, mmx, 3dnowpref, sse, sse2, sse3, ssse3, sse4.1, sse4.2, popcnt, lzcnt, tsc, tscinvbit, avx, avx2, aes, erms, clmul, bmi1, bmi2, adx, avx512f, avx512dq, avx512cd, avx512bw, avx512vl, sha, fma, vzeroupper, avx512_vpopcntdq, avx512_vpclmulqdq, avx512_vaes, avx512_vnni, clflush, clflushopt, clwb, avx512_vbmi2, avx512_vbmi, rdtscp, rdpid, fsrm, gfni, avx512_bitalg, f16c, pku, cet_ibt, cet_ss, avx512_ifma
Processor Information for processor 0
  Max Mhz: 2611, Current Mhz: 1004, Mhz Limit: 2611
Processor Information for processor 1
  Max Mhz: 2611, Current Mhz: 1004, Mhz Limit: 2611
Processor Information for processor 2
  Max Mhz: 2611, Current Mhz: 1004, Mhz Limit: 2611
Processor Information for processor 3
  Max Mhz: 2611, Current Mhz: 1004, Mhz Limit: 2611
Processor Information for processor 4
  Max Mhz: 2611, Current Mhz: 2611, Mhz Limit: 2611
Processor Information for processor 5
  Max Mhz: 2611, Current Mhz: 2611, Mhz Limit: 2611
Processor Information for processor 6
  Max Mhz: 2611, Current Mhz: 2611, Mhz Limit: 2611
Processor Information for processor 7
  Max Mhz: 2611, Current Mhz: 2611, Mhz Limit: 2611

Memory: 4k page, system-wide physical 7934M (547M free)
TotalPageFile size 19460M (AvailPageFile size 4M)
current process WorkingSet (physical memory assigned to process): 661M, peak: 741M
current process commit charge ("private bytes"): 722M, peak: 723M

vm_info: OpenJDK 64-Bit Server VM (21.0.8+9-LTS) for windows-amd64 JRE (21.0.8+9-LTS), built on 2025-07-15T00:00:00Z by "admin" with MS VC++ 17.7 (VS2022)

END.
