#
# There is insufficient memory for the Java Runtime Environment to continue.
# Native memory allocation (malloc) failed to allocate 227056 bytes. Error detail: Chunk::new
# Possible reasons:
#   The system is out of physical RAM or swap space
#   This process is running with CompressedOops enabled, and the Java Heap may be blocking the growth of the native heap
# Possible solutions:
#   Reduce memory load on the system
#   Increase physical memory or swap space
#   Check if swap backing store is full
#   Decrease Java heap size (-Xmx/-Xms)
#   Decrease number of Java threads
#   Decrease Java thread stack sizes (-Xss)
#   Set larger code cache with -XX:ReservedCodeCacheSize=
#   JVM is running with Unscaled Compressed Oops mode in which the Java heap is
#     placed in the first 4GB address space. The Java Heap base address is the
#     maximum limit for the native heap growth. Please use -XX:HeapBaseMinAddress
#     to set the Java Heap base and to place the Java Heap above 4GB virtual address.
# This output file may be truncated or incomplete.
#
#  Out of Memory Error (arena.cpp:168), pid=13432, tid=3300
#
# JRE version: OpenJDK Runtime Environment Temurin-21.0.8+9 (21.0.8+9) (build 21.0.8+9-LTS)
# Java VM: OpenJDK 64-Bit Server VM Temurin-21.0.8+9 (21.0.8+9-LTS, mixed mode, sharing, tiered, compressed oops, compressed class ptrs, parallel gc, windows-amd64)
# No core dump will be written. Minidumps are not enabled by default on client versions of Windows
#

---------------  S U M M A R Y ------------

Command Line: --add-modules=ALL-SYSTEM --add-opens=java.base/java.util=ALL-UNNAMED --add-opens=java.base/java.lang=ALL-UNNAMED --add-opens=java.base/sun.nio.fs=ALL-UNNAMED -Declipse.application=org.eclipse.jdt.ls.core.id1 -Dosgi.bundles.defaultStartLevel=4 -Declipse.product=org.eclipse.jdt.ls.core.product -Djava.import.generatesMetadataFilesAtProjectRoot=false -DDetectVMInstallationsJob.disabled=true -Dfile.encoding=utf8 -XX:+UseParallelGC -XX:GCTimeRatio=4 -XX:AdaptiveSizePolicyWeight=90 -Dsun.zip.disableMemoryMapping=true -Xmx2G -Xms100m -Xlog:disable -javaagent:c:\Users\ABC\.vscode\extensions\redhat.java-1.47.0-win32-x64\lombok\lombok-1.18.39-4050.jar c:\Users\ABC\.vscode\extensions\redhat.java-1.47.0-win32-x64\server\plugins\org.eclipse.equinox.launcher_1.7.100.v20251014-1222.jar -configuration c:\Users\ABC\AppData\Roaming\Code\User\globalStorage\redhat.java\1.47.0\config_ss_win -data c:\Users\ABC\AppData\Roaming\Code\User\workspaceStorage\2174e5c66383deb39b9c8c83553f5766\redhat.java\ss_ws --pipe=\\.\pipe\lsp-b85b428e0e62a663a5ab53e9f5174758-sock

Host: 11th Gen Intel(R) Core(TM) i5-11300H @ 3.10GHz, 8 cores, 7G,  Windows 11 , 64 bit Build 26100 (10.0.26100.7019)
Time: Sat Nov 15 19:37:20 2025 SE Asia Standard Time elapsed time: 6.115013 seconds (0d 0h 0m 6s)

---------------  T H R E A D  ---------------

Current thread (0x00000209996eae00):  JavaThread "C2 CompilerThread0" daemon [_thread_in_native, id=3300, stack(0x000000df80200000,0x000000df80300000) (1024K)]


Current CompileTask:
C2:6115 1647   !   4       java.lang.String::<init> (890 bytes)

Stack: [0x000000df80200000,0x000000df80300000]
Native frames: (J=compiled Java code, j=interpreted, Vv=VM code, C=native code)
V  [jvm.dll+0x6d2449]
V  [jvm.dll+0x8ae341]
V  [jvm.dll+0x8b08be]
V  [jvm.dll+0x8b0fa3]
V  [jvm.dll+0x280c96]
V  [jvm.dll+0xc581d]
V  [jvm.dll+0xc5d53]
V  [jvm.dll+0x2f539d]
V  [jvm.dll+0x5fa00a]
V  [jvm.dll+0x252092]
V  [jvm.dll+0x25244f]
V  [jvm.dll+0x24ad14]
V  [jvm.dll+0x2483a4]
V  [jvm.dll+0x1c89ee]
V  [jvm.dll+0x257d4d]
V  [jvm.dll+0x2562ea]
V  [jvm.dll+0x3f2d16]
V  [jvm.dll+0x857e6b]
V  [jvm.dll+0x6d0b0d]
C  [ucrtbase.dll+0x37b0]
C  [KERNEL32.DLL+0x2e8d7]
C  [ntdll.dll+0x8c53c]


---------------  P R O C E S S  ---------------

Threads class SMR info:
_java_thread_list=0x00000209e0c74ea0, length=14, elements={
0x0000020980999950, 0x00000209996cc8f0, 0x00000209996cd700, 0x00000209996d4260,
0x00000209996d72a0, 0x00000209996d92e0, 0x00000209996e0830, 0x00000209996eae00,
0x00000209996ee030, 0x00000209e00c6950, 0x00000209e0320630, 0x00000209e03308d0,
0x00000209e03f7680, 0x00000209e08fb250
}

Java Threads: ( => current thread )
  0x0000020980999950 JavaThread "main"                              [_thread_in_Java, id=12544, stack(0x000000dfff800000,0x000000dfff900000) (1024K)]
  0x00000209996cc8f0 JavaThread "Reference Handler"          daemon [_thread_blocked, id=20812, stack(0x000000dfffc00000,0x000000dfffd00000) (1024K)]
  0x00000209996cd700 JavaThread "Finalizer"                  daemon [_thread_blocked, id=7176, stack(0x000000dfffd00000,0x000000dfffe00000) (1024K)]
  0x00000209996d4260 JavaThread "Signal Dispatcher"          daemon [_thread_blocked, id=14360, stack(0x000000dfffe00000,0x000000dffff00000) (1024K)]
  0x00000209996d72a0 JavaThread "Attach Listener"            daemon [_thread_blocked, id=16228, stack(0x000000dffff00000,0x000000e000000000) (1024K)]
  0x00000209996d92e0 JavaThread "Service Thread"             daemon [_thread_blocked, id=10608, stack(0x000000df80000000,0x000000df80100000) (1024K)]
  0x00000209996e0830 JavaThread "Monitor Deflation Thread"   daemon [_thread_blocked, id=2652, stack(0x000000df80100000,0x000000df80200000) (1024K)]
=>0x00000209996eae00 JavaThread "C2 CompilerThread0"         daemon [_thread_in_native, id=3300, stack(0x000000df80200000,0x000000df80300000) (1024K)]
  0x00000209996ee030 JavaThread "C1 CompilerThread0"         daemon [_thread_in_native, id=1684, stack(0x000000df80300000,0x000000df80400000) (1024K)]
  0x00000209e00c6950 JavaThread "Common-Cleaner"             daemon [_thread_blocked, id=22408, stack(0x000000df80400000,0x000000df80500000) (1024K)]
  0x00000209e0320630 JavaThread "Notification Thread"        daemon [_thread_blocked, id=12528, stack(0x000000df80500000,0x000000df80600000) (1024K)]
  0x00000209e03308d0 JavaThread "C2 CompilerThread1"         daemon [_thread_blocked, id=18312, stack(0x000000df80600000,0x000000df80700000) (1024K)]
  0x00000209e03f7680 JavaThread "C2 CompilerThread2"         daemon [_thread_blocked, id=4840, stack(0x000000df80700000,0x000000df80800000) (1024K)]
  0x00000209e08fb250 JavaThread "Active Thread: Equinox Container: df51a6ff-0d7a-4df0-a3c7-a7be0359bf1c"        [_thread_blocked, id=11836, stack(0x000000df80e00000,0x000000df80f00000) (1024K)]
Total: 14

Other Threads:
  0x00000209996b0cd0 VMThread "VM Thread"                           [id=19228, stack(0x000000dfffb00000,0x000000dfffc00000) (1024K)]
  0x00000209995ec7e0 WatcherThread "VM Periodic Task Thread"        [id=20820, stack(0x000000dfffa00000,0x000000dfffb00000) (1024K)]
  0x0000020982c8c020 WorkerThread "GC Thread#0"                     [id=7524, stack(0x000000dfff900000,0x000000dfffa00000) (1024K)]
  0x00000209e0c1a0a0 WorkerThread "GC Thread#1"                     [id=8796, stack(0x000000df80800000,0x000000df80900000) (1024K)]
  0x00000209e0c8d400 WorkerThread "GC Thread#2"                     [id=1188, stack(0x000000df80900000,0x000000df80a00000) (1024K)]
  0x00000209e04efd80 WorkerThread "GC Thread#3"                     [id=19212, stack(0x000000df80a00000,0x000000df80b00000) (1024K)]
  0x00000209e0c1ca70 WorkerThread "GC Thread#4"                     [id=17780, stack(0x000000df80b00000,0x000000df80c00000) (1024K)]
  0x00000209e0c1ce10 WorkerThread "GC Thread#5"                     [id=21572, stack(0x000000df80c00000,0x000000df80d00000) (1024K)]
  0x00000209e0c1d1b0 WorkerThread "GC Thread#6"                     [id=14332, stack(0x000000df80d00000,0x000000df80e00000) (1024K)]
Total: 9

Threads with active compile tasks:
C2 CompilerThread0  6136 1647   !   4       java.lang.String::<init> (890 bytes)
C1 CompilerThread0  6136 1701       3       org.eclipse.osgi.internal.framework.EquinoxConfiguration$ConfigValues::internalGet (24 bytes)
C2 CompilerThread1  6136 1702       4       java.io.WinNTFileSystem::normalize (143 bytes)
Total: 3

VM state: not at safepoint (normal execution)

VM Mutex/Monitor currently owned by a thread:  ([mutex/lock_event])
[0x00007ffd35cb3fd8] MethodCompileQueue_lock - owner thread: 0x00000209996ee030

Heap address: 0x0000000080000000, size: 2048 MB, Compressed Oops mode: 32-bit

CDS archive(s) mapped at: [0x000002099a000000-0x000002099aba0000-0x000002099aba0000), size 12189696, SharedBaseAddress: 0x000002099a000000, ArchiveRelocationMode: 1.
Compressed class space mapped at: 0x000002099b000000-0x00000209db000000, reserved size: 1073741824
Narrow klass base: 0x000002099a000000, Narrow klass shift: 0, Narrow klass range: 0x100000000

GC Precious Log:
 CardTable entry size: 512
 CPUs: 8 total, 8 available
 Memory: 7934M
 Large Page Support: Disabled
 NUMA Support: Disabled
 Compressed Oops: Enabled (32-bit)
 Alignments: Space 512K, Generation 512K, Heap 2M
 Heap Min Capacity: 100M
 Heap Initial Capacity: 100M
 Heap Max Capacity: 2G
 Pre-touch: Disabled
 Parallel Workers: 8

Heap:
 PSYoungGen      total 29696K, used 26331K [0x00000000d5580000, 0x00000000d7680000, 0x0000000100000000)
  eden space 25600K, 89% used [0x00000000d5580000,0x00000000d6bfcf20,0x00000000d6e80000)
  from space 4096K, 80% used [0x00000000d6e80000,0x00000000d71b9e98,0x00000000d7280000)
  to   space 4096K, 0% used [0x00000000d7280000,0x00000000d7280000,0x00000000d7680000)
 ParOldGen       total 68608K, used 16K [0x0000000080000000, 0x0000000084300000, 0x00000000d5580000)
  object space 68608K, 0% used [0x0000000080000000,0x0000000080004000,0x0000000084300000)
 Metaspace       used 7879K, committed 8128K, reserved 1114112K
  class space    used 829K, committed 960K, reserved 1048576K

Card table byte_map: [0x0000020982610000,0x0000020982a20000] _byte_map_base: 0x0000020982210000

Marking Bits: (ParMarkBitMap*) 0x00007ffd35cba340
 Begin Bits: [0x0000020995110000, 0x0000020997110000)
 End Bits:   [0x0000020997110000, 0x0000020999110000)

Polling page: 0x0000020980b10000

Metaspace:

Usage:
  Non-class:      6.88 MB used.
      Class:    829.41 KB used.
       Both:      7.69 MB used.

Virtual space:
  Non-class space:       64.00 MB reserved,       7.00 MB ( 11%) committed,  1 nodes.
      Class space:        1.00 GB reserved,     960.00 KB ( <1%) committed,  1 nodes.
             Both:        1.06 GB reserved,       7.94 MB ( <1%) committed. 

Chunk freelists:
   Non-Class:  8.83 MB
       Class:  14.91 MB
        Both:  23.73 MB

MaxMetaspaceSize: unlimited
CompressedClassSpaceSize: 1.00 GB
Initial GC threshold: 21.00 MB
Current GC threshold: 21.00 MB
CDS: on
 - commit_granule_bytes: 65536.
 - commit_granule_words: 8192.
 - virtual_space_node_default_size: 8388608.
 - enlarge_chunks_in_place: 1.
 - use_allocation_guard: 0.


Internal statistics:

num_allocs_failed_limit: 0.
num_arena_births: 228.
num_arena_deaths: 0.
num_vsnodes_births: 2.
num_vsnodes_deaths: 0.
num_space_committed: 127.
num_space_uncommitted: 0.
num_chunks_returned_to_freelist: 0.
num_chunks_taken_from_freelist: 417.
num_chunk_merges: 0.
num_chunk_splits: 268.
num_chunks_enlarged: 178.
num_inconsistent_stats: 0.

CodeHeap 'non-profiled nmethods': size=120000Kb used=722Kb max_used=722Kb free=119277Kb
 bounds [0x000002098d930000, 0x000002098dba0000, 0x0000020994e60000]
CodeHeap 'profiled nmethods': size=120000Kb used=3007Kb max_used=3007Kb free=116992Kb
 bounds [0x0000020985e60000, 0x0000020986150000, 0x000002098d390000]
CodeHeap 'non-nmethods': size=5760Kb used=1227Kb max_used=1249Kb free=4532Kb
 bounds [0x000002098d390000, 0x000002098d600000, 0x000002098d930000]
CodeCache: size=245760Kb, used=4956Kb, max_used=4978Kb, free=240801Kb
 total_blobs=2180, nmethods=1697, adapters=390, full_count=0
Compilation: enabled, stopped_count=0, restarted_count=0

Compilation events (20 events):
Event: 4.091 Thread 0x00000209996ee030 nmethod 1660 0x0000020986139010 code [0x00000209861391c0, 0x0000020986139398]
Event: 4.091 Thread 0x00000209996ee030 1661       3       java.util.zip.CRC32::<init> (5 bytes)
Event: 4.091 Thread 0x00000209996ee030 nmethod 1661 0x0000020986139490 code [0x0000020986139640, 0x00000209861397a8]
Event: 4.091 Thread 0x00000209996ee030 1662       3       java.util.zip.CRC32::update (38 bytes)
Event: 4.091 Thread 0x00000209996ee030 nmethod 1662 0x0000020986139890 code [0x0000020986139a80, 0x0000020986139ea8]
Event: 4.091 Thread 0x00000209996ee030 1663       3       java.util.zip.CRC32::updateBytes (14 bytes)
Event: 4.091 Thread 0x00000209996ee030 nmethod 1663 0x000002098613a090 code [0x000002098613a260, 0x000002098613a610]
Event: 4.091 Thread 0x00000209996ee030 1664       3       java.util.zip.Checksum::update (11 bytes)
Event: 4.091 Thread 0x00000209996ee030 nmethod 1664 0x000002098613a810 code [0x000002098613a9c0, 0x000002098613ab60]
Event: 4.091 Thread 0x00000209996ee030 1665       3       java.util.jar.JarVerifier$VerifierStream::close (30 bytes)
Event: 4.091 Thread 0x00000209996ee030 nmethod 1665 0x000002098613ac90 code [0x000002098613ae40, 0x000002098613b090]
Event: 4.092 Thread 0x00000209996ee030 1666   !   3       java.security.Security::getSpiClass (75 bytes)
Event: 4.092 Thread 0x00000209996ee030 nmethod 1666 0x000002098613b190 code [0x000002098613b440, 0x000002098613bdb8]
Event: 4.092 Thread 0x00000209996ee030 1667       3       sun.security.jca.GetInstance::getService (66 bytes)
Event: 4.092 Thread 0x00000209e03308d0 nmethod 1651 0x000002098d9e2d90 code [0x000002098d9e2f20, 0x000002098d9e3240]
Event: 4.092 Thread 0x00000209996ee030 nmethod 1667 0x000002098613c290 code [0x000002098613c520, 0x000002098613ced8]
Event: 4.093 Thread 0x00000209996ee030 1668   !   3       java.net.URLClassLoader$1::run (81 bytes)
Event: 4.094 Thread 0x00000209996ee030 nmethod 1668 0x000002098613d290 code [0x000002098613d640, 0x000002098613eb08]
Event: 4.094 Thread 0x00000209996ee030 1669       3       java.util.zip.ZipCoder$UTF8ZipCoder::hasTrailingSlash (20 bytes)
Event: 6.113 Thread 0x00000209996ee030 nmethod 1669 0x000002098613f390 code [0x000002098613f540, 0x000002098613f700]

GC Heap History (2 events):
Event: 3.614 GC heap before
{Heap before GC invocations=1 (full 0):
 PSYoungGen      total 29696K, used 25600K [0x00000000d5580000, 0x00000000d7680000, 0x0000000100000000)
  eden space 25600K, 100% used [0x00000000d5580000,0x00000000d6e80000,0x00000000d6e80000)
  from space 4096K, 0% used [0x00000000d7280000,0x00000000d7280000,0x00000000d7680000)
  to   space 4096K, 0% used [0x00000000d6e80000,0x00000000d6e80000,0x00000000d7280000)
 ParOldGen       total 68608K, used 0K [0x0000000080000000, 0x0000000084300000, 0x00000000d5580000)
  object space 68608K, 0% used [0x0000000080000000,0x0000000080000000,0x0000000084300000)
 Metaspace       used 4313K, committed 4544K, reserved 1114112K
  class space    used 472K, committed 576K, reserved 1048576K
}
Event: 3.622 GC heap after
{Heap after GC invocations=1 (full 0):
 PSYoungGen      total 29696K, used 3303K [0x00000000d5580000, 0x00000000d7680000, 0x0000000100000000)
  eden space 25600K, 0% used [0x00000000d5580000,0x00000000d5580000,0x00000000d6e80000)
  from space 4096K, 80% used [0x00000000d6e80000,0x00000000d71b9e98,0x00000000d7280000)
  to   space 4096K, 0% used [0x00000000d7280000,0x00000000d7280000,0x00000000d7680000)
 ParOldGen       total 68608K, used 16K [0x0000000080000000, 0x0000000084300000, 0x00000000d5580000)
  object space 68608K, 0% used [0x0000000080000000,0x0000000080004000,0x0000000084300000)
 Metaspace       used 4313K, committed 4544K, reserved 1114112K
  class space    used 472K, committed 576K, reserved 1048576K
}

Dll operation events (8 events):
Event: 0.010 Loaded shared library c:\Users\ABC\.vscode\extensions\redhat.java-1.47.0-win32-x64\jre\21.0.8-win32-x86_64\bin\java.dll
Event: 0.058 Loaded shared library c:\Users\ABC\.vscode\extensions\redhat.java-1.47.0-win32-x64\jre\21.0.8-win32-x86_64\bin\zip.dll
Event: 2.111 Loaded shared library C:\Users\ABC\.vscode\extensions\redhat.java-1.47.0-win32-x64\jre\21.0.8-win32-x86_64\bin\instrument.dll
Event: 2.115 Loaded shared library C:\Users\ABC\.vscode\extensions\redhat.java-1.47.0-win32-x64\jre\21.0.8-win32-x86_64\bin\net.dll
Event: 2.116 Loaded shared library C:\Users\ABC\.vscode\extensions\redhat.java-1.47.0-win32-x64\jre\21.0.8-win32-x86_64\bin\nio.dll
Event: 2.119 Loaded shared library C:\Users\ABC\.vscode\extensions\redhat.java-1.47.0-win32-x64\jre\21.0.8-win32-x86_64\bin\zip.dll
Event: 2.130 Loaded shared library C:\Users\ABC\.vscode\extensions\redhat.java-1.47.0-win32-x64\jre\21.0.8-win32-x86_64\bin\jimage.dll
Event: 2.176 Loaded shared library c:\Users\ABC\.vscode\extensions\redhat.java-1.47.0-win32-x64\jre\21.0.8-win32-x86_64\bin\verify.dll

Deoptimization events (20 events):
Event: 4.056 Thread 0x0000020980999950 DEOPT PACKING pc=0x000002098d9958d8 sp=0x000000dfff8fe220
Event: 4.056 Thread 0x0000020980999950 DEOPT UNPACKING pc=0x000002098d3e6da2 sp=0x000000dfff8fe1b0 mode 2
Event: 4.057 Thread 0x0000020980999950 Uncommon trap: trap_request=0xffffffde fr.pc=0x000002098d9958d8 relative=0x0000000000000978
Event: 4.057 Thread 0x0000020980999950 Uncommon trap: reason=class_check action=maybe_recompile pc=0x000002098d9958d8 method=java.util.HashMap.putVal(ILjava/lang/Object;Ljava/lang/Object;ZZ)Ljava/lang/Object; @ 253 c2
Event: 4.057 Thread 0x0000020980999950 DEOPT PACKING pc=0x000002098d9958d8 sp=0x000000dfff8fe220
Event: 4.057 Thread 0x0000020980999950 DEOPT UNPACKING pc=0x000002098d3e6da2 sp=0x000000dfff8fe1b0 mode 2
Event: 4.086 Thread 0x0000020980999950 DEOPT PACKING pc=0x0000020985f58a8b sp=0x000000dfff8fc800
Event: 4.086 Thread 0x0000020980999950 DEOPT UNPACKING pc=0x000002098d3e78e2 sp=0x000000dfff8fbc78 mode 0
Event: 4.086 Thread 0x0000020980999950 DEOPT PACKING pc=0x0000020985fd5288 sp=0x000000dfff8fc400
Event: 4.086 Thread 0x0000020980999950 DEOPT UNPACKING pc=0x000002098d3e78e2 sp=0x000000dfff8fb880 mode 0
Event: 4.086 Thread 0x0000020980999950 DEOPT PACKING pc=0x0000020985f53f86 sp=0x000000dfff8fc2c0
Event: 4.086 Thread 0x0000020980999950 DEOPT UNPACKING pc=0x000002098d3e78e2 sp=0x000000dfff8fb740 mode 0
Event: 4.087 Thread 0x0000020980999950 DEOPT PACKING pc=0x0000020985fd5288 sp=0x000000dfff8fc710
Event: 4.087 Thread 0x0000020980999950 DEOPT UNPACKING pc=0x000002098d3e78e2 sp=0x000000dfff8fbb90 mode 0
Event: 4.088 Thread 0x0000020980999950 DEOPT PACKING pc=0x0000020985f53f86 sp=0x000000dfff8fc510
Event: 4.088 Thread 0x0000020980999950 DEOPT UNPACKING pc=0x000002098d3e78e2 sp=0x000000dfff8fb990 mode 0
Event: 4.088 Thread 0x0000020980999950 DEOPT PACKING pc=0x0000020985fd5288 sp=0x000000dfff8fc660
Event: 4.088 Thread 0x0000020980999950 DEOPT UNPACKING pc=0x000002098d3e78e2 sp=0x000000dfff8fbae0 mode 0
Event: 4.088 Thread 0x0000020980999950 DEOPT PACKING pc=0x0000020985fd5288 sp=0x000000dfff8fc960
Event: 4.088 Thread 0x0000020980999950 DEOPT UNPACKING pc=0x000002098d3e78e2 sp=0x000000dfff8fbde0 mode 0

Classes loaded (20 events):
Event: 4.042 Loading class java/net/ContentHandlerFactory
Event: 4.043 Loading class java/net/ContentHandlerFactory done
Event: 4.057 Loading class java/util/ConcurrentModificationException
Event: 4.057 Loading class java/util/ConcurrentModificationException done
Event: 4.063 Loading class java/util/LinkedList
Event: 4.063 Loading class java/util/AbstractSequentialList
Event: 4.063 Loading class java/util/AbstractSequentialList done
Event: 4.063 Loading class java/util/LinkedList done
Event: 4.069 Loading class java/net/ContentHandler
Event: 4.069 Loading class java/net/ContentHandler done
Event: 4.070 Loading class java/net/UrlDeserializedState
Event: 4.070 Loading class java/net/UrlDeserializedState done
Event: 4.070 Loading class java/lang/reflect/InaccessibleObjectException
Event: 4.070 Loading class java/lang/reflect/InaccessibleObjectException done
Event: 4.071 Loading class java/lang/StackWalker$Option
Event: 4.071 Loading class java/lang/StackWalker$Option done
Event: 4.081 Loading class javax/xml/parsers/ParserConfigurationException
Event: 4.081 Loading class javax/xml/parsers/ParserConfigurationException done
Event: 4.083 Loading class java/security/KeyStoreException
Event: 4.083 Loading class java/security/KeyStoreException done

Classes unloaded (0 events):
No events

Classes redefined (0 events):
No events

Internal exceptions (20 events):
Event: 3.473 Thread 0x0000020980999950 Exception <a 'java/lang/NoSuchMethodError'{0x00000000d65fadf8}: 'java.lang.Object java.lang.invoke.DirectMethodHandle$Holder.invokeInterface(java.lang.Object, java.lang.Object, int)'> (0x00000000d65fadf8) 
thrown [s\src\hotspot\share\interpreter\linkResolver.cpp, line 773]
Event: 3.545 Thread 0x0000020980999950 Exception <a 'java/lang/NoSuchMethodError'{0x00000000d6a68628}: 'java.lang.ClassLoader java.lang.ClassLoader.getPlatformClassLoader(java.lang.Class)'> (0x00000000d6a68628) 
thrown [s\src\hotspot\share\interpreter\linkResolver.cpp, line 773]
Event: 3.625 Thread 0x0000020980999950 Exception <a 'java/lang/ClassNotFoundException'{0x00000000d5585878}: sun/net/www/protocol/c/Handler> (0x00000000d5585878) 
thrown [s\src\hotspot\share\classfile\systemDictionary.cpp, line 312]
Event: 3.625 Thread 0x0000020980999950 Exception <a 'java/lang/ClassNotFoundException'{0x00000000d5586c30}: sun/net/www/protocol/d/Handler> (0x00000000d5586c30) 
thrown [s\src\hotspot\share\classfile\systemDictionary.cpp, line 312]
Event: 3.625 Thread 0x0000020980999950 Exception <a 'java/lang/ClassNotFoundException'{0x00000000d5587e40}: sun/net/www/protocol/c/Handler> (0x00000000d5587e40) 
thrown [s\src\hotspot\share\classfile\systemDictionary.cpp, line 312]
Event: 3.634 Thread 0x0000020980999950 Exception <a 'java/io/FileNotFoundException'{0x00000000d55ac840}> (0x00000000d55ac840) 
thrown [s\src\hotspot\share\prims\jni.cpp, line 520]
Event: 3.675 Thread 0x0000020980999950 Implicit null exception at 0x000002098d988949 to 0x000002098d9892e0
Event: 3.675 Thread 0x0000020980999950 Implicit null exception at 0x000002098d98d49a to 0x000002098d98d6a0
Event: 3.676 Thread 0x0000020980999950 Exception <a 'java/lang/NoSuchMethodError'{0x00000000d571d610}: 'void java.lang.invoke.DirectMethodHandle$Holder.invokeStatic(java.lang.Object, java.lang.Object, java.lang.Object, java.lang.Object)'> (0x00000000d571d610) 
thrown [s\src\hotspot\share\interpreter\linkResolver.cpp, line 773]
Event: 3.678 Thread 0x0000020980999950 Implicit null exception at 0x000002098d991f9a to 0x000002098d9921a4
Event: 3.678 Thread 0x0000020980999950 Implicit null exception at 0x000002098d98b1bd to 0x000002098d98b241
Event: 3.757 Thread 0x0000020980999950 Exception <a 'java/lang/NoSuchMethodError'{0x00000000d59d1130}: 'void java.lang.invoke.DirectMethodHandle$Holder.invokeSpecial(java.lang.Object, java.lang.Object, java.lang.Object)'> (0x00000000d59d1130) 
thrown [s\src\hotspot\share\interpreter\linkResolver.cpp, line 773]
Event: 3.981 Thread 0x0000020980999950 Exception <a 'java/lang/NoSuchMethodError'{0x00000000d62828d8}: 'int java.lang.invoke.DirectMethodHandle$Holder.invokeVirtual(java.lang.Object, java.lang.Object)'> (0x00000000d62828d8) 
thrown [s\src\hotspot\share\interpreter\linkResolver.cpp, line 773]
Event: 4.018 Thread 0x0000020980999950 Exception <a 'java/lang/NoSuchMethodError'{0x00000000d63f5d30}: 'int java.lang.invoke.DirectMethodHandle$Holder.invokeStaticInit(java.lang.Object, java.lang.Object, java.lang.Object, java.lang.Object)'> (0x00000000d63f5d30) 
thrown [s\src\hotspot\share\interpreter\linkResolver.cpp, line 773]
Event: 4.019 Thread 0x0000020980999950 Exception <a 'java/lang/IncompatibleClassChangeError'{0x00000000d63fe1b8}: Found class java.lang.Object, but interface was expected> (0x00000000d63fe1b8) 
thrown [s\src\hotspot\share\interpreter\linkResolver.cpp, line 840]
Event: 4.019 Thread 0x0000020980999950 Exception <a 'java/lang/NoSuchMethodError'{0x00000000d64047a8}: 'void java.lang.invoke.DirectMethodHandle$Holder.invokeStaticInit(java.lang.Object, java.lang.Object)'> (0x00000000d64047a8) 
thrown [s\src\hotspot\share\interpreter\linkResolver.cpp, line 773]
Event: 4.020 Thread 0x0000020980999950 Exception <a 'java/lang/NoSuchMethodError'{0x00000000d640dae0}: 'int java.lang.invoke.DirectMethodHandle$Holder.invokeStaticInit(java.lang.Object, java.lang.Object)'> (0x00000000d640dae0) 
thrown [s\src\hotspot\share\interpreter\linkResolver.cpp, line 773]
Event: 4.048 Thread 0x0000020980999950 Exception <a 'java/lang/NoSuchMethodError'{0x00000000d6655798}: 'java.lang.Object java.lang.invoke.DirectMethodHandle$Holder.newInvokeSpecial(java.lang.Object, int, java.lang.Object)'> (0x00000000d6655798) 
thrown [s\src\hotspot\share\interpreter\linkResolver.cpp, line 773]
Event: 4.072 Thread 0x0000020980999950 Exception <a 'java/lang/ClassNotFoundException'{0x00000000d686c3f8}: sun/net/www/protocol/plurl/Handler> (0x00000000d686c3f8) 
thrown [s\src\hotspot\share\classfile\systemDictionary.cpp, line 312]
Event: 4.072 Thread 0x0000020980999950 Exception <a 'java/lang/ClassNotFoundException'{0x00000000d686d278}: sun/net/www/protocol/plurl/Handler> (0x00000000d686d278) 
thrown [s\src\hotspot\share\classfile\systemDictionary.cpp, line 312]

ZGC Phase Switch (0 events):
No events

VM Operations (20 events):
Event: 3.141 Executing VM operation: Cleanup
Event: 3.217 Executing VM operation: Cleanup done
Event: 3.393 Executing VM operation: HandshakeAllThreads (Deoptimize)
Event: 3.393 Executing VM operation: HandshakeAllThreads (Deoptimize) done
Event: 3.411 Executing VM operation: HandshakeAllThreads (Deoptimize)
Event: 3.411 Executing VM operation: HandshakeAllThreads (Deoptimize) done
Event: 3.596 Executing VM operation: HandshakeAllThreads (Deoptimize)
Event: 3.596 Executing VM operation: HandshakeAllThreads (Deoptimize) done
Event: 3.614 Executing VM operation: ParallelGCFailedAllocation (Allocation Failure)
Event: 3.622 Executing VM operation: ParallelGCFailedAllocation (Allocation Failure) done
Event: 4.036 Executing VM operation: HandshakeAllThreads (Deoptimize)
Event: 4.036 Executing VM operation: HandshakeAllThreads (Deoptimize) done
Event: 4.041 Executing VM operation: HandshakeAllThreads (Deoptimize)
Event: 4.041 Executing VM operation: HandshakeAllThreads (Deoptimize) done
Event: 4.063 Executing VM operation: HandshakeAllThreads (Deoptimize)
Event: 4.063 Executing VM operation: HandshakeAllThreads (Deoptimize) done
Event: 4.071 Executing VM operation: HandshakeAllThreads (Deoptimize)
Event: 4.071 Executing VM operation: HandshakeAllThreads (Deoptimize) done
Event: 5.070 Executing VM operation: Cleanup
Event: 5.071 Executing VM operation: Cleanup done

Memory protections (0 events):
No events

Nmethod flushes (0 events):
No events

Events (16 events):
Event: 0.024 Thread 0x0000020980999950 Thread added: 0x0000020980999950
Event: 0.034 Thread 0x0000020980999950 Thread added: 0x00000209996cc8f0
Event: 0.034 Thread 0x0000020980999950 Thread added: 0x00000209996cd700
Event: 0.034 Thread 0x0000020980999950 Thread added: 0x00000209996d4260
Event: 0.034 Thread 0x0000020980999950 Thread added: 0x00000209996d72a0
Event: 0.034 Thread 0x0000020980999950 Thread added: 0x00000209996d92e0
Event: 0.034 Thread 0x0000020980999950 Thread added: 0x00000209996e0830
Event: 0.034 Thread 0x0000020980999950 Thread added: 0x00000209996eae00
Event: 0.034 Thread 0x0000020980999950 Thread added: 0x00000209996ee030
Event: 0.050 Thread 0x0000020980999950 Thread added: 0x00000209e00c6950
Event: 2.171 Thread 0x00000209996eae00 Thread added: 0x00000209e0274cf0
Event: 3.219 Thread 0x00000209e0274cf0 Thread exited: 0x00000209e0274cf0
Event: 3.256 Thread 0x0000020980999950 Thread added: 0x00000209e0320630
Event: 3.259 Thread 0x00000209996ee030 Thread added: 0x00000209e03308d0
Event: 3.393 Thread 0x00000209996ee030 Thread added: 0x00000209e03f7680
Event: 4.029 Thread 0x0000020980999950 Thread added: 0x00000209e08fb250


Dynamic libraries:
0x00007ff74d330000 - 0x00007ff74d33e000 	c:\Users\ABC\.vscode\extensions\redhat.java-1.47.0-win32-x64\jre\21.0.8-win32-x86_64\bin\java.exe
0x00007ffdb56c0000 - 0x00007ffdb5928000 	C:\WINDOWS\SYSTEM32\ntdll.dll
0x00007ffdb4430000 - 0x00007ffdb44f9000 	C:\WINDOWS\System32\KERNEL32.DLL
0x00007ffdb2fb0000 - 0x00007ffdb33a8000 	C:\WINDOWS\System32\KERNELBASE.dll
0x00007ffdb2bb0000 - 0x00007ffdb2cfb000 	C:\WINDOWS\System32\ucrtbase.dll
0x00007ffd9d200000 - 0x00007ffd9d218000 	c:\Users\ABC\.vscode\extensions\redhat.java-1.47.0-win32-x64\jre\21.0.8-win32-x86_64\bin\jli.dll
0x00007ffd9ce60000 - 0x00007ffd9ce7e000 	c:\Users\ABC\.vscode\extensions\redhat.java-1.47.0-win32-x64\jre\21.0.8-win32-x86_64\bin\VCRUNTIME140.dll
0x00007ffdb3690000 - 0x00007ffdb3857000 	C:\WINDOWS\System32\USER32.dll
0x00007ffdb2d90000 - 0x00007ffdb2db7000 	C:\WINDOWS\System32\win32u.dll
0x00007ffd99a60000 - 0x00007ffd99cf4000 	C:\WINDOWS\WinSxS\amd64_microsoft.windows.common-controls_6595b64144ccf1df_6.0.26100.7019_none_3e06ffa0e335b8a8\COMCTL32.dll
0x00007ffdb3eb0000 - 0x00007ffdb3edb000 	C:\WINDOWS\System32\GDI32.dll
0x00007ffdb47f0000 - 0x00007ffdb4899000 	C:\WINDOWS\System32\msvcrt.dll
0x00007ffdb2dc0000 - 0x00007ffdb2eec000 	C:\WINDOWS\System32\gdi32full.dll
0x00007ffdb33b0000 - 0x00007ffdb3453000 	C:\WINDOWS\System32\msvcp_win.dll
0x00007ffdb3b20000 - 0x00007ffdb3b51000 	C:\WINDOWS\System32\IMM32.DLL
0x00007ffdac9e0000 - 0x00007ffdac9ec000 	c:\Users\ABC\.vscode\extensions\redhat.java-1.47.0-win32-x64\jre\21.0.8-win32-x86_64\bin\vcruntime140_1.dll
0x00007ffd94a40000 - 0x00007ffd94acd000 	c:\Users\ABC\.vscode\extensions\redhat.java-1.47.0-win32-x64\jre\21.0.8-win32-x86_64\bin\msvcp140.dll
0x00007ffd35000000 - 0x00007ffd35d97000 	c:\Users\ABC\.vscode\extensions\redhat.java-1.47.0-win32-x64\jre\21.0.8-win32-x86_64\bin\server\jvm.dll
0x00007ffdb3460000 - 0x00007ffdb3514000 	C:\WINDOWS\System32\ADVAPI32.dll
0x00007ffdb46f0000 - 0x00007ffdb4796000 	C:\WINDOWS\System32\sechost.dll
0x00007ffdb3980000 - 0x00007ffdb3a98000 	C:\WINDOWS\System32\RPCRT4.dll
0x00007ffdb3aa0000 - 0x00007ffdb3b14000 	C:\WINDOWS\System32\WS2_32.dll
0x00007ffdb2670000 - 0x00007ffdb26ce000 	C:\WINDOWS\SYSTEM32\POWRPROF.dll
0x00007ffda0860000 - 0x00007ffda086b000 	C:\WINDOWS\SYSTEM32\VERSION.dll
0x00007ffda8fd0000 - 0x00007ffda9005000 	C:\WINDOWS\SYSTEM32\WINMM.dll
0x00007ffdb2650000 - 0x00007ffdb2664000 	C:\WINDOWS\SYSTEM32\UMPDC.dll
0x00007ffdb15d0000 - 0x00007ffdb15eb000 	C:\WINDOWS\SYSTEM32\kernel.appcore.dll
0x00007ffdaa9b0000 - 0x00007ffdaa9ba000 	c:\Users\ABC\.vscode\extensions\redhat.java-1.47.0-win32-x64\jre\21.0.8-win32-x86_64\bin\jimage.dll
0x00007ffdb0080000 - 0x00007ffdb02c2000 	C:\WINDOWS\SYSTEM32\DBGHELP.DLL
0x00007ffdb3ee0000 - 0x00007ffdb426b000 	C:\WINDOWS\System32\combase.dll
0x00007ffdb3530000 - 0x00007ffdb3607000 	C:\WINDOWS\System32\OLEAUT32.dll
0x00007ffda8f90000 - 0x00007ffda8fcc000 	C:\WINDOWS\SYSTEM32\dbgcore.DLL
0x00007ffdb2b00000 - 0x00007ffdb2ba5000 	C:\WINDOWS\System32\bcryptPrimitives.dll
0x00007ffdaa040000 - 0x00007ffdaa04f000 	c:\Users\ABC\.vscode\extensions\redhat.java-1.47.0-win32-x64\jre\21.0.8-win32-x86_64\bin\instrument.dll
0x00007ffd9bb10000 - 0x00007ffd9bb2f000 	c:\Users\ABC\.vscode\extensions\redhat.java-1.47.0-win32-x64\jre\21.0.8-win32-x86_64\bin\java.dll
0x00007ffdb4f20000 - 0x00007ffdb566f000 	C:\WINDOWS\System32\SHELL32.dll
0x00007ffdb2990000 - 0x00007ffdb2afb000 	C:\WINDOWS\System32\wintypes.dll
0x00007ffdb02d0000 - 0x00007ffdb0b2d000 	C:\WINDOWS\SYSTEM32\windows.storage.dll
0x00007ffdb4990000 - 0x00007ffdb4a82000 	C:\WINDOWS\System32\SHCORE.dll
0x00007ffdb3880000 - 0x00007ffdb38e7000 	C:\WINDOWS\System32\shlwapi.dll
0x00007ffdb2730000 - 0x00007ffdb2759000 	C:\WINDOWS\SYSTEM32\profapi.dll
0x00007ffd9b280000 - 0x00007ffd9b298000 	c:\Users\ABC\.vscode\extensions\redhat.java-1.47.0-win32-x64\jre\21.0.8-win32-x86_64\bin\zip.dll
0x00007ffdaa020000 - 0x00007ffdaa030000 	C:\Users\ABC\.vscode\extensions\redhat.java-1.47.0-win32-x64\jre\21.0.8-win32-x86_64\bin\net.dll
0x00007ffda9630000 - 0x00007ffda9758000 	C:\WINDOWS\SYSTEM32\WINHTTP.dll
0x00007ffdb1b40000 - 0x00007ffdb1bab000 	C:\WINDOWS\system32\mswsock.dll
0x00007ffd9b1d0000 - 0x00007ffd9b1e6000 	C:\Users\ABC\.vscode\extensions\redhat.java-1.47.0-win32-x64\jre\21.0.8-win32-x86_64\bin\nio.dll
0x00007ffda6550000 - 0x00007ffda6560000 	c:\Users\ABC\.vscode\extensions\redhat.java-1.47.0-win32-x64\jre\21.0.8-win32-x86_64\bin\verify.dll

JVMTI agents:
c:\Users\ABC\.vscode\extensions\redhat.java-1.47.0-win32-x64\lombok\lombok-1.18.39-4050.jar path:c:\Users\ABC\.vscode\extensions\redhat.java-1.47.0-win32-x64\jre\21.0.8-win32-x86_64\bin\instrument.dll, loaded, initialized, instrumentlib options:none

dbghelp: loaded successfully - version: 4.0.5 - missing functions: none
symbol engine: initialized successfully - sym options: 0x614 - pdb path: .;c:\Users\ABC\.vscode\extensions\redhat.java-1.47.0-win32-x64\jre\21.0.8-win32-x86_64\bin;C:\WINDOWS\SYSTEM32;C:\WINDOWS\WinSxS\amd64_microsoft.windows.common-controls_6595b64144ccf1df_6.0.26100.7019_none_3e06ffa0e335b8a8;c:\Users\ABC\.vscode\extensions\redhat.java-1.47.0-win32-x64\jre\21.0.8-win32-x86_64\bin\server

VM Arguments:
jvm_args: --add-modules=ALL-SYSTEM --add-opens=java.base/java.util=ALL-UNNAMED --add-opens=java.base/java.lang=ALL-UNNAMED --add-opens=java.base/sun.nio.fs=ALL-UNNAMED -Declipse.application=org.eclipse.jdt.ls.core.id1 -Dosgi.bundles.defaultStartLevel=4 -Declipse.product=org.eclipse.jdt.ls.core.product -Djava.import.generatesMetadataFilesAtProjectRoot=false -DDetectVMInstallationsJob.disabled=true -Dfile.encoding=utf8 -XX:+UseParallelGC -XX:GCTimeRatio=4 -XX:AdaptiveSizePolicyWeight=90 -Dsun.zip.disableMemoryMapping=true -Xmx2G -Xms100m -Xlog:disable -javaagent:c:\Users\ABC\.vscode\extensions\redhat.java-1.47.0-win32-x64\lombok\lombok-1.18.39-4050.jar 
java_command: c:\Users\ABC\.vscode\extensions\redhat.java-1.47.0-win32-x64\server\plugins\org.eclipse.equinox.launcher_1.7.100.v20251014-1222.jar -configuration c:\Users\ABC\AppData\Roaming\Code\User\globalStorage\redhat.java\1.47.0\config_ss_win -data c:\Users\ABC\AppData\Roaming\Code\User\workspaceStorage\2174e5c66383deb39b9c8c83553f5766\redhat.java\ss_ws --pipe=\\.\pipe\lsp-b85b428e0e62a663a5ab53e9f5174758-sock
java_class_path (initial): c:\Users\ABC\.vscode\extensions\redhat.java-1.47.0-win32-x64\server\plugins\org.eclipse.equinox.launcher_1.7.100.v20251014-1222.jar
Launcher Type: SUN_STANDARD

[Global flags]
    uintx AdaptiveSizePolicyWeight                 = 90                                        {product} {command line}
     intx CICompilerCount                          = 4                                         {product} {ergonomic}
    uintx GCTimeRatio                              = 4                                         {product} {command line}
   size_t InitialHeapSize                          = 104857600                                 {product} {command line}
   size_t MaxHeapSize                              = 2147483648                                {product} {command line}
   size_t MaxNewSize                               = 715653120                                 {product} {ergonomic}
   size_t MinHeapDeltaBytes                        = 524288                                    {product} {ergonomic}
   size_t MinHeapSize                              = 104857600                                 {product} {command line}
   size_t NewSize                                  = 34603008                                  {product} {ergonomic}
    uintx NonNMethodCodeHeapSize                   = 5839372                                {pd product} {ergonomic}
    uintx NonProfiledCodeHeapSize                  = 122909434                              {pd product} {ergonomic}
   size_t OldSize                                  = 70254592                                  {product} {ergonomic}
    uintx ProfiledCodeHeapSize                     = 122909434                              {pd product} {ergonomic}
    uintx ReservedCodeCacheSize                    = 251658240                              {pd product} {ergonomic}
     bool SegmentedCodeCache                       = true                                      {product} {ergonomic}
   size_t SoftMaxHeapSize                          = 2147483648                             {manageable} {ergonomic}
     bool UseCompressedOops                        = true                           {product lp64_product} {ergonomic}
     bool UseLargePagesIndividualAllocation        = false                                  {pd product} {ergonomic}
     bool UseParallelGC                            = true                                      {product} {command line}

Logging:
Log output configuration:
 #0: stdout all=off uptime,level,tags foldmultilines=false
 #1: stderr all=off uptime,level,tags foldmultilines=false

Environment Variables:
PATH=C:\Program Files\Common Files\Oracle\Java\javapath;C:\Program Files (x86)\Common Files\Oracle\Java\java8path;C:\Program Files (x86)\Common Files\Oracle\Java\javapath;C:\WINDOWS\system32;C:\WINDOWS;C:\WINDOWS\System32\Wbem;C:\WINDOWS\System32\WindowsPowerShell\v1.0\;C:\WINDOWS\System32\OpenSSH\;C:\Users\ABC\Downloads\apache-maven-3.9.9-bin\apache-maven-3.9.9\bin;D:\node;D:\github\Git\cmd;C:\Users\ABC\AppData\Local\Programs\Python\Python313\Scripts\;C:\Users\ABC\AppData\Local\Programs\Python\Python313\;C:\Users\ABC\scoop\shims;C:\Users\ABC\AppData\Local\Microsoft\WindowsApps;C:\msys64\ucrt64\bin;C:\msys64\mingw64\bin;D:\intelij\IntelliJ IDEA 2024.2.1\bin;;C:\Program Files\JetBrains\IntelliJ IDEA Community Edition 2024.2.1\bin;;D:\Microsoft VS Code\bin;D:\vscode\chromedriver-win64;C:\Users\ABC\Downloads\apache-maven-3.9.9-bin\apache-maven-3.9.9\bin;D:\node;
USERNAME=ABC
OS=Windows_NT
PROCESSOR_IDENTIFIER=Intel64 Family 6 Model 140 Stepping 1, GenuineIntel
TMP=C:\Users\ABC\AppData\Local\Temp
TEMP=C:\Users\ABC\AppData\Local\Temp




Periodic native trim disabled

---------------  S Y S T E M  ---------------

OS:
 Windows 11 , 64 bit Build 26100 (10.0.26100.7019)
OS uptime: 1 days 3:47 hours

CPU: total 8 (initial active 8) (4 cores per cpu, 2 threads per core) family 6 model 140 stepping 1 microcode 0xa4, cx8, cmov, fxsr, ht, mmx, 3dnowpref, sse, sse2, sse3, ssse3, sse4.1, sse4.2, popcnt, lzcnt, tsc, tscinvbit, avx, avx2, aes, erms, clmul, bmi1, bmi2, adx, avx512f, avx512dq, avx512cd, avx512bw, avx512vl, sha, fma, vzeroupper, avx512_vpopcntdq, avx512_vpclmulqdq, avx512_vaes, avx512_vnni, clflush, clflushopt, clwb, avx512_vbmi2, avx512_vbmi, rdtscp, rdpid, fsrm, gfni, avx512_bitalg, f16c, pku, cet_ibt, cet_ss, avx512_ifma
Processor Information for the first 8 processors :
  Max Mhz: 2611, Current Mhz: 2611, Mhz Limit: 2611

Memory: 4k page, system-wide physical 7934M (695M free)
TotalPageFile size 19460M (AvailPageFile size 3M)
current process WorkingSet (physical memory assigned to process): 91M, peak: 91M
current process commit charge ("private bytes"): 242M, peak: 243M

vm_info: OpenJDK 64-Bit Server VM (21.0.8+9-LTS) for windows-amd64 JRE (21.0.8+9-LTS), built on 2025-07-15T00:00:00Z by "admin" with MS VC++ 17.7 (VS2022)

END.
